2017-08-31 03:43:10	admin	http://159.203.101.212/	Error: 	Uncaught Error: Call to a member function render() on null in /var/www/html/site/templates/header.php:40 Stack trace: #0 /var/www/html/site/assets/cache/FileCompiler/site/templates/home.php(1): include() #1 /var/www/html/wire/core/TemplateFile.php(268): require('/var/www/html/s...') #2 /var/www/html/wire/core/Wire.php(380): ProcessWire\TemplateFile->___render() #3 /var/www/html/wire/core/WireHooks.php(698): ProcessWire\Wire->_callMethod('___render', Array) #4 /var/www/html/wire/core/Wire.php(442): ProcessWire\WireHooks->runHooks(Object(ProcessWire\TemplateFile), 'render', Array) #5 /var/www/html/wire/modules/PageRender.module(514): ProcessWire\Wire->__call('render', Array) #6 /var/www/html/wire/core/Wire.php(383): ProcessWire\PageRender->___renderPage(Object(ProcessWire\HookEvent)) #7 /var/www/html/wire/core/WireHooks.php(698): ProcessWire\Wire->_callMethod('___renderPage', Array) #8 /var/www/html/wire/core/Wire.php(442): ProcessWire\WireHooks->runHooks(Object(ProcessWire\PageRender), 'renderPage', Array) #9  (line 40 of /var/www/html/site/templates/header.php)
2017-09-02 19:45:42	admin	http://159.203.101.212/blog/	Error: 	Uncaught Error: Class 'Comment' not found in /var/www/html/site/assets/cache/FileCompiler/site/modules/ProcessBlog/MarkupBlog.module:1563 Stack trace: #0 /var/www/html/site/assets/cache/FileCompiler/site/templates/blog-side-bar.inc(79): MarkupBlog->findRecentComments(0, 0, false) #1 /var/www/html/site/assets/cache/FileCompiler/site/templates/blog-main.inc(95): include_once('/var/www/html/s...') #2 /var/www/html/site/assets/cache/FileCompiler/site/templates/blog.php(29): require_once('/var/www/html/s...') #3 /var/www/html/wire/core/TemplateFile.php(268): require('/var/www/html/s...') #4 /var/www/html/wire/core/Wire.php(380): ProcessWire\TemplateFile->___render() #5 /var/www/html/wire/core/WireHooks.php(698): ProcessWire\Wire->_callMethod('___render', Array) #6 /var/www/html/wire/core/Wire.php(442): ProcessWire\WireHooks->runHooks(Object(ProcessWire\TemplateFile), 'render', Array) #7 /var/www/html/wire/modules/PageRender.module(514): ProcessWire\Wire->__call('render', Array) #8 /var/www/html/wire/core/Wire.php( (line 1563 of /var/www/html/site/assets/cache/FileCompiler/site/modules/ProcessBlog/MarkupBlog.module)
2017-09-02 19:46:08	admin	http://159.203.101.212/blog/	Error: 	Uncaught Error: Class 'Comment' not found in /var/www/html/site/assets/cache/FileCompiler/site/modules/ProcessBlog/MarkupBlog.module:1563 Stack trace: #0 /var/www/html/site/assets/cache/FileCompiler/site/templates/blog-side-bar.inc(79): MarkupBlog->findRecentComments(0, 0, false) #1 /var/www/html/site/assets/cache/FileCompiler/site/templates/blog-main.inc(95): include_once('/var/www/html/s...') #2 /var/www/html/site/assets/cache/FileCompiler/site/templates/blog.php(29): require_once('/var/www/html/s...') #3 /var/www/html/wire/core/TemplateFile.php(268): require('/var/www/html/s...') #4 /var/www/html/wire/core/Wire.php(380): ProcessWire\TemplateFile->___render() #5 /var/www/html/wire/core/WireHooks.php(698): ProcessWire\Wire->_callMethod('___render', Array) #6 /var/www/html/wire/core/Wire.php(442): ProcessWire\WireHooks->runHooks(Object(ProcessWire\TemplateFile), 'render', Array) #7 /var/www/html/wire/modules/PageRender.module(514): ProcessWire\Wire->__call('render', Array) #8 /var/www/html/wire/core/Wire.php( (line 1563 of /var/www/html/site/assets/cache/FileCompiler/site/modules/ProcessBlog/MarkupBlog.module)
2017-09-02 19:46:18	admin	http://159.203.101.212/blog/categories/	Error: 	Uncaught Error: Class 'Comment' not found in /var/www/html/site/assets/cache/FileCompiler/site/modules/ProcessBlog/MarkupBlog.module:1563 Stack trace: #0 /var/www/html/site/assets/cache/FileCompiler/site/templates/blog-side-bar.inc(79): MarkupBlog->findRecentComments(0, 0, false) #1 /var/www/html/site/assets/cache/FileCompiler/site/templates/blog-main.inc(95): include_once('/var/www/html/s...') #2 /var/www/html/site/assets/cache/FileCompiler/site/templates/blog-categories.php(23): require_once('/var/www/html/s...') #3 /var/www/html/wire/core/TemplateFile.php(268): require('/var/www/html/s...') #4 /var/www/html/wire/core/Wire.php(380): ProcessWire\TemplateFile->___render() #5 /var/www/html/wire/core/WireHooks.php(698): ProcessWire\Wire->_callMethod('___render', Array) #6 /var/www/html/wire/core/Wire.php(442): ProcessWire\WireHooks->runHooks(Object(ProcessWire\TemplateFile), 'render', Array) #7 /var/www/html/wire/modules/PageRender.module(514): ProcessWire\Wire->__call('render', Array) #8 /var/www/html/wire/cor (line 1563 of /var/www/html/site/assets/cache/FileCompiler/site/modules/ProcessBlog/MarkupBlog.module)
2017-09-02 19:46:20	admin	http://159.203.101.212/blog/tags/	Error: 	Uncaught Error: Class 'Comment' not found in /var/www/html/site/assets/cache/FileCompiler/site/modules/ProcessBlog/MarkupBlog.module:1563 Stack trace: #0 /var/www/html/site/assets/cache/FileCompiler/site/templates/blog-side-bar.inc(79): MarkupBlog->findRecentComments(0, 0, false) #1 /var/www/html/site/assets/cache/FileCompiler/site/templates/blog-main.inc(95): include_once('/var/www/html/s...') #2 /var/www/html/site/assets/cache/FileCompiler/site/templates/blog-tags.php(19): require_once('/var/www/html/s...') #3 /var/www/html/wire/core/TemplateFile.php(268): require('/var/www/html/s...') #4 /var/www/html/wire/core/Wire.php(380): ProcessWire\TemplateFile->___render() #5 /var/www/html/wire/core/WireHooks.php(698): ProcessWire\Wire->_callMethod('___render', Array) #6 /var/www/html/wire/core/Wire.php(442): ProcessWire\WireHooks->runHooks(Object(ProcessWire\TemplateFile), 'render', Array) #7 /var/www/html/wire/modules/PageRender.module(514): ProcessWire\Wire->__call('render', Array) #8 /var/www/html/wire/core/Wire (line 1563 of /var/www/html/site/assets/cache/FileCompiler/site/modules/ProcessBlog/MarkupBlog.module)
2017-09-02 19:46:21	admin	http://159.203.101.212/blog/comments/	Error: 	Uncaught Error: Class 'Comment' not found in /var/www/html/site/assets/cache/FileCompiler/site/modules/ProcessBlog/MarkupBlog.module:1562 Stack trace: #0 /var/www/html/site/assets/cache/FileCompiler/site/templates/blog-comments.php(27): MarkupBlog->findRecentComments(0, 0) #1 /var/www/html/wire/core/TemplateFile.php(268): require('/var/www/html/s...') #2 /var/www/html/wire/core/Wire.php(380): ProcessWire\TemplateFile->___render() #3 /var/www/html/wire/core/WireHooks.php(698): ProcessWire\Wire->_callMethod('___render', Array) #4 /var/www/html/wire/core/Wire.php(442): ProcessWire\WireHooks->runHooks(Object(ProcessWire\TemplateFile), 'render', Array) #5 /var/www/html/wire/modules/PageRender.module(514): ProcessWire\Wire->__call('render', Array) #6 /var/www/html/wire/core/Wire.php(383): ProcessWire\PageRender->___renderPage(Object(ProcessWire\HookEvent)) #7 /var/www/html/wire/core/WireHooks.php(698): ProcessWire\Wire->_callMethod('___renderPage', Array) #8 /var/www/html/wire/core/Wire.php(442): ProcessWire\WireHo (line 1562 of /var/www/html/site/assets/cache/FileCompiler/site/modules/ProcessBlog/MarkupBlog.module)
2017-09-02 19:46:25	admin	http://159.203.101.212/blog/tags/	Error: 	Uncaught Error: Class 'Comment' not found in /var/www/html/site/assets/cache/FileCompiler/site/modules/ProcessBlog/MarkupBlog.module:1563 Stack trace: #0 /var/www/html/site/assets/cache/FileCompiler/site/templates/blog-side-bar.inc(79): MarkupBlog->findRecentComments(0, 0, false) #1 /var/www/html/site/assets/cache/FileCompiler/site/templates/blog-main.inc(95): include_once('/var/www/html/s...') #2 /var/www/html/site/assets/cache/FileCompiler/site/templates/blog-tags.php(19): require_once('/var/www/html/s...') #3 /var/www/html/wire/core/TemplateFile.php(268): require('/var/www/html/s...') #4 /var/www/html/wire/core/Wire.php(380): ProcessWire\TemplateFile->___render() #5 /var/www/html/wire/core/WireHooks.php(698): ProcessWire\Wire->_callMethod('___render', Array) #6 /var/www/html/wire/core/Wire.php(442): ProcessWire\WireHooks->runHooks(Object(ProcessWire\TemplateFile), 'render', Array) #7 /var/www/html/wire/modules/PageRender.module(514): ProcessWire\Wire->__call('render', Array) #8 /var/www/html/wire/core/Wire (line 1563 of /var/www/html/site/assets/cache/FileCompiler/site/modules/ProcessBlog/MarkupBlog.module)
2017-09-02 19:46:27	admin	http://159.203.101.212/blog/authors/	Error: 	Uncaught Error: Class 'Comment' not found in /var/www/html/site/assets/cache/FileCompiler/site/modules/ProcessBlog/MarkupBlog.module:1563 Stack trace: #0 /var/www/html/site/assets/cache/FileCompiler/site/templates/blog-side-bar.inc(79): MarkupBlog->findRecentComments(0, 0, false) #1 /var/www/html/site/assets/cache/FileCompiler/site/templates/blog-main.inc(95): include_once('/var/www/html/s...') #2 /var/www/html/site/assets/cache/FileCompiler/site/templates/blog-authors.php(105): require_once('/var/www/html/s...') #3 /var/www/html/wire/core/TemplateFile.php(268): require('/var/www/html/s...') #4 /var/www/html/wire/core/Wire.php(380): ProcessWire\TemplateFile->___render() #5 /var/www/html/wire/core/WireHooks.php(698): ProcessWire\Wire->_callMethod('___render', Array) #6 /var/www/html/wire/core/Wire.php(442): ProcessWire\WireHooks->runHooks(Object(ProcessWire\TemplateFile), 'render', Array) #7 /var/www/html/wire/modules/PageRender.module(514): ProcessWire\Wire->__call('render', Array) #8 /var/www/html/wire/core/ (line 1563 of /var/www/html/site/assets/cache/FileCompiler/site/modules/ProcessBlog/MarkupBlog.module)
2017-09-02 19:46:28	admin	http://159.203.101.212/blog/archives/	Error: 	Uncaught Error: Class 'Comment' not found in /var/www/html/site/assets/cache/FileCompiler/site/modules/ProcessBlog/MarkupBlog.module:1563 Stack trace: #0 /var/www/html/site/assets/cache/FileCompiler/site/templates/blog-side-bar.inc(79): MarkupBlog->findRecentComments(0, 0, false) #1 /var/www/html/site/assets/cache/FileCompiler/site/templates/blog-main.inc(95): include_once('/var/www/html/s...') #2 /var/www/html/site/assets/cache/FileCompiler/site/templates/blog-archives.php(86): require_once('/var/www/html/s...') #3 /var/www/html/wire/core/TemplateFile.php(268): require('/var/www/html/s...') #4 /var/www/html/wire/core/Wire.php(380): ProcessWire\TemplateFile->___render() #5 /var/www/html/wire/core/WireHooks.php(698): ProcessWire\Wire->_callMethod('___render', Array) #6 /var/www/html/wire/core/Wire.php(442): ProcessWire\WireHooks->runHooks(Object(ProcessWire\TemplateFile), 'render', Array) #7 /var/www/html/wire/modules/PageRender.module(514): ProcessWire\Wire->__call('render', Array) #8 /var/www/html/wire/core/ (line 1563 of /var/www/html/site/assets/cache/FileCompiler/site/modules/ProcessBlog/MarkupBlog.module)
2017-09-02 19:47:15	admin	http://159.203.101.212/blog/archives/	Error: 	Uncaught Error: Class 'Comment' not found in /var/www/html/site/assets/cache/FileCompiler/site/modules/ProcessBlog/MarkupBlog.module:1563 Stack trace: #0 /var/www/html/site/assets/cache/FileCompiler/site/templates/blog-side-bar.inc(79): MarkupBlog->findRecentComments(0, 0, false) #1 /var/www/html/site/assets/cache/FileCompiler/site/templates/blog-main.inc(95): include_once('/var/www/html/s...') #2 /var/www/html/site/assets/cache/FileCompiler/site/templates/blog-archives.php(86): require_once('/var/www/html/s...') #3 /var/www/html/wire/core/TemplateFile.php(268): require('/var/www/html/s...') #4 /var/www/html/wire/core/Wire.php(380): ProcessWire\TemplateFile->___render() #5 /var/www/html/wire/core/WireHooks.php(698): ProcessWire\Wire->_callMethod('___render', Array) #6 /var/www/html/wire/core/Wire.php(442): ProcessWire\WireHooks->runHooks(Object(ProcessWire\TemplateFile), 'render', Array) #7 /var/www/html/wire/modules/PageRender.module(514): ProcessWire\Wire->__call('render', Array) #8 /var/www/html/wire/core/ (line 1563 of /var/www/html/site/assets/cache/FileCompiler/site/modules/ProcessBlog/MarkupBlog.module)
2017-09-02 19:47:22	admin	http://159.203.101.212/blog/	Error: 	Uncaught Error: Class 'Comment' not found in /var/www/html/site/assets/cache/FileCompiler/site/modules/ProcessBlog/MarkupBlog.module:1563 Stack trace: #0 /var/www/html/site/assets/cache/FileCompiler/site/templates/blog-side-bar.inc(79): MarkupBlog->findRecentComments(0, 0, false) #1 /var/www/html/site/assets/cache/FileCompiler/site/templates/blog-main.inc(95): include_once('/var/www/html/s...') #2 /var/www/html/site/assets/cache/FileCompiler/site/templates/blog.php(29): require_once('/var/www/html/s...') #3 /var/www/html/wire/core/TemplateFile.php(268): require('/var/www/html/s...') #4 /var/www/html/wire/core/Wire.php(380): ProcessWire\TemplateFile->___render() #5 /var/www/html/wire/core/WireHooks.php(698): ProcessWire\Wire->_callMethod('___render', Array) #6 /var/www/html/wire/core/Wire.php(442): ProcessWire\WireHooks->runHooks(Object(ProcessWire\TemplateFile), 'render', Array) #7 /var/www/html/wire/modules/PageRender.module(514): ProcessWire\Wire->__call('render', Array) #8 /var/www/html/wire/core/Wire.php( (line 1563 of /var/www/html/site/assets/cache/FileCompiler/site/modules/ProcessBlog/MarkupBlog.module)
2017-09-02 19:47:25	admin	http://159.203.101.212/blog/example-post/	Error: 	Uncaught TypeError: Argument 1 passed to MarkupBlog::renderComments() must be an instance of CommentArray, instance of ProcessWire\CommentArray given, called in /var/www/html/site/assets/cache/FileCompiler/site/templates/blog-post.php on line 54 and defined in /var/www/html/site/assets/cache/FileCompiler/site/modules/ProcessBlog/MarkupBlog.module:510 Stack trace: #0 /var/www/html/site/assets/cache/FileCompiler/site/templates/blog-post.php(54): MarkupBlog->renderComments(Object(ProcessWire\CommentArray)) #1 /var/www/html/wire/core/TemplateFile.php(268): require('/var/www/html/s...') #2 /var/www/html/wire/core/Wire.php(380): ProcessWire\TemplateFile->___render() #3 /var/www/html/wire/core/WireHooks.php(698): ProcessWire\Wire->_callMethod('___render', Array) #4 /var/www/html/wire/core/Wire.php(442): ProcessWire\WireHooks->runHooks(Object(ProcessWire\TemplateFile), 'render', Array) #5 /var/www/html/wire/modules/PageRender.module(514): ProcessWire\Wire->__call('render', Array) #6 /var/www/html/wire/core/Wire.php(3 (line 510 of /var/www/html/site/assets/cache/FileCompiler/site/modules/ProcessBlog/MarkupBlog.module)
2017-09-02 19:47:36	admin	http://159.203.101.212/blog/	Error: 	Uncaught Error: Class 'Comment' not found in /var/www/html/site/assets/cache/FileCompiler/site/modules/ProcessBlog/MarkupBlog.module:1563 Stack trace: #0 /var/www/html/site/assets/cache/FileCompiler/site/templates/blog-side-bar.inc(79): MarkupBlog->findRecentComments(0, 0, false) #1 /var/www/html/site/assets/cache/FileCompiler/site/templates/blog-main.inc(95): include_once('/var/www/html/s...') #2 /var/www/html/site/assets/cache/FileCompiler/site/templates/blog.php(29): require_once('/var/www/html/s...') #3 /var/www/html/wire/core/TemplateFile.php(268): require('/var/www/html/s...') #4 /var/www/html/wire/core/Wire.php(380): ProcessWire\TemplateFile->___render() #5 /var/www/html/wire/core/WireHooks.php(698): ProcessWire\Wire->_callMethod('___render', Array) #6 /var/www/html/wire/core/Wire.php(442): ProcessWire\WireHooks->runHooks(Object(ProcessWire\TemplateFile), 'render', Array) #7 /var/www/html/wire/modules/PageRender.module(514): ProcessWire\Wire->__call('render', Array) #8 /var/www/html/wire/core/Wire.php( (line 1563 of /var/www/html/site/assets/cache/FileCompiler/site/modules/ProcessBlog/MarkupBlog.module)
2017-09-02 19:47:38	admin	http://159.203.101.212/blog/	Error: 	Uncaught Error: Class 'Comment' not found in /var/www/html/site/assets/cache/FileCompiler/site/modules/ProcessBlog/MarkupBlog.module:1563 Stack trace: #0 /var/www/html/site/assets/cache/FileCompiler/site/templates/blog-side-bar.inc(79): MarkupBlog->findRecentComments(0, 0, false) #1 /var/www/html/site/assets/cache/FileCompiler/site/templates/blog-main.inc(95): include_once('/var/www/html/s...') #2 /var/www/html/site/assets/cache/FileCompiler/site/templates/blog.php(29): require_once('/var/www/html/s...') #3 /var/www/html/wire/core/TemplateFile.php(268): require('/var/www/html/s...') #4 /var/www/html/wire/core/Wire.php(380): ProcessWire\TemplateFile->___render() #5 /var/www/html/wire/core/WireHooks.php(698): ProcessWire\Wire->_callMethod('___render', Array) #6 /var/www/html/wire/core/Wire.php(442): ProcessWire\WireHooks->runHooks(Object(ProcessWire\TemplateFile), 'render', Array) #7 /var/www/html/wire/modules/PageRender.module(514): ProcessWire\Wire->__call('render', Array) #8 /var/www/html/wire/core/Wire.php( (line 1563 of /var/www/html/site/assets/cache/FileCompiler/site/modules/ProcessBlog/MarkupBlog.module)
2017-09-02 19:47:39	admin	http://159.203.101.212/blog/example-post/	Error: 	Uncaught TypeError: Argument 1 passed to MarkupBlog::renderComments() must be an instance of CommentArray, instance of ProcessWire\CommentArray given, called in /var/www/html/site/assets/cache/FileCompiler/site/templates/blog-post.php on line 54 and defined in /var/www/html/site/assets/cache/FileCompiler/site/modules/ProcessBlog/MarkupBlog.module:510 Stack trace: #0 /var/www/html/site/assets/cache/FileCompiler/site/templates/blog-post.php(54): MarkupBlog->renderComments(Object(ProcessWire\CommentArray)) #1 /var/www/html/wire/core/TemplateFile.php(268): require('/var/www/html/s...') #2 /var/www/html/wire/core/Wire.php(380): ProcessWire\TemplateFile->___render() #3 /var/www/html/wire/core/WireHooks.php(698): ProcessWire\Wire->_callMethod('___render', Array) #4 /var/www/html/wire/core/Wire.php(442): ProcessWire\WireHooks->runHooks(Object(ProcessWire\TemplateFile), 'render', Array) #5 /var/www/html/wire/modules/PageRender.module(514): ProcessWire\Wire->__call('render', Array) #6 /var/www/html/wire/core/Wire.php(3 (line 510 of /var/www/html/site/assets/cache/FileCompiler/site/modules/ProcessBlog/MarkupBlog.module)
2017-09-02 19:47:40	admin	http://159.203.101.212/blog/	Error: 	Uncaught Error: Class 'Comment' not found in /var/www/html/site/assets/cache/FileCompiler/site/modules/ProcessBlog/MarkupBlog.module:1563 Stack trace: #0 /var/www/html/site/assets/cache/FileCompiler/site/templates/blog-side-bar.inc(79): MarkupBlog->findRecentComments(0, 0, false) #1 /var/www/html/site/assets/cache/FileCompiler/site/templates/blog-main.inc(95): include_once('/var/www/html/s...') #2 /var/www/html/site/assets/cache/FileCompiler/site/templates/blog.php(29): require_once('/var/www/html/s...') #3 /var/www/html/wire/core/TemplateFile.php(268): require('/var/www/html/s...') #4 /var/www/html/wire/core/Wire.php(380): ProcessWire\TemplateFile->___render() #5 /var/www/html/wire/core/WireHooks.php(698): ProcessWire\Wire->_callMethod('___render', Array) #6 /var/www/html/wire/core/Wire.php(442): ProcessWire\WireHooks->runHooks(Object(ProcessWire\TemplateFile), 'render', Array) #7 /var/www/html/wire/modules/PageRender.module(514): ProcessWire\Wire->__call('render', Array) #8 /var/www/html/wire/core/Wire.php( (line 1563 of /var/www/html/site/assets/cache/FileCompiler/site/modules/ProcessBlog/MarkupBlog.module)
2017-09-02 19:47:42	admin	http://159.203.101.212/blog/categories/example-category/	Error: 	Uncaught Error: Class 'Comment' not found in /var/www/html/site/assets/cache/FileCompiler/site/modules/ProcessBlog/MarkupBlog.module:1563 Stack trace: #0 /var/www/html/site/assets/cache/FileCompiler/site/templates/blog-side-bar.inc(79): MarkupBlog->findRecentComments(0, 0, false) #1 /var/www/html/site/assets/cache/FileCompiler/site/templates/blog-main.inc(95): include_once('/var/www/html/s...') #2 /var/www/html/site/assets/cache/FileCompiler/site/templates/blog-category.php(37): require_once('/var/www/html/s...') #3 /var/www/html/wire/core/TemplateFile.php(268): require('/var/www/html/s...') #4 /var/www/html/wire/core/Wire.php(380): ProcessWire\TemplateFile->___render() #5 /var/www/html/wire/core/WireHooks.php(698): ProcessWire\Wire->_callMethod('___render', Array) #6 /var/www/html/wire/core/Wire.php(442): ProcessWire\WireHooks->runHooks(Object(ProcessWire\TemplateFile), 'render', Array) #7 /var/www/html/wire/modules/PageRender.module(514): ProcessWire\Wire->__call('render', Array) #8 /var/www/html/wire/core/ (line 1563 of /var/www/html/site/assets/cache/FileCompiler/site/modules/ProcessBlog/MarkupBlog.module)
2017-09-02 19:47:43	admin	http://159.203.101.212/blog/	Error: 	Uncaught Error: Class 'Comment' not found in /var/www/html/site/assets/cache/FileCompiler/site/modules/ProcessBlog/MarkupBlog.module:1563 Stack trace: #0 /var/www/html/site/assets/cache/FileCompiler/site/templates/blog-side-bar.inc(79): MarkupBlog->findRecentComments(0, 0, false) #1 /var/www/html/site/assets/cache/FileCompiler/site/templates/blog-main.inc(95): include_once('/var/www/html/s...') #2 /var/www/html/site/assets/cache/FileCompiler/site/templates/blog.php(29): require_once('/var/www/html/s...') #3 /var/www/html/wire/core/TemplateFile.php(268): require('/var/www/html/s...') #4 /var/www/html/wire/core/Wire.php(380): ProcessWire\TemplateFile->___render() #5 /var/www/html/wire/core/WireHooks.php(698): ProcessWire\Wire->_callMethod('___render', Array) #6 /var/www/html/wire/core/Wire.php(442): ProcessWire\WireHooks->runHooks(Object(ProcessWire\TemplateFile), 'render', Array) #7 /var/www/html/wire/modules/PageRender.module(514): ProcessWire\Wire->__call('render', Array) #8 /var/www/html/wire/core/Wire.php( (line 1563 of /var/www/html/site/assets/cache/FileCompiler/site/modules/ProcessBlog/MarkupBlog.module)
2017-09-02 19:47:46	admin	http://159.203.101.212/blog/categories/example-category/	Error: 	Uncaught Error: Class 'Comment' not found in /var/www/html/site/assets/cache/FileCompiler/site/modules/ProcessBlog/MarkupBlog.module:1563 Stack trace: #0 /var/www/html/site/assets/cache/FileCompiler/site/templates/blog-side-bar.inc(79): MarkupBlog->findRecentComments(0, 0, false) #1 /var/www/html/site/assets/cache/FileCompiler/site/templates/blog-main.inc(95): include_once('/var/www/html/s...') #2 /var/www/html/site/assets/cache/FileCompiler/site/templates/blog-category.php(37): require_once('/var/www/html/s...') #3 /var/www/html/wire/core/TemplateFile.php(268): require('/var/www/html/s...') #4 /var/www/html/wire/core/Wire.php(380): ProcessWire\TemplateFile->___render() #5 /var/www/html/wire/core/WireHooks.php(698): ProcessWire\Wire->_callMethod('___render', Array) #6 /var/www/html/wire/core/Wire.php(442): ProcessWire\WireHooks->runHooks(Object(ProcessWire\TemplateFile), 'render', Array) #7 /var/www/html/wire/modules/PageRender.module(514): ProcessWire\Wire->__call('render', Array) #8 /var/www/html/wire/core/ (line 1563 of /var/www/html/site/assets/cache/FileCompiler/site/modules/ProcessBlog/MarkupBlog.module)
2017-09-02 19:47:47	admin	http://159.203.101.212/blog/	Error: 	Uncaught Error: Class 'Comment' not found in /var/www/html/site/assets/cache/FileCompiler/site/modules/ProcessBlog/MarkupBlog.module:1563 Stack trace: #0 /var/www/html/site/assets/cache/FileCompiler/site/templates/blog-side-bar.inc(79): MarkupBlog->findRecentComments(0, 0, false) #1 /var/www/html/site/assets/cache/FileCompiler/site/templates/blog-main.inc(95): include_once('/var/www/html/s...') #2 /var/www/html/site/assets/cache/FileCompiler/site/templates/blog.php(29): require_once('/var/www/html/s...') #3 /var/www/html/wire/core/TemplateFile.php(268): require('/var/www/html/s...') #4 /var/www/html/wire/core/Wire.php(380): ProcessWire\TemplateFile->___render() #5 /var/www/html/wire/core/WireHooks.php(698): ProcessWire\Wire->_callMethod('___render', Array) #6 /var/www/html/wire/core/Wire.php(442): ProcessWire\WireHooks->runHooks(Object(ProcessWire\TemplateFile), 'render', Array) #7 /var/www/html/wire/modules/PageRender.module(514): ProcessWire\Wire->__call('render', Array) #8 /var/www/html/wire/core/Wire.php( (line 1563 of /var/www/html/site/assets/cache/FileCompiler/site/modules/ProcessBlog/MarkupBlog.module)
2017-09-02 19:49:31	admin	http://159.203.101.212/blog/	Error: 	Uncaught Error: Class 'Comment' not found in /var/www/html/site/assets/cache/FileCompiler/site/modules/ProcessBlog/MarkupBlog.module:1563 Stack trace: #0 /var/www/html/site/assets/cache/FileCompiler/site/templates/blog-side-bar.inc(79): MarkupBlog->findRecentComments(0, 0, false) #1 /var/www/html/site/assets/cache/FileCompiler/site/templates/blog-main.inc(95): include_once('/var/www/html/s...') #2 /var/www/html/site/assets/cache/FileCompiler/site/templates/blog.php(29): require_once('/var/www/html/s...') #3 /var/www/html/wire/core/TemplateFile.php(268): require('/var/www/html/s...') #4 /var/www/html/wire/core/Wire.php(380): ProcessWire\TemplateFile->___render() #5 /var/www/html/wire/core/WireHooks.php(698): ProcessWire\Wire->_callMethod('___render', Array) #6 /var/www/html/wire/core/Wire.php(442): ProcessWire\WireHooks->runHooks(Object(ProcessWire\TemplateFile), 'render', Array) #7 /var/www/html/wire/modules/PageRender.module(514): ProcessWire\Wire->__call('render', Array) #8 /var/www/html/wire/core/Wire.php( (line 1563 of /var/www/html/site/assets/cache/FileCompiler/site/modules/ProcessBlog/MarkupBlog.module)
2017-09-02 19:53:00	admin	http://159.203.101.212/blog/	Error: 	Uncaught Error: Class 'Comment' not found in /var/www/html/site/assets/cache/FileCompiler/site/modules/ProcessBlog/MarkupBlog.module:1563 Stack trace: #0 /var/www/html/site/assets/cache/FileCompiler/site/templates/blog-side-bar.inc(79): MarkupBlog->findRecentComments(0, 0, false) #1 /var/www/html/site/assets/cache/FileCompiler/site/templates/blog-main.inc(95): include_once('/var/www/html/s...') #2 /var/www/html/site/assets/cache/FileCompiler/site/templates/blog.php(29): require_once('/var/www/html/s...') #3 /var/www/html/wire/core/TemplateFile.php(268): require('/var/www/html/s...') #4 /var/www/html/wire/core/Wire.php(380): ProcessWire\TemplateFile->___render() #5 /var/www/html/wire/core/WireHooks.php(698): ProcessWire\Wire->_callMethod('___render', Array) #6 /var/www/html/wire/core/Wire.php(442): ProcessWire\WireHooks->runHooks(Object(ProcessWire\TemplateFile), 'render', Array) #7 /var/www/html/wire/modules/PageRender.module(514): ProcessWire\Wire->__call('render', Array) #8 /var/www/html/wire/core/Wire.php( (line 1563 of /var/www/html/site/assets/cache/FileCompiler/site/modules/ProcessBlog/MarkupBlog.module)
2017-09-02 19:53:02	admin	http://159.203.101.212/blog/	Error: 	Uncaught Error: Class 'Comment' not found in /var/www/html/site/assets/cache/FileCompiler/site/modules/ProcessBlog/MarkupBlog.module:1563 Stack trace: #0 /var/www/html/site/assets/cache/FileCompiler/site/templates/blog-side-bar.inc(79): MarkupBlog->findRecentComments(0, 0, false) #1 /var/www/html/site/assets/cache/FileCompiler/site/templates/blog-main.inc(95): include_once('/var/www/html/s...') #2 /var/www/html/site/assets/cache/FileCompiler/site/templates/blog.php(29): require_once('/var/www/html/s...') #3 /var/www/html/wire/core/TemplateFile.php(268): require('/var/www/html/s...') #4 /var/www/html/wire/core/Wire.php(380): ProcessWire\TemplateFile->___render() #5 /var/www/html/wire/core/WireHooks.php(698): ProcessWire\Wire->_callMethod('___render', Array) #6 /var/www/html/wire/core/Wire.php(442): ProcessWire\WireHooks->runHooks(Object(ProcessWire\TemplateFile), 'render', Array) #7 /var/www/html/wire/modules/PageRender.module(514): ProcessWire\Wire->__call('render', Array) #8 /var/www/html/wire/core/Wire.php( (line 1563 of /var/www/html/site/assets/cache/FileCompiler/site/modules/ProcessBlog/MarkupBlog.module)
2017-09-02 19:53:02	admin	http://159.203.101.212/blog/	Error: 	Uncaught Error: Class 'Comment' not found in /var/www/html/site/assets/cache/FileCompiler/site/modules/ProcessBlog/MarkupBlog.module:1563 Stack trace: #0 /var/www/html/site/assets/cache/FileCompiler/site/templates/blog-side-bar.inc(79): MarkupBlog->findRecentComments(0, 0, false) #1 /var/www/html/site/assets/cache/FileCompiler/site/templates/blog-main.inc(95): include_once('/var/www/html/s...') #2 /var/www/html/site/assets/cache/FileCompiler/site/templates/blog.php(29): require_once('/var/www/html/s...') #3 /var/www/html/wire/core/TemplateFile.php(268): require('/var/www/html/s...') #4 /var/www/html/wire/core/Wire.php(380): ProcessWire\TemplateFile->___render() #5 /var/www/html/wire/core/WireHooks.php(698): ProcessWire\Wire->_callMethod('___render', Array) #6 /var/www/html/wire/core/Wire.php(442): ProcessWire\WireHooks->runHooks(Object(ProcessWire\TemplateFile), 'render', Array) #7 /var/www/html/wire/modules/PageRender.module(514): ProcessWire\Wire->__call('render', Array) #8 /var/www/html/wire/core/Wire.php( (line 1563 of /var/www/html/site/assets/cache/FileCompiler/site/modules/ProcessBlog/MarkupBlog.module)
2017-09-02 19:53:02	admin	http://159.203.101.212/blog/	Error: 	Uncaught Error: Class 'Comment' not found in /var/www/html/site/assets/cache/FileCompiler/site/modules/ProcessBlog/MarkupBlog.module:1563 Stack trace: #0 /var/www/html/site/assets/cache/FileCompiler/site/templates/blog-side-bar.inc(79): MarkupBlog->findRecentComments(0, 0, false) #1 /var/www/html/site/assets/cache/FileCompiler/site/templates/blog-main.inc(95): include_once('/var/www/html/s...') #2 /var/www/html/site/assets/cache/FileCompiler/site/templates/blog.php(29): require_once('/var/www/html/s...') #3 /var/www/html/wire/core/TemplateFile.php(268): require('/var/www/html/s...') #4 /var/www/html/wire/core/Wire.php(380): ProcessWire\TemplateFile->___render() #5 /var/www/html/wire/core/WireHooks.php(698): ProcessWire\Wire->_callMethod('___render', Array) #6 /var/www/html/wire/core/Wire.php(442): ProcessWire\WireHooks->runHooks(Object(ProcessWire\TemplateFile), 'render', Array) #7 /var/www/html/wire/modules/PageRender.module(514): ProcessWire\Wire->__call('render', Array) #8 /var/www/html/wire/core/Wire.php( (line 1563 of /var/www/html/site/assets/cache/FileCompiler/site/modules/ProcessBlog/MarkupBlog.module)
2017-09-02 19:53:03	admin	http://159.203.101.212/blog/	Error: 	Uncaught Error: Class 'Comment' not found in /var/www/html/site/assets/cache/FileCompiler/site/modules/ProcessBlog/MarkupBlog.module:1563 Stack trace: #0 /var/www/html/site/assets/cache/FileCompiler/site/templates/blog-side-bar.inc(79): MarkupBlog->findRecentComments(0, 0, false) #1 /var/www/html/site/assets/cache/FileCompiler/site/templates/blog-main.inc(95): include_once('/var/www/html/s...') #2 /var/www/html/site/assets/cache/FileCompiler/site/templates/blog.php(29): require_once('/var/www/html/s...') #3 /var/www/html/wire/core/TemplateFile.php(268): require('/var/www/html/s...') #4 /var/www/html/wire/core/Wire.php(380): ProcessWire\TemplateFile->___render() #5 /var/www/html/wire/core/WireHooks.php(698): ProcessWire\Wire->_callMethod('___render', Array) #6 /var/www/html/wire/core/Wire.php(442): ProcessWire\WireHooks->runHooks(Object(ProcessWire\TemplateFile), 'render', Array) #7 /var/www/html/wire/modules/PageRender.module(514): ProcessWire\Wire->__call('render', Array) #8 /var/www/html/wire/core/Wire.php( (line 1563 of /var/www/html/site/assets/cache/FileCompiler/site/modules/ProcessBlog/MarkupBlog.module)
2017-09-02 19:53:03	admin	http://159.203.101.212/blog/	Error: 	Uncaught Error: Class 'Comment' not found in /var/www/html/site/assets/cache/FileCompiler/site/modules/ProcessBlog/MarkupBlog.module:1563 Stack trace: #0 /var/www/html/site/assets/cache/FileCompiler/site/templates/blog-side-bar.inc(79): MarkupBlog->findRecentComments(0, 0, false) #1 /var/www/html/site/assets/cache/FileCompiler/site/templates/blog-main.inc(95): include_once('/var/www/html/s...') #2 /var/www/html/site/assets/cache/FileCompiler/site/templates/blog.php(29): require_once('/var/www/html/s...') #3 /var/www/html/wire/core/TemplateFile.php(268): require('/var/www/html/s...') #4 /var/www/html/wire/core/Wire.php(380): ProcessWire\TemplateFile->___render() #5 /var/www/html/wire/core/WireHooks.php(698): ProcessWire\Wire->_callMethod('___render', Array) #6 /var/www/html/wire/core/Wire.php(442): ProcessWire\WireHooks->runHooks(Object(ProcessWire\TemplateFile), 'render', Array) #7 /var/www/html/wire/modules/PageRender.module(514): ProcessWire\Wire->__call('render', Array) #8 /var/www/html/wire/core/Wire.php( (line 1563 of /var/www/html/site/assets/cache/FileCompiler/site/modules/ProcessBlog/MarkupBlog.module)
2017-09-02 19:53:03	admin	http://159.203.101.212/blog/	Error: 	Uncaught Error: Class 'Comment' not found in /var/www/html/site/assets/cache/FileCompiler/site/modules/ProcessBlog/MarkupBlog.module:1563 Stack trace: #0 /var/www/html/site/assets/cache/FileCompiler/site/templates/blog-side-bar.inc(79): MarkupBlog->findRecentComments(0, 0, false) #1 /var/www/html/site/assets/cache/FileCompiler/site/templates/blog-main.inc(95): include_once('/var/www/html/s...') #2 /var/www/html/site/assets/cache/FileCompiler/site/templates/blog.php(29): require_once('/var/www/html/s...') #3 /var/www/html/wire/core/TemplateFile.php(268): require('/var/www/html/s...') #4 /var/www/html/wire/core/Wire.php(380): ProcessWire\TemplateFile->___render() #5 /var/www/html/wire/core/WireHooks.php(698): ProcessWire\Wire->_callMethod('___render', Array) #6 /var/www/html/wire/core/Wire.php(442): ProcessWire\WireHooks->runHooks(Object(ProcessWire\TemplateFile), 'render', Array) #7 /var/www/html/wire/modules/PageRender.module(514): ProcessWire\Wire->__call('render', Array) #8 /var/www/html/wire/core/Wire.php( (line 1563 of /var/www/html/site/assets/cache/FileCompiler/site/modules/ProcessBlog/MarkupBlog.module)
2017-09-02 19:53:03	admin	http://159.203.101.212/blog/	Error: 	Uncaught Error: Class 'Comment' not found in /var/www/html/site/assets/cache/FileCompiler/site/modules/ProcessBlog/MarkupBlog.module:1563 Stack trace: #0 /var/www/html/site/assets/cache/FileCompiler/site/templates/blog-side-bar.inc(79): MarkupBlog->findRecentComments(0, 0, false) #1 /var/www/html/site/assets/cache/FileCompiler/site/templates/blog-main.inc(95): include_once('/var/www/html/s...') #2 /var/www/html/site/assets/cache/FileCompiler/site/templates/blog.php(29): require_once('/var/www/html/s...') #3 /var/www/html/wire/core/TemplateFile.php(268): require('/var/www/html/s...') #4 /var/www/html/wire/core/Wire.php(380): ProcessWire\TemplateFile->___render() #5 /var/www/html/wire/core/WireHooks.php(698): ProcessWire\Wire->_callMethod('___render', Array) #6 /var/www/html/wire/core/Wire.php(442): ProcessWire\WireHooks->runHooks(Object(ProcessWire\TemplateFile), 'render', Array) #7 /var/www/html/wire/modules/PageRender.module(514): ProcessWire\Wire->__call('render', Array) #8 /var/www/html/wire/core/Wire.php( (line 1563 of /var/www/html/site/assets/cache/FileCompiler/site/modules/ProcessBlog/MarkupBlog.module)
2017-09-02 19:55:29	admin	http://159.203.101.212/blog/	Error: 	Uncaught Error: Class 'Comment' not found in /var/www/html/site/assets/cache/FileCompiler/site/modules/ProcessBlog/MarkupBlog.module:1563 Stack trace: #0 /var/www/html/site/templates/blog-side-bar.inc(79): MarkupBlog->findRecentComments(0, 0, false) #1 /var/www/html/site/templates/blog-main.inc(95): include_once('/var/www/html/s...') #2 /var/www/html/site/assets/cache/FileCompiler/site/templates/blog.php(29): require_once('/var/www/html/s...') #3 /var/www/html/wire/core/TemplateFile.php(268): require('/var/www/html/s...') #4 /var/www/html/wire/core/Wire.php(380): ProcessWire\TemplateFile->___render() #5 /var/www/html/wire/core/WireHooks.php(698): ProcessWire\Wire->_callMethod('___render', Array) #6 /var/www/html/wire/core/Wire.php(442): ProcessWire\WireHooks->runHooks(Object(ProcessWire\TemplateFile), 'render', Array) #7 /var/www/html/wire/modules/PageRender.module(514): ProcessWire\Wire->__call('render', Array) #8 /var/www/html/wire/core/Wire.php(383): ProcessWire\PageRender->___renderPage(Object(ProcessWire (line 1563 of /var/www/html/site/assets/cache/FileCompiler/site/modules/ProcessBlog/MarkupBlog.module)
2017-09-02 19:55:30	admin	http://159.203.101.212/blog/	Error: 	Uncaught Error: Class 'Comment' not found in /var/www/html/site/assets/cache/FileCompiler/site/modules/ProcessBlog/MarkupBlog.module:1563 Stack trace: #0 /var/www/html/site/templates/blog-side-bar.inc(79): MarkupBlog->findRecentComments(0, 0, false) #1 /var/www/html/site/templates/blog-main.inc(95): include_once('/var/www/html/s...') #2 /var/www/html/site/assets/cache/FileCompiler/site/templates/blog.php(29): require_once('/var/www/html/s...') #3 /var/www/html/wire/core/TemplateFile.php(268): require('/var/www/html/s...') #4 /var/www/html/wire/core/Wire.php(380): ProcessWire\TemplateFile->___render() #5 /var/www/html/wire/core/WireHooks.php(698): ProcessWire\Wire->_callMethod('___render', Array) #6 /var/www/html/wire/core/Wire.php(442): ProcessWire\WireHooks->runHooks(Object(ProcessWire\TemplateFile), 'render', Array) #7 /var/www/html/wire/modules/PageRender.module(514): ProcessWire\Wire->__call('render', Array) #8 /var/www/html/wire/core/Wire.php(383): ProcessWire\PageRender->___renderPage(Object(ProcessWire (line 1563 of /var/www/html/site/assets/cache/FileCompiler/site/modules/ProcessBlog/MarkupBlog.module)
2017-09-02 19:55:31	admin	http://159.203.101.212/blog/	Error: 	Uncaught Error: Class 'Comment' not found in /var/www/html/site/assets/cache/FileCompiler/site/modules/ProcessBlog/MarkupBlog.module:1563 Stack trace: #0 /var/www/html/site/templates/blog-side-bar.inc(79): MarkupBlog->findRecentComments(0, 0, false) #1 /var/www/html/site/templates/blog-main.inc(95): include_once('/var/www/html/s...') #2 /var/www/html/site/assets/cache/FileCompiler/site/templates/blog.php(29): require_once('/var/www/html/s...') #3 /var/www/html/wire/core/TemplateFile.php(268): require('/var/www/html/s...') #4 /var/www/html/wire/core/Wire.php(380): ProcessWire\TemplateFile->___render() #5 /var/www/html/wire/core/WireHooks.php(698): ProcessWire\Wire->_callMethod('___render', Array) #6 /var/www/html/wire/core/Wire.php(442): ProcessWire\WireHooks->runHooks(Object(ProcessWire\TemplateFile), 'render', Array) #7 /var/www/html/wire/modules/PageRender.module(514): ProcessWire\Wire->__call('render', Array) #8 /var/www/html/wire/core/Wire.php(383): ProcessWire\PageRender->___renderPage(Object(ProcessWire (line 1563 of /var/www/html/site/assets/cache/FileCompiler/site/modules/ProcessBlog/MarkupBlog.module)
2017-09-02 19:55:31	admin	http://159.203.101.212/blog/	Error: 	Uncaught Error: Class 'Comment' not found in /var/www/html/site/assets/cache/FileCompiler/site/modules/ProcessBlog/MarkupBlog.module:1563 Stack trace: #0 /var/www/html/site/templates/blog-side-bar.inc(79): MarkupBlog->findRecentComments(0, 0, false) #1 /var/www/html/site/templates/blog-main.inc(95): include_once('/var/www/html/s...') #2 /var/www/html/site/assets/cache/FileCompiler/site/templates/blog.php(29): require_once('/var/www/html/s...') #3 /var/www/html/wire/core/TemplateFile.php(268): require('/var/www/html/s...') #4 /var/www/html/wire/core/Wire.php(380): ProcessWire\TemplateFile->___render() #5 /var/www/html/wire/core/WireHooks.php(698): ProcessWire\Wire->_callMethod('___render', Array) #6 /var/www/html/wire/core/Wire.php(442): ProcessWire\WireHooks->runHooks(Object(ProcessWire\TemplateFile), 'render', Array) #7 /var/www/html/wire/modules/PageRender.module(514): ProcessWire\Wire->__call('render', Array) #8 /var/www/html/wire/core/Wire.php(383): ProcessWire\PageRender->___renderPage(Object(ProcessWire (line 1563 of /var/www/html/site/assets/cache/FileCompiler/site/modules/ProcessBlog/MarkupBlog.module)
2017-09-02 19:55:31	admin	http://159.203.101.212/blog/	Error: 	Uncaught Error: Class 'Comment' not found in /var/www/html/site/assets/cache/FileCompiler/site/modules/ProcessBlog/MarkupBlog.module:1563 Stack trace: #0 /var/www/html/site/templates/blog-side-bar.inc(79): MarkupBlog->findRecentComments(0, 0, false) #1 /var/www/html/site/templates/blog-main.inc(95): include_once('/var/www/html/s...') #2 /var/www/html/site/assets/cache/FileCompiler/site/templates/blog.php(29): require_once('/var/www/html/s...') #3 /var/www/html/wire/core/TemplateFile.php(268): require('/var/www/html/s...') #4 /var/www/html/wire/core/Wire.php(380): ProcessWire\TemplateFile->___render() #5 /var/www/html/wire/core/WireHooks.php(698): ProcessWire\Wire->_callMethod('___render', Array) #6 /var/www/html/wire/core/Wire.php(442): ProcessWire\WireHooks->runHooks(Object(ProcessWire\TemplateFile), 'render', Array) #7 /var/www/html/wire/modules/PageRender.module(514): ProcessWire\Wire->__call('render', Array) #8 /var/www/html/wire/core/Wire.php(383): ProcessWire\PageRender->___renderPage(Object(ProcessWire (line 1563 of /var/www/html/site/assets/cache/FileCompiler/site/modules/ProcessBlog/MarkupBlog.module)
2017-09-02 19:55:31	admin	http://159.203.101.212/blog/	Error: 	Uncaught Error: Class 'Comment' not found in /var/www/html/site/assets/cache/FileCompiler/site/modules/ProcessBlog/MarkupBlog.module:1563 Stack trace: #0 /var/www/html/site/templates/blog-side-bar.inc(79): MarkupBlog->findRecentComments(0, 0, false) #1 /var/www/html/site/templates/blog-main.inc(95): include_once('/var/www/html/s...') #2 /var/www/html/site/assets/cache/FileCompiler/site/templates/blog.php(29): require_once('/var/www/html/s...') #3 /var/www/html/wire/core/TemplateFile.php(268): require('/var/www/html/s...') #4 /var/www/html/wire/core/Wire.php(380): ProcessWire\TemplateFile->___render() #5 /var/www/html/wire/core/WireHooks.php(698): ProcessWire\Wire->_callMethod('___render', Array) #6 /var/www/html/wire/core/Wire.php(442): ProcessWire\WireHooks->runHooks(Object(ProcessWire\TemplateFile), 'render', Array) #7 /var/www/html/wire/modules/PageRender.module(514): ProcessWire\Wire->__call('render', Array) #8 /var/www/html/wire/core/Wire.php(383): ProcessWire\PageRender->___renderPage(Object(ProcessWire (line 1563 of /var/www/html/site/assets/cache/FileCompiler/site/modules/ProcessBlog/MarkupBlog.module)
2017-09-02 19:55:32	admin	http://159.203.101.212/blog/	Error: 	Uncaught Error: Class 'Comment' not found in /var/www/html/site/assets/cache/FileCompiler/site/modules/ProcessBlog/MarkupBlog.module:1563 Stack trace: #0 /var/www/html/site/templates/blog-side-bar.inc(79): MarkupBlog->findRecentComments(0, 0, false) #1 /var/www/html/site/templates/blog-main.inc(95): include_once('/var/www/html/s...') #2 /var/www/html/site/assets/cache/FileCompiler/site/templates/blog.php(29): require_once('/var/www/html/s...') #3 /var/www/html/wire/core/TemplateFile.php(268): require('/var/www/html/s...') #4 /var/www/html/wire/core/Wire.php(380): ProcessWire\TemplateFile->___render() #5 /var/www/html/wire/core/WireHooks.php(698): ProcessWire\Wire->_callMethod('___render', Array) #6 /var/www/html/wire/core/Wire.php(442): ProcessWire\WireHooks->runHooks(Object(ProcessWire\TemplateFile), 'render', Array) #7 /var/www/html/wire/modules/PageRender.module(514): ProcessWire\Wire->__call('render', Array) #8 /var/www/html/wire/core/Wire.php(383): ProcessWire\PageRender->___renderPage(Object(ProcessWire (line 1563 of /var/www/html/site/assets/cache/FileCompiler/site/modules/ProcessBlog/MarkupBlog.module)
2017-09-02 19:55:40	admin	http://159.203.101.212/blog/	Error: 	Uncaught Error: Class 'Comment' not found in /var/www/html/site/assets/cache/FileCompiler/site/modules/ProcessBlog/MarkupBlog.module:1563 Stack trace: #0 /var/www/html/site/templates/blog-side-bar.inc(79): MarkupBlog->findRecentComments(0, 0, false) #1 /var/www/html/site/templates/blog-main.inc(95): include_once('/var/www/html/s...') #2 /var/www/html/site/assets/cache/FileCompiler/site/templates/blog.php(29): require_once('/var/www/html/s...') #3 /var/www/html/wire/core/TemplateFile.php(268): require('/var/www/html/s...') #4 /var/www/html/wire/core/Wire.php(380): ProcessWire\TemplateFile->___render() #5 /var/www/html/wire/core/WireHooks.php(698): ProcessWire\Wire->_callMethod('___render', Array) #6 /var/www/html/wire/core/Wire.php(442): ProcessWire\WireHooks->runHooks(Object(ProcessWire\TemplateFile), 'render', Array) #7 /var/www/html/wire/modules/PageRender.module(514): ProcessWire\Wire->__call('render', Array) #8 /var/www/html/wire/core/Wire.php(383): ProcessWire\PageRender->___renderPage(Object(ProcessWire (line 1563 of /var/www/html/site/assets/cache/FileCompiler/site/modules/ProcessBlog/MarkupBlog.module)
2017-09-02 19:56:28	admin	http://159.203.101.212/blog/categories/	Error: 	Uncaught Error: Class 'Comment' not found in /var/www/html/site/assets/cache/FileCompiler/site/modules/ProcessBlog/MarkupBlog.module:1563 Stack trace: #0 /var/www/html/site/templates/blog-side-bar.inc(79): MarkupBlog->findRecentComments(0, 0, false) #1 /var/www/html/site/templates/blog-main.inc(95): include_once('/var/www/html/s...') #2 /var/www/html/site/templates/blog-categories.php(23): require_once('/var/www/html/s...') #3 /var/www/html/wire/core/TemplateFile.php(268): require('/var/www/html/s...') #4 /var/www/html/wire/core/Wire.php(380): ProcessWire\TemplateFile->___render() #5 /var/www/html/wire/core/WireHooks.php(698): ProcessWire\Wire->_callMethod('___render', Array) #6 /var/www/html/wire/core/Wire.php(442): ProcessWire\WireHooks->runHooks(Object(ProcessWire\TemplateFile), 'render', Array) #7 /var/www/html/wire/modules/PageRender.module(514): ProcessWire\Wire->__call('render', Array) #8 /var/www/html/wire/core/Wire.php(383): ProcessWire\PageRender->___renderPage(Object(ProcessWire\HookEvent)) #9 /var (line 1563 of /var/www/html/site/assets/cache/FileCompiler/site/modules/ProcessBlog/MarkupBlog.module)
2017-09-02 19:56:30	admin	http://159.203.101.212/blog/comments/	Error: 	Uncaught Error: Class 'Comment' not found in /var/www/html/site/assets/cache/FileCompiler/site/modules/ProcessBlog/MarkupBlog.module:1562 Stack trace: #0 /var/www/html/site/templates/blog-comments.php(27): MarkupBlog->findRecentComments(0, 0) #1 /var/www/html/wire/core/TemplateFile.php(268): require('/var/www/html/s...') #2 /var/www/html/wire/core/Wire.php(380): ProcessWire\TemplateFile->___render() #3 /var/www/html/wire/core/WireHooks.php(698): ProcessWire\Wire->_callMethod('___render', Array) #4 /var/www/html/wire/core/Wire.php(442): ProcessWire\WireHooks->runHooks(Object(ProcessWire\TemplateFile), 'render', Array) #5 /var/www/html/wire/modules/PageRender.module(514): ProcessWire\Wire->__call('render', Array) #6 /var/www/html/wire/core/Wire.php(383): ProcessWire\PageRender->___renderPage(Object(ProcessWire\HookEvent)) #7 /var/www/html/wire/core/WireHooks.php(698): ProcessWire\Wire->_callMethod('___renderPage', Array) #8 /var/www/html/wire/core/Wire.php(442): ProcessWire\WireHooks->runHooks(Object(ProcessWir (line 1562 of /var/www/html/site/assets/cache/FileCompiler/site/modules/ProcessBlog/MarkupBlog.module)
2017-09-02 20:26:39	admin	http://159.203.101.212/blog/categories/	Error: 	Uncaught Error: Class 'Comment' not found in /var/www/html/site/assets/cache/FileCompiler/site/modules/ProcessBlog/MarkupBlog.module:1563 Stack trace: #0 /var/www/html/site/templates/blog-side-bar.inc(79): MarkupBlog->findRecentComments(0, 0, false) #1 /var/www/html/site/templates/blog-main.inc(95): include_once('/var/www/html/s...') #2 /var/www/html/site/templates/blog-categories.php(23): require_once('/var/www/html/s...') #3 /var/www/html/wire/core/TemplateFile.php(268): require('/var/www/html/s...') #4 /var/www/html/wire/core/Wire.php(380): ProcessWire\TemplateFile->___render() #5 /var/www/html/wire/core/WireHooks.php(698): ProcessWire\Wire->_callMethod('___render', Array) #6 /var/www/html/wire/core/Wire.php(442): ProcessWire\WireHooks->runHooks(Object(ProcessWire\TemplateFile), 'render', Array) #7 /var/www/html/wire/modules/PageRender.module(514): ProcessWire\Wire->__call('render', Array) #8 /var/www/html/wire/core/Wire.php(383): ProcessWire\PageRender->___renderPage(Object(ProcessWire\HookEvent)) #9 /var (line 1563 of /var/www/html/site/assets/cache/FileCompiler/site/modules/ProcessBlog/MarkupBlog.module)
2017-09-02 20:26:39	admin	http://159.203.101.212/blog/	Error: 	Uncaught Error: Class 'Comment' not found in /var/www/html/site/assets/cache/FileCompiler/site/modules/ProcessBlog/MarkupBlog.module:1563 Stack trace: #0 /var/www/html/site/templates/blog-side-bar.inc(79): MarkupBlog->findRecentComments(0, 0, false) #1 /var/www/html/site/templates/blog-main.inc(95): include_once('/var/www/html/s...') #2 /var/www/html/site/assets/cache/FileCompiler/site/templates/blog.php(29): require_once('/var/www/html/s...') #3 /var/www/html/wire/core/TemplateFile.php(268): require('/var/www/html/s...') #4 /var/www/html/wire/core/Wire.php(380): ProcessWire\TemplateFile->___render() #5 /var/www/html/wire/core/WireHooks.php(698): ProcessWire\Wire->_callMethod('___render', Array) #6 /var/www/html/wire/core/Wire.php(442): ProcessWire\WireHooks->runHooks(Object(ProcessWire\TemplateFile), 'render', Array) #7 /var/www/html/wire/modules/PageRender.module(514): ProcessWire\Wire->__call('render', Array) #8 /var/www/html/wire/core/Wire.php(383): ProcessWire\PageRender->___renderPage(Object(ProcessWire (line 1563 of /var/www/html/site/assets/cache/FileCompiler/site/modules/ProcessBlog/MarkupBlog.module)
2017-09-02 20:26:40	admin	http://159.203.101.212/blog/archives/	Error: 	Uncaught Error: Class 'Comment' not found in /var/www/html/site/assets/cache/FileCompiler/site/modules/ProcessBlog/MarkupBlog.module:1563 Stack trace: #0 /var/www/html/site/templates/blog-side-bar.inc(79): MarkupBlog->findRecentComments(0, 0, false) #1 /var/www/html/site/templates/blog-main.inc(95): include_once('/var/www/html/s...') #2 /var/www/html/site/templates/blog-archives.php(86): require_once('/var/www/html/s...') #3 /var/www/html/wire/core/TemplateFile.php(268): require('/var/www/html/s...') #4 /var/www/html/wire/core/Wire.php(380): ProcessWire\TemplateFile->___render() #5 /var/www/html/wire/core/WireHooks.php(698): ProcessWire\Wire->_callMethod('___render', Array) #6 /var/www/html/wire/core/Wire.php(442): ProcessWire\WireHooks->runHooks(Object(ProcessWire\TemplateFile), 'render', Array) #7 /var/www/html/wire/modules/PageRender.module(514): ProcessWire\Wire->__call('render', Array) #8 /var/www/html/wire/core/Wire.php(383): ProcessWire\PageRender->___renderPage(Object(ProcessWire\HookEvent)) #9 /var/w (line 1563 of /var/www/html/site/assets/cache/FileCompiler/site/modules/ProcessBlog/MarkupBlog.module)
2017-09-02 20:26:42	admin	http://159.203.101.212/blog/authors/	Error: 	Uncaught Error: Class 'Comment' not found in /var/www/html/site/assets/cache/FileCompiler/site/modules/ProcessBlog/MarkupBlog.module:1563 Stack trace: #0 /var/www/html/site/templates/blog-side-bar.inc(79): MarkupBlog->findRecentComments(0, 0, false) #1 /var/www/html/site/templates/blog-main.inc(95): include_once('/var/www/html/s...') #2 /var/www/html/site/templates/blog-authors.php(105): require_once('/var/www/html/s...') #3 /var/www/html/wire/core/TemplateFile.php(268): require('/var/www/html/s...') #4 /var/www/html/wire/core/Wire.php(380): ProcessWire\TemplateFile->___render() #5 /var/www/html/wire/core/WireHooks.php(698): ProcessWire\Wire->_callMethod('___render', Array) #6 /var/www/html/wire/core/Wire.php(442): ProcessWire\WireHooks->runHooks(Object(ProcessWire\TemplateFile), 'render', Array) #7 /var/www/html/wire/modules/PageRender.module(514): ProcessWire\Wire->__call('render', Array) #8 /var/www/html/wire/core/Wire.php(383): ProcessWire\PageRender->___renderPage(Object(ProcessWire\HookEvent)) #9 /var/w (line 1563 of /var/www/html/site/assets/cache/FileCompiler/site/modules/ProcessBlog/MarkupBlog.module)
2017-09-02 20:26:42	admin	http://159.203.101.212/blog/tags/	Error: 	Uncaught Error: Class 'Comment' not found in /var/www/html/site/assets/cache/FileCompiler/site/modules/ProcessBlog/MarkupBlog.module:1563 Stack trace: #0 /var/www/html/site/templates/blog-side-bar.inc(79): MarkupBlog->findRecentComments(0, 0, false) #1 /var/www/html/site/templates/blog-main.inc(95): include_once('/var/www/html/s...') #2 /var/www/html/site/templates/blog-tags.php(19): require_once('/var/www/html/s...') #3 /var/www/html/wire/core/TemplateFile.php(268): require('/var/www/html/s...') #4 /var/www/html/wire/core/Wire.php(380): ProcessWire\TemplateFile->___render() #5 /var/www/html/wire/core/WireHooks.php(698): ProcessWire\Wire->_callMethod('___render', Array) #6 /var/www/html/wire/core/Wire.php(442): ProcessWire\WireHooks->runHooks(Object(ProcessWire\TemplateFile), 'render', Array) #7 /var/www/html/wire/modules/PageRender.module(514): ProcessWire\Wire->__call('render', Array) #8 /var/www/html/wire/core/Wire.php(383): ProcessWire\PageRender->___renderPage(Object(ProcessWire\HookEvent)) #9 /var/www/h (line 1563 of /var/www/html/site/assets/cache/FileCompiler/site/modules/ProcessBlog/MarkupBlog.module)
2017-09-02 20:26:46	admin	http://159.203.101.212/blog/	Error: 	Uncaught Error: Class 'Comment' not found in /var/www/html/site/assets/cache/FileCompiler/site/modules/ProcessBlog/MarkupBlog.module:1563 Stack trace: #0 /var/www/html/site/templates/blog-side-bar.inc(79): MarkupBlog->findRecentComments(0, 0, false) #1 /var/www/html/site/templates/blog-main.inc(95): include_once('/var/www/html/s...') #2 /var/www/html/site/assets/cache/FileCompiler/site/templates/blog.php(29): require_once('/var/www/html/s...') #3 /var/www/html/wire/core/TemplateFile.php(268): require('/var/www/html/s...') #4 /var/www/html/wire/core/Wire.php(380): ProcessWire\TemplateFile->___render() #5 /var/www/html/wire/core/WireHooks.php(698): ProcessWire\Wire->_callMethod('___render', Array) #6 /var/www/html/wire/core/Wire.php(442): ProcessWire\WireHooks->runHooks(Object(ProcessWire\TemplateFile), 'render', Array) #7 /var/www/html/wire/modules/PageRender.module(514): ProcessWire\Wire->__call('render', Array) #8 /var/www/html/wire/core/Wire.php(383): ProcessWire\PageRender->___renderPage(Object(ProcessWire (line 1563 of /var/www/html/site/assets/cache/FileCompiler/site/modules/ProcessBlog/MarkupBlog.module)
2017-09-02 20:27:44	admin	http://159.203.101.212/blog/	Error: 	Uncaught Error: Class 'Comment' not found in /var/www/html/site/assets/cache/FileCompiler/site/modules/ProcessBlog/MarkupBlog.module:1563 Stack trace: #0 /var/www/html/site/templates/blog-side-bar.inc(79): MarkupBlog->findRecentComments(0, 0, false) #1 /var/www/html/site/templates/blog-main.inc(95): include_once('/var/www/html/s...') #2 /var/www/html/site/assets/cache/FileCompiler/site/templates/blog.php(29): require_once('/var/www/html/s...') #3 /var/www/html/wire/core/TemplateFile.php(268): require('/var/www/html/s...') #4 /var/www/html/wire/core/Wire.php(380): ProcessWire\TemplateFile->___render() #5 /var/www/html/wire/core/WireHooks.php(698): ProcessWire\Wire->_callMethod('___render', Array) #6 /var/www/html/wire/core/Wire.php(442): ProcessWire\WireHooks->runHooks(Object(ProcessWire\TemplateFile), 'render', Array) #7 /var/www/html/wire/modules/PageRender.module(514): ProcessWire\Wire->__call('render', Array) #8 /var/www/html/wire/core/Wire.php(383): ProcessWire\PageRender->___renderPage(Object(ProcessWire (line 1563 of /var/www/html/site/assets/cache/FileCompiler/site/modules/ProcessBlog/MarkupBlog.module)
2017-09-02 20:27:46	admin	http://159.203.101.212/blog/	Error: 	Uncaught Error: Class 'Comment' not found in /var/www/html/site/assets/cache/FileCompiler/site/modules/ProcessBlog/MarkupBlog.module:1563 Stack trace: #0 /var/www/html/site/templates/blog-side-bar.inc(79): MarkupBlog->findRecentComments(0, 0, false) #1 /var/www/html/site/templates/blog-main.inc(95): include_once('/var/www/html/s...') #2 /var/www/html/site/assets/cache/FileCompiler/site/templates/blog.php(29): require_once('/var/www/html/s...') #3 /var/www/html/wire/core/TemplateFile.php(268): require('/var/www/html/s...') #4 /var/www/html/wire/core/Wire.php(380): ProcessWire\TemplateFile->___render() #5 /var/www/html/wire/core/WireHooks.php(698): ProcessWire\Wire->_callMethod('___render', Array) #6 /var/www/html/wire/core/Wire.php(442): ProcessWire\WireHooks->runHooks(Object(ProcessWire\TemplateFile), 'render', Array) #7 /var/www/html/wire/modules/PageRender.module(514): ProcessWire\Wire->__call('render', Array) #8 /var/www/html/wire/core/Wire.php(383): ProcessWire\PageRender->___renderPage(Object(ProcessWire (line 1563 of /var/www/html/site/assets/cache/FileCompiler/site/modules/ProcessBlog/MarkupBlog.module)
2017-09-02 20:27:47	admin	http://159.203.101.212/blog/	Error: 	Uncaught Error: Class 'Comment' not found in /var/www/html/site/assets/cache/FileCompiler/site/modules/ProcessBlog/MarkupBlog.module:1563 Stack trace: #0 /var/www/html/site/templates/blog-side-bar.inc(79): MarkupBlog->findRecentComments(0, 0, false) #1 /var/www/html/site/templates/blog-main.inc(95): include_once('/var/www/html/s...') #2 /var/www/html/site/assets/cache/FileCompiler/site/templates/blog.php(29): require_once('/var/www/html/s...') #3 /var/www/html/wire/core/TemplateFile.php(268): require('/var/www/html/s...') #4 /var/www/html/wire/core/Wire.php(380): ProcessWire\TemplateFile->___render() #5 /var/www/html/wire/core/WireHooks.php(698): ProcessWire\Wire->_callMethod('___render', Array) #6 /var/www/html/wire/core/Wire.php(442): ProcessWire\WireHooks->runHooks(Object(ProcessWire\TemplateFile), 'render', Array) #7 /var/www/html/wire/modules/PageRender.module(514): ProcessWire\Wire->__call('render', Array) #8 /var/www/html/wire/core/Wire.php(383): ProcessWire\PageRender->___renderPage(Object(ProcessWire (line 1563 of /var/www/html/site/assets/cache/FileCompiler/site/modules/ProcessBlog/MarkupBlog.module)
2017-09-02 20:27:47	admin	http://159.203.101.212/blog/	Error: 	Uncaught Error: Class 'Comment' not found in /var/www/html/site/assets/cache/FileCompiler/site/modules/ProcessBlog/MarkupBlog.module:1563 Stack trace: #0 /var/www/html/site/templates/blog-side-bar.inc(79): MarkupBlog->findRecentComments(0, 0, false) #1 /var/www/html/site/templates/blog-main.inc(95): include_once('/var/www/html/s...') #2 /var/www/html/site/assets/cache/FileCompiler/site/templates/blog.php(29): require_once('/var/www/html/s...') #3 /var/www/html/wire/core/TemplateFile.php(268): require('/var/www/html/s...') #4 /var/www/html/wire/core/Wire.php(380): ProcessWire\TemplateFile->___render() #5 /var/www/html/wire/core/WireHooks.php(698): ProcessWire\Wire->_callMethod('___render', Array) #6 /var/www/html/wire/core/Wire.php(442): ProcessWire\WireHooks->runHooks(Object(ProcessWire\TemplateFile), 'render', Array) #7 /var/www/html/wire/modules/PageRender.module(514): ProcessWire\Wire->__call('render', Array) #8 /var/www/html/wire/core/Wire.php(383): ProcessWire\PageRender->___renderPage(Object(ProcessWire (line 1563 of /var/www/html/site/assets/cache/FileCompiler/site/modules/ProcessBlog/MarkupBlog.module)
2017-09-02 20:27:48	admin	http://159.203.101.212/blog/	Error: 	Uncaught Error: Class 'Comment' not found in /var/www/html/site/assets/cache/FileCompiler/site/modules/ProcessBlog/MarkupBlog.module:1563 Stack trace: #0 /var/www/html/site/templates/blog-side-bar.inc(79): MarkupBlog->findRecentComments(0, 0, false) #1 /var/www/html/site/templates/blog-main.inc(95): include_once('/var/www/html/s...') #2 /var/www/html/site/assets/cache/FileCompiler/site/templates/blog.php(29): require_once('/var/www/html/s...') #3 /var/www/html/wire/core/TemplateFile.php(268): require('/var/www/html/s...') #4 /var/www/html/wire/core/Wire.php(380): ProcessWire\TemplateFile->___render() #5 /var/www/html/wire/core/WireHooks.php(698): ProcessWire\Wire->_callMethod('___render', Array) #6 /var/www/html/wire/core/Wire.php(442): ProcessWire\WireHooks->runHooks(Object(ProcessWire\TemplateFile), 'render', Array) #7 /var/www/html/wire/modules/PageRender.module(514): ProcessWire\Wire->__call('render', Array) #8 /var/www/html/wire/core/Wire.php(383): ProcessWire\PageRender->___renderPage(Object(ProcessWire (line 1563 of /var/www/html/site/assets/cache/FileCompiler/site/modules/ProcessBlog/MarkupBlog.module)
2017-09-02 20:27:48	admin	http://159.203.101.212/blog/	Error: 	Uncaught Error: Class 'Comment' not found in /var/www/html/site/assets/cache/FileCompiler/site/modules/ProcessBlog/MarkupBlog.module:1563 Stack trace: #0 /var/www/html/site/templates/blog-side-bar.inc(79): MarkupBlog->findRecentComments(0, 0, false) #1 /var/www/html/site/templates/blog-main.inc(95): include_once('/var/www/html/s...') #2 /var/www/html/site/assets/cache/FileCompiler/site/templates/blog.php(29): require_once('/var/www/html/s...') #3 /var/www/html/wire/core/TemplateFile.php(268): require('/var/www/html/s...') #4 /var/www/html/wire/core/Wire.php(380): ProcessWire\TemplateFile->___render() #5 /var/www/html/wire/core/WireHooks.php(698): ProcessWire\Wire->_callMethod('___render', Array) #6 /var/www/html/wire/core/Wire.php(442): ProcessWire\WireHooks->runHooks(Object(ProcessWire\TemplateFile), 'render', Array) #7 /var/www/html/wire/modules/PageRender.module(514): ProcessWire\Wire->__call('render', Array) #8 /var/www/html/wire/core/Wire.php(383): ProcessWire\PageRender->___renderPage(Object(ProcessWire (line 1563 of /var/www/html/site/assets/cache/FileCompiler/site/modules/ProcessBlog/MarkupBlog.module)
2017-09-02 20:27:48	admin	http://159.203.101.212/blog/	Error: 	Uncaught Error: Class 'Comment' not found in /var/www/html/site/assets/cache/FileCompiler/site/modules/ProcessBlog/MarkupBlog.module:1563 Stack trace: #0 /var/www/html/site/templates/blog-side-bar.inc(79): MarkupBlog->findRecentComments(0, 0, false) #1 /var/www/html/site/templates/blog-main.inc(95): include_once('/var/www/html/s...') #2 /var/www/html/site/assets/cache/FileCompiler/site/templates/blog.php(29): require_once('/var/www/html/s...') #3 /var/www/html/wire/core/TemplateFile.php(268): require('/var/www/html/s...') #4 /var/www/html/wire/core/Wire.php(380): ProcessWire\TemplateFile->___render() #5 /var/www/html/wire/core/WireHooks.php(698): ProcessWire\Wire->_callMethod('___render', Array) #6 /var/www/html/wire/core/Wire.php(442): ProcessWire\WireHooks->runHooks(Object(ProcessWire\TemplateFile), 'render', Array) #7 /var/www/html/wire/modules/PageRender.module(514): ProcessWire\Wire->__call('render', Array) #8 /var/www/html/wire/core/Wire.php(383): ProcessWire\PageRender->___renderPage(Object(ProcessWire (line 1563 of /var/www/html/site/assets/cache/FileCompiler/site/modules/ProcessBlog/MarkupBlog.module)
2017-09-02 20:27:49	admin	http://159.203.101.212/blog/	Error: 	Uncaught Error: Class 'Comment' not found in /var/www/html/site/assets/cache/FileCompiler/site/modules/ProcessBlog/MarkupBlog.module:1563 Stack trace: #0 /var/www/html/site/templates/blog-side-bar.inc(79): MarkupBlog->findRecentComments(0, 0, false) #1 /var/www/html/site/templates/blog-main.inc(95): include_once('/var/www/html/s...') #2 /var/www/html/site/assets/cache/FileCompiler/site/templates/blog.php(29): require_once('/var/www/html/s...') #3 /var/www/html/wire/core/TemplateFile.php(268): require('/var/www/html/s...') #4 /var/www/html/wire/core/Wire.php(380): ProcessWire\TemplateFile->___render() #5 /var/www/html/wire/core/WireHooks.php(698): ProcessWire\Wire->_callMethod('___render', Array) #6 /var/www/html/wire/core/Wire.php(442): ProcessWire\WireHooks->runHooks(Object(ProcessWire\TemplateFile), 'render', Array) #7 /var/www/html/wire/modules/PageRender.module(514): ProcessWire\Wire->__call('render', Array) #8 /var/www/html/wire/core/Wire.php(383): ProcessWire\PageRender->___renderPage(Object(ProcessWire (line 1563 of /var/www/html/site/assets/cache/FileCompiler/site/modules/ProcessBlog/MarkupBlog.module)
2017-09-02 20:27:49	admin	http://159.203.101.212/blog/	Error: 	Uncaught Error: Class 'Comment' not found in /var/www/html/site/assets/cache/FileCompiler/site/modules/ProcessBlog/MarkupBlog.module:1563 Stack trace: #0 /var/www/html/site/templates/blog-side-bar.inc(79): MarkupBlog->findRecentComments(0, 0, false) #1 /var/www/html/site/templates/blog-main.inc(95): include_once('/var/www/html/s...') #2 /var/www/html/site/assets/cache/FileCompiler/site/templates/blog.php(29): require_once('/var/www/html/s...') #3 /var/www/html/wire/core/TemplateFile.php(268): require('/var/www/html/s...') #4 /var/www/html/wire/core/Wire.php(380): ProcessWire\TemplateFile->___render() #5 /var/www/html/wire/core/WireHooks.php(698): ProcessWire\Wire->_callMethod('___render', Array) #6 /var/www/html/wire/core/Wire.php(442): ProcessWire\WireHooks->runHooks(Object(ProcessWire\TemplateFile), 'render', Array) #7 /var/www/html/wire/modules/PageRender.module(514): ProcessWire\Wire->__call('render', Array) #8 /var/www/html/wire/core/Wire.php(383): ProcessWire\PageRender->___renderPage(Object(ProcessWire (line 1563 of /var/www/html/site/assets/cache/FileCompiler/site/modules/ProcessBlog/MarkupBlog.module)
2017-09-02 20:27:49	admin	http://159.203.101.212/blog/	Error: 	Uncaught Error: Class 'Comment' not found in /var/www/html/site/assets/cache/FileCompiler/site/modules/ProcessBlog/MarkupBlog.module:1563 Stack trace: #0 /var/www/html/site/templates/blog-side-bar.inc(79): MarkupBlog->findRecentComments(0, 0, false) #1 /var/www/html/site/templates/blog-main.inc(95): include_once('/var/www/html/s...') #2 /var/www/html/site/assets/cache/FileCompiler/site/templates/blog.php(29): require_once('/var/www/html/s...') #3 /var/www/html/wire/core/TemplateFile.php(268): require('/var/www/html/s...') #4 /var/www/html/wire/core/Wire.php(380): ProcessWire\TemplateFile->___render() #5 /var/www/html/wire/core/WireHooks.php(698): ProcessWire\Wire->_callMethod('___render', Array) #6 /var/www/html/wire/core/Wire.php(442): ProcessWire\WireHooks->runHooks(Object(ProcessWire\TemplateFile), 'render', Array) #7 /var/www/html/wire/modules/PageRender.module(514): ProcessWire\Wire->__call('render', Array) #8 /var/www/html/wire/core/Wire.php(383): ProcessWire\PageRender->___renderPage(Object(ProcessWire (line 1563 of /var/www/html/site/assets/cache/FileCompiler/site/modules/ProcessBlog/MarkupBlog.module)
2017-09-02 20:28:09	admin	http://159.203.101.212/blog/	Error: 	Uncaught Error: Class 'Comment' not found in /var/www/html/site/assets/cache/FileCompiler/site/modules/ProcessBlog/MarkupBlog.module:1563 Stack trace: #0 /var/www/html/site/templates/blog-side-bar.inc(79): MarkupBlog->findRecentComments(0, 0, false) #1 /var/www/html/site/templates/blog-main.inc(95): include_once('/var/www/html/s...') #2 /var/www/html/site/assets/cache/FileCompiler/site/templates/blog.php(29): require_once('/var/www/html/s...') #3 /var/www/html/wire/core/TemplateFile.php(268): require('/var/www/html/s...') #4 /var/www/html/wire/core/Wire.php(380): ProcessWire\TemplateFile->___render() #5 /var/www/html/wire/core/WireHooks.php(698): ProcessWire\Wire->_callMethod('___render', Array) #6 /var/www/html/wire/core/Wire.php(442): ProcessWire\WireHooks->runHooks(Object(ProcessWire\TemplateFile), 'render', Array) #7 /var/www/html/wire/modules/PageRender.module(514): ProcessWire\Wire->__call('render', Array) #8 /var/www/html/wire/core/Wire.php(383): ProcessWire\PageRender->___renderPage(Object(ProcessWire (line 1563 of /var/www/html/site/assets/cache/FileCompiler/site/modules/ProcessBlog/MarkupBlog.module)
2017-09-02 20:28:10	admin	http://159.203.101.212/blog/	Error: 	Uncaught Error: Class 'Comment' not found in /var/www/html/site/assets/cache/FileCompiler/site/modules/ProcessBlog/MarkupBlog.module:1563 Stack trace: #0 /var/www/html/site/templates/blog-side-bar.inc(79): MarkupBlog->findRecentComments(0, 0, false) #1 /var/www/html/site/templates/blog-main.inc(95): include_once('/var/www/html/s...') #2 /var/www/html/site/assets/cache/FileCompiler/site/templates/blog.php(29): require_once('/var/www/html/s...') #3 /var/www/html/wire/core/TemplateFile.php(268): require('/var/www/html/s...') #4 /var/www/html/wire/core/Wire.php(380): ProcessWire\TemplateFile->___render() #5 /var/www/html/wire/core/WireHooks.php(698): ProcessWire\Wire->_callMethod('___render', Array) #6 /var/www/html/wire/core/Wire.php(442): ProcessWire\WireHooks->runHooks(Object(ProcessWire\TemplateFile), 'render', Array) #7 /var/www/html/wire/modules/PageRender.module(514): ProcessWire\Wire->__call('render', Array) #8 /var/www/html/wire/core/Wire.php(383): ProcessWire\PageRender->___renderPage(Object(ProcessWire (line 1563 of /var/www/html/site/assets/cache/FileCompiler/site/modules/ProcessBlog/MarkupBlog.module)
2017-09-02 20:28:10	admin	http://159.203.101.212/blog/	Error: 	Uncaught Error: Class 'Comment' not found in /var/www/html/site/assets/cache/FileCompiler/site/modules/ProcessBlog/MarkupBlog.module:1563 Stack trace: #0 /var/www/html/site/templates/blog-side-bar.inc(79): MarkupBlog->findRecentComments(0, 0, false) #1 /var/www/html/site/templates/blog-main.inc(95): include_once('/var/www/html/s...') #2 /var/www/html/site/assets/cache/FileCompiler/site/templates/blog.php(29): require_once('/var/www/html/s...') #3 /var/www/html/wire/core/TemplateFile.php(268): require('/var/www/html/s...') #4 /var/www/html/wire/core/Wire.php(380): ProcessWire\TemplateFile->___render() #5 /var/www/html/wire/core/WireHooks.php(698): ProcessWire\Wire->_callMethod('___render', Array) #6 /var/www/html/wire/core/Wire.php(442): ProcessWire\WireHooks->runHooks(Object(ProcessWire\TemplateFile), 'render', Array) #7 /var/www/html/wire/modules/PageRender.module(514): ProcessWire\Wire->__call('render', Array) #8 /var/www/html/wire/core/Wire.php(383): ProcessWire\PageRender->___renderPage(Object(ProcessWire (line 1563 of /var/www/html/site/assets/cache/FileCompiler/site/modules/ProcessBlog/MarkupBlog.module)
2017-09-02 20:28:10	admin	http://159.203.101.212/blog/	Error: 	Uncaught Error: Class 'Comment' not found in /var/www/html/site/assets/cache/FileCompiler/site/modules/ProcessBlog/MarkupBlog.module:1563 Stack trace: #0 /var/www/html/site/templates/blog-side-bar.inc(79): MarkupBlog->findRecentComments(0, 0, false) #1 /var/www/html/site/templates/blog-main.inc(95): include_once('/var/www/html/s...') #2 /var/www/html/site/assets/cache/FileCompiler/site/templates/blog.php(29): require_once('/var/www/html/s...') #3 /var/www/html/wire/core/TemplateFile.php(268): require('/var/www/html/s...') #4 /var/www/html/wire/core/Wire.php(380): ProcessWire\TemplateFile->___render() #5 /var/www/html/wire/core/WireHooks.php(698): ProcessWire\Wire->_callMethod('___render', Array) #6 /var/www/html/wire/core/Wire.php(442): ProcessWire\WireHooks->runHooks(Object(ProcessWire\TemplateFile), 'render', Array) #7 /var/www/html/wire/modules/PageRender.module(514): ProcessWire\Wire->__call('render', Array) #8 /var/www/html/wire/core/Wire.php(383): ProcessWire\PageRender->___renderPage(Object(ProcessWire (line 1563 of /var/www/html/site/assets/cache/FileCompiler/site/modules/ProcessBlog/MarkupBlog.module)
2017-09-02 20:28:11	admin	http://159.203.101.212/blog/	Error: 	Uncaught Error: Class 'Comment' not found in /var/www/html/site/assets/cache/FileCompiler/site/modules/ProcessBlog/MarkupBlog.module:1563 Stack trace: #0 /var/www/html/site/templates/blog-side-bar.inc(79): MarkupBlog->findRecentComments(0, 0, false) #1 /var/www/html/site/templates/blog-main.inc(95): include_once('/var/www/html/s...') #2 /var/www/html/site/assets/cache/FileCompiler/site/templates/blog.php(29): require_once('/var/www/html/s...') #3 /var/www/html/wire/core/TemplateFile.php(268): require('/var/www/html/s...') #4 /var/www/html/wire/core/Wire.php(380): ProcessWire\TemplateFile->___render() #5 /var/www/html/wire/core/WireHooks.php(698): ProcessWire\Wire->_callMethod('___render', Array) #6 /var/www/html/wire/core/Wire.php(442): ProcessWire\WireHooks->runHooks(Object(ProcessWire\TemplateFile), 'render', Array) #7 /var/www/html/wire/modules/PageRender.module(514): ProcessWire\Wire->__call('render', Array) #8 /var/www/html/wire/core/Wire.php(383): ProcessWire\PageRender->___renderPage(Object(ProcessWire (line 1563 of /var/www/html/site/assets/cache/FileCompiler/site/modules/ProcessBlog/MarkupBlog.module)
2017-09-02 20:28:11	admin	http://159.203.101.212/blog/	Error: 	Uncaught Error: Class 'Comment' not found in /var/www/html/site/assets/cache/FileCompiler/site/modules/ProcessBlog/MarkupBlog.module:1563 Stack trace: #0 /var/www/html/site/templates/blog-side-bar.inc(79): MarkupBlog->findRecentComments(0, 0, false) #1 /var/www/html/site/templates/blog-main.inc(95): include_once('/var/www/html/s...') #2 /var/www/html/site/assets/cache/FileCompiler/site/templates/blog.php(29): require_once('/var/www/html/s...') #3 /var/www/html/wire/core/TemplateFile.php(268): require('/var/www/html/s...') #4 /var/www/html/wire/core/Wire.php(380): ProcessWire\TemplateFile->___render() #5 /var/www/html/wire/core/WireHooks.php(698): ProcessWire\Wire->_callMethod('___render', Array) #6 /var/www/html/wire/core/Wire.php(442): ProcessWire\WireHooks->runHooks(Object(ProcessWire\TemplateFile), 'render', Array) #7 /var/www/html/wire/modules/PageRender.module(514): ProcessWire\Wire->__call('render', Array) #8 /var/www/html/wire/core/Wire.php(383): ProcessWire\PageRender->___renderPage(Object(ProcessWire (line 1563 of /var/www/html/site/assets/cache/FileCompiler/site/modules/ProcessBlog/MarkupBlog.module)
2017-09-02 20:28:27	admin	http://159.203.101.212/blog/	Error: 	Uncaught Error: Class 'Comment' not found in /var/www/html/site/assets/cache/FileCompiler/site/modules/ProcessBlog/MarkupBlog.module:1563 Stack trace: #0 /var/www/html/site/templates/blog-side-bar.inc(79): MarkupBlog->findRecentComments(0, 0, false) #1 /var/www/html/site/templates/blog-main.inc(95): include_once('/var/www/html/s...') #2 /var/www/html/site/assets/cache/FileCompiler/site/templates/blog.php(29): require_once('/var/www/html/s...') #3 /var/www/html/wire/core/TemplateFile.php(268): require('/var/www/html/s...') #4 /var/www/html/wire/core/Wire.php(380): ProcessWire\TemplateFile->___render() #5 /var/www/html/wire/core/WireHooks.php(698): ProcessWire\Wire->_callMethod('___render', Array) #6 /var/www/html/wire/core/Wire.php(442): ProcessWire\WireHooks->runHooks(Object(ProcessWire\TemplateFile), 'render', Array) #7 /var/www/html/wire/modules/PageRender.module(514): ProcessWire\Wire->__call('render', Array) #8 /var/www/html/wire/core/Wire.php(383): ProcessWire\PageRender->___renderPage(Object(ProcessWire (line 1563 of /var/www/html/site/assets/cache/FileCompiler/site/modules/ProcessBlog/MarkupBlog.module)
2017-09-02 20:28:59	admin	http://159.203.101.212/blog/comments/	Error: 	Uncaught Error: Class 'Comment' not found in /var/www/html/site/assets/cache/FileCompiler/site/modules/ProcessBlog/MarkupBlog.module:1562 Stack trace: #0 /var/www/html/site/templates/blog-comments.php(27): MarkupBlog->findRecentComments(0, 0) #1 /var/www/html/wire/core/TemplateFile.php(268): require('/var/www/html/s...') #2 /var/www/html/wire/core/Wire.php(380): ProcessWire\TemplateFile->___render() #3 /var/www/html/wire/core/WireHooks.php(698): ProcessWire\Wire->_callMethod('___render', Array) #4 /var/www/html/wire/core/Wire.php(442): ProcessWire\WireHooks->runHooks(Object(ProcessWire\TemplateFile), 'render', Array) #5 /var/www/html/wire/modules/PageRender.module(514): ProcessWire\Wire->__call('render', Array) #6 /var/www/html/wire/core/Wire.php(383): ProcessWire\PageRender->___renderPage(Object(ProcessWire\HookEvent)) #7 /var/www/html/wire/core/WireHooks.php(698): ProcessWire\Wire->_callMethod('___renderPage', Array) #8 /var/www/html/wire/core/Wire.php(442): ProcessWire\WireHooks->runHooks(Object(ProcessWir (line 1562 of /var/www/html/site/assets/cache/FileCompiler/site/modules/ProcessBlog/MarkupBlog.module)
2017-09-02 20:29:54	admin	http://159.203.101.212/blog/comments/	Error: 	Uncaught Error: Class 'Comment' not found in /var/www/html/site/assets/cache/FileCompiler/site/modules/ProcessBlog/MarkupBlog.module:1562 Stack trace: #0 /var/www/html/site/templates/blog-comments.php(27): MarkupBlog->findRecentComments(0, 0) #1 /var/www/html/wire/core/TemplateFile.php(268): require('/var/www/html/s...') #2 /var/www/html/wire/core/Wire.php(380): ProcessWire\TemplateFile->___render() #3 /var/www/html/wire/core/WireHooks.php(698): ProcessWire\Wire->_callMethod('___render', Array) #4 /var/www/html/wire/core/Wire.php(442): ProcessWire\WireHooks->runHooks(Object(ProcessWire\TemplateFile), 'render', Array) #5 /var/www/html/wire/modules/PageRender.module(514): ProcessWire\Wire->__call('render', Array) #6 /var/www/html/wire/core/Wire.php(383): ProcessWire\PageRender->___renderPage(Object(ProcessWire\HookEvent)) #7 /var/www/html/wire/core/WireHooks.php(698): ProcessWire\Wire->_callMethod('___renderPage', Array) #8 /var/www/html/wire/core/Wire.php(442): ProcessWire\WireHooks->runHooks(Object(ProcessWir (line 1562 of /var/www/html/site/assets/cache/FileCompiler/site/modules/ProcessBlog/MarkupBlog.module)
2017-09-02 20:29:54	admin	http://159.203.101.212/blog/	Error: 	Uncaught Error: Class 'Comment' not found in /var/www/html/site/assets/cache/FileCompiler/site/modules/ProcessBlog/MarkupBlog.module:1563 Stack trace: #0 /var/www/html/site/templates/blog-side-bar.inc(79): MarkupBlog->findRecentComments(0, 0, false) #1 /var/www/html/site/templates/blog-main.inc(95): include_once('/var/www/html/s...') #2 /var/www/html/site/assets/cache/FileCompiler/site/templates/blog.php(29): require_once('/var/www/html/s...') #3 /var/www/html/wire/core/TemplateFile.php(268): require('/var/www/html/s...') #4 /var/www/html/wire/core/Wire.php(380): ProcessWire\TemplateFile->___render() #5 /var/www/html/wire/core/WireHooks.php(698): ProcessWire\Wire->_callMethod('___render', Array) #6 /var/www/html/wire/core/Wire.php(442): ProcessWire\WireHooks->runHooks(Object(ProcessWire\TemplateFile), 'render', Array) #7 /var/www/html/wire/modules/PageRender.module(514): ProcessWire\Wire->__call('render', Array) #8 /var/www/html/wire/core/Wire.php(383): ProcessWire\PageRender->___renderPage(Object(ProcessWire (line 1563 of /var/www/html/site/assets/cache/FileCompiler/site/modules/ProcessBlog/MarkupBlog.module)
2017-09-02 20:29:56	admin	http://159.203.101.212/blog/example-post/	Error: 	Uncaught TypeError: Argument 1 passed to MarkupBlog::renderComments() must be an instance of CommentArray, instance of ProcessWire\CommentArray given, called in /var/www/html/site/templates/blog-post.php on line 54 and defined in /var/www/html/site/assets/cache/FileCompiler/site/modules/ProcessBlog/MarkupBlog.module:510 Stack trace: #0 /var/www/html/site/templates/blog-post.php(54): MarkupBlog->renderComments(Object(ProcessWire\CommentArray)) #1 /var/www/html/wire/core/TemplateFile.php(268): require('/var/www/html/s...') #2 /var/www/html/wire/core/Wire.php(380): ProcessWire\TemplateFile->___render() #3 /var/www/html/wire/core/WireHooks.php(698): ProcessWire\Wire->_callMethod('___render', Array) #4 /var/www/html/wire/core/Wire.php(442): ProcessWire\WireHooks->runHooks(Object(ProcessWire\TemplateFile), 'render', Array) #5 /var/www/html/wire/modules/PageRender.module(514): ProcessWire\Wire->__call('render', Array) #6 /var/www/html/wire/core/Wire.php(383): ProcessWire\PageRender->___renderPage(Object(ProcessWire\ (line 510 of /var/www/html/site/assets/cache/FileCompiler/site/modules/ProcessBlog/MarkupBlog.module)
2017-09-02 20:30:06	admin	http://159.203.101.212/blog/	Error: 	Uncaught Error: Class 'Comment' not found in /var/www/html/site/assets/cache/FileCompiler/site/modules/ProcessBlog/MarkupBlog.module:1563 Stack trace: #0 /var/www/html/site/templates/blog-side-bar.inc(79): MarkupBlog->findRecentComments(0, 0, false) #1 /var/www/html/site/templates/blog-main.inc(95): include_once('/var/www/html/s...') #2 /var/www/html/site/assets/cache/FileCompiler/site/templates/blog.php(29): require_once('/var/www/html/s...') #3 /var/www/html/wire/core/TemplateFile.php(268): require('/var/www/html/s...') #4 /var/www/html/wire/core/Wire.php(380): ProcessWire\TemplateFile->___render() #5 /var/www/html/wire/core/WireHooks.php(698): ProcessWire\Wire->_callMethod('___render', Array) #6 /var/www/html/wire/core/Wire.php(442): ProcessWire\WireHooks->runHooks(Object(ProcessWire\TemplateFile), 'render', Array) #7 /var/www/html/wire/modules/PageRender.module(514): ProcessWire\Wire->__call('render', Array) #8 /var/www/html/wire/core/Wire.php(383): ProcessWire\PageRender->___renderPage(Object(ProcessWire (line 1563 of /var/www/html/site/assets/cache/FileCompiler/site/modules/ProcessBlog/MarkupBlog.module)
2017-09-02 20:30:06	admin	http://159.203.101.212/blog/tags/	Error: 	Uncaught Error: Class 'Comment' not found in /var/www/html/site/assets/cache/FileCompiler/site/modules/ProcessBlog/MarkupBlog.module:1563 Stack trace: #0 /var/www/html/site/templates/blog-side-bar.inc(79): MarkupBlog->findRecentComments(0, 0, false) #1 /var/www/html/site/templates/blog-main.inc(95): include_once('/var/www/html/s...') #2 /var/www/html/site/templates/blog-tags.php(19): require_once('/var/www/html/s...') #3 /var/www/html/wire/core/TemplateFile.php(268): require('/var/www/html/s...') #4 /var/www/html/wire/core/Wire.php(380): ProcessWire\TemplateFile->___render() #5 /var/www/html/wire/core/WireHooks.php(698): ProcessWire\Wire->_callMethod('___render', Array) #6 /var/www/html/wire/core/Wire.php(442): ProcessWire\WireHooks->runHooks(Object(ProcessWire\TemplateFile), 'render', Array) #7 /var/www/html/wire/modules/PageRender.module(514): ProcessWire\Wire->__call('render', Array) #8 /var/www/html/wire/core/Wire.php(383): ProcessWire\PageRender->___renderPage(Object(ProcessWire\HookEvent)) #9 /var/www/h (line 1563 of /var/www/html/site/assets/cache/FileCompiler/site/modules/ProcessBlog/MarkupBlog.module)
2017-09-02 20:30:08	admin	http://159.203.101.212/blog/categories/	Error: 	Uncaught Error: Class 'Comment' not found in /var/www/html/site/assets/cache/FileCompiler/site/modules/ProcessBlog/MarkupBlog.module:1563 Stack trace: #0 /var/www/html/site/templates/blog-side-bar.inc(79): MarkupBlog->findRecentComments(0, 0, false) #1 /var/www/html/site/templates/blog-main.inc(95): include_once('/var/www/html/s...') #2 /var/www/html/site/templates/blog-categories.php(23): require_once('/var/www/html/s...') #3 /var/www/html/wire/core/TemplateFile.php(268): require('/var/www/html/s...') #4 /var/www/html/wire/core/Wire.php(380): ProcessWire\TemplateFile->___render() #5 /var/www/html/wire/core/WireHooks.php(698): ProcessWire\Wire->_callMethod('___render', Array) #6 /var/www/html/wire/core/Wire.php(442): ProcessWire\WireHooks->runHooks(Object(ProcessWire\TemplateFile), 'render', Array) #7 /var/www/html/wire/modules/PageRender.module(514): ProcessWire\Wire->__call('render', Array) #8 /var/www/html/wire/core/Wire.php(383): ProcessWire\PageRender->___renderPage(Object(ProcessWire\HookEvent)) #9 /var (line 1563 of /var/www/html/site/assets/cache/FileCompiler/site/modules/ProcessBlog/MarkupBlog.module)
2017-09-02 20:30:09	admin	http://159.203.101.212/blog/example-post/	Error: 	Uncaught TypeError: Argument 1 passed to MarkupBlog::renderComments() must be an instance of CommentArray, instance of ProcessWire\CommentArray given, called in /var/www/html/site/templates/blog-post.php on line 54 and defined in /var/www/html/site/assets/cache/FileCompiler/site/modules/ProcessBlog/MarkupBlog.module:510 Stack trace: #0 /var/www/html/site/templates/blog-post.php(54): MarkupBlog->renderComments(Object(ProcessWire\CommentArray)) #1 /var/www/html/wire/core/TemplateFile.php(268): require('/var/www/html/s...') #2 /var/www/html/wire/core/Wire.php(380): ProcessWire\TemplateFile->___render() #3 /var/www/html/wire/core/WireHooks.php(698): ProcessWire\Wire->_callMethod('___render', Array) #4 /var/www/html/wire/core/Wire.php(442): ProcessWire\WireHooks->runHooks(Object(ProcessWire\TemplateFile), 'render', Array) #5 /var/www/html/wire/modules/PageRender.module(514): ProcessWire\Wire->__call('render', Array) #6 /var/www/html/wire/core/Wire.php(383): ProcessWire\PageRender->___renderPage(Object(ProcessWire\ (line 510 of /var/www/html/site/assets/cache/FileCompiler/site/modules/ProcessBlog/MarkupBlog.module)
2017-09-02 20:30:10	admin	http://159.203.101.212/blog/categories/	Error: 	Uncaught Error: Class 'Comment' not found in /var/www/html/site/assets/cache/FileCompiler/site/modules/ProcessBlog/MarkupBlog.module:1563 Stack trace: #0 /var/www/html/site/templates/blog-side-bar.inc(79): MarkupBlog->findRecentComments(0, 0, false) #1 /var/www/html/site/templates/blog-main.inc(95): include_once('/var/www/html/s...') #2 /var/www/html/site/templates/blog-categories.php(23): require_once('/var/www/html/s...') #3 /var/www/html/wire/core/TemplateFile.php(268): require('/var/www/html/s...') #4 /var/www/html/wire/core/Wire.php(380): ProcessWire\TemplateFile->___render() #5 /var/www/html/wire/core/WireHooks.php(698): ProcessWire\Wire->_callMethod('___render', Array) #6 /var/www/html/wire/core/Wire.php(442): ProcessWire\WireHooks->runHooks(Object(ProcessWire\TemplateFile), 'render', Array) #7 /var/www/html/wire/modules/PageRender.module(514): ProcessWire\Wire->__call('render', Array) #8 /var/www/html/wire/core/Wire.php(383): ProcessWire\PageRender->___renderPage(Object(ProcessWire\HookEvent)) #9 /var (line 1563 of /var/www/html/site/assets/cache/FileCompiler/site/modules/ProcessBlog/MarkupBlog.module)
2017-09-02 20:30:11	admin	http://159.203.101.212/blog/categories/example-category/	Error: 	Uncaught Error: Class 'Comment' not found in /var/www/html/site/assets/cache/FileCompiler/site/modules/ProcessBlog/MarkupBlog.module:1563 Stack trace: #0 /var/www/html/site/templates/blog-side-bar.inc(79): MarkupBlog->findRecentComments(0, 0, false) #1 /var/www/html/site/templates/blog-main.inc(95): include_once('/var/www/html/s...') #2 /var/www/html/site/templates/blog-category.php(37): require_once('/var/www/html/s...') #3 /var/www/html/wire/core/TemplateFile.php(268): require('/var/www/html/s...') #4 /var/www/html/wire/core/Wire.php(380): ProcessWire\TemplateFile->___render() #5 /var/www/html/wire/core/WireHooks.php(698): ProcessWire\Wire->_callMethod('___render', Array) #6 /var/www/html/wire/core/Wire.php(442): ProcessWire\WireHooks->runHooks(Object(ProcessWire\TemplateFile), 'render', Array) #7 /var/www/html/wire/modules/PageRender.module(514): ProcessWire\Wire->__call('render', Array) #8 /var/www/html/wire/core/Wire.php(383): ProcessWire\PageRender->___renderPage(Object(ProcessWire\HookEvent)) #9 /var/w (line 1563 of /var/www/html/site/assets/cache/FileCompiler/site/modules/ProcessBlog/MarkupBlog.module)
2017-09-02 20:30:13	admin	http://159.203.101.212/blog/categories/	Error: 	Uncaught Error: Class 'Comment' not found in /var/www/html/site/assets/cache/FileCompiler/site/modules/ProcessBlog/MarkupBlog.module:1563 Stack trace: #0 /var/www/html/site/templates/blog-side-bar.inc(79): MarkupBlog->findRecentComments(0, 0, false) #1 /var/www/html/site/templates/blog-main.inc(95): include_once('/var/www/html/s...') #2 /var/www/html/site/templates/blog-categories.php(23): require_once('/var/www/html/s...') #3 /var/www/html/wire/core/TemplateFile.php(268): require('/var/www/html/s...') #4 /var/www/html/wire/core/Wire.php(380): ProcessWire\TemplateFile->___render() #5 /var/www/html/wire/core/WireHooks.php(698): ProcessWire\Wire->_callMethod('___render', Array) #6 /var/www/html/wire/core/Wire.php(442): ProcessWire\WireHooks->runHooks(Object(ProcessWire\TemplateFile), 'render', Array) #7 /var/www/html/wire/modules/PageRender.module(514): ProcessWire\Wire->__call('render', Array) #8 /var/www/html/wire/core/Wire.php(383): ProcessWire\PageRender->___renderPage(Object(ProcessWire\HookEvent)) #9 /var (line 1563 of /var/www/html/site/assets/cache/FileCompiler/site/modules/ProcessBlog/MarkupBlog.module)
2017-09-02 20:30:14	admin	http://159.203.101.212/blog/	Error: 	Uncaught Error: Class 'Comment' not found in /var/www/html/site/assets/cache/FileCompiler/site/modules/ProcessBlog/MarkupBlog.module:1563 Stack trace: #0 /var/www/html/site/templates/blog-side-bar.inc(79): MarkupBlog->findRecentComments(0, 0, false) #1 /var/www/html/site/templates/blog-main.inc(95): include_once('/var/www/html/s...') #2 /var/www/html/site/assets/cache/FileCompiler/site/templates/blog.php(29): require_once('/var/www/html/s...') #3 /var/www/html/wire/core/TemplateFile.php(268): require('/var/www/html/s...') #4 /var/www/html/wire/core/Wire.php(380): ProcessWire\TemplateFile->___render() #5 /var/www/html/wire/core/WireHooks.php(698): ProcessWire\Wire->_callMethod('___render', Array) #6 /var/www/html/wire/core/Wire.php(442): ProcessWire\WireHooks->runHooks(Object(ProcessWire\TemplateFile), 'render', Array) #7 /var/www/html/wire/modules/PageRender.module(514): ProcessWire\Wire->__call('render', Array) #8 /var/www/html/wire/core/Wire.php(383): ProcessWire\PageRender->___renderPage(Object(ProcessWire (line 1563 of /var/www/html/site/assets/cache/FileCompiler/site/modules/ProcessBlog/MarkupBlog.module)
2017-09-02 20:31:49	admin	http://159.203.101.212/blog/	Error: 	Uncaught Error: Class 'Comment' not found in /var/www/html/site/assets/cache/FileCompiler/site/modules/ProcessBlog/MarkupBlog.module:1563 Stack trace: #0 /var/www/html/site/templates/blog-side-bar.inc(79): MarkupBlog->findRecentComments(0, 0, false) #1 /var/www/html/site/templates/blog-main.inc(95): include_once('/var/www/html/s...') #2 /var/www/html/site/assets/cache/FileCompiler/site/templates/blog.php(29): require_once('/var/www/html/s...') #3 /var/www/html/wire/core/TemplateFile.php(268): require('/var/www/html/s...') #4 /var/www/html/wire/core/Wire.php(380): ProcessWire\TemplateFile->___render() #5 /var/www/html/wire/core/WireHooks.php(698): ProcessWire\Wire->_callMethod('___render', Array) #6 /var/www/html/wire/core/Wire.php(442): ProcessWire\WireHooks->runHooks(Object(ProcessWire\TemplateFile), 'render', Array) #7 /var/www/html/wire/modules/PageRender.module(514): ProcessWire\Wire->__call('render', Array) #8 /var/www/html/wire/core/Wire.php(383): ProcessWire\PageRender->___renderPage(Object(ProcessWire (line 1563 of /var/www/html/site/assets/cache/FileCompiler/site/modules/ProcessBlog/MarkupBlog.module)
2017-09-02 20:32:05	admin	http://159.203.101.212/blog/	Error: 	Uncaught Error: Class 'Comment' not found in /var/www/html/site/assets/cache/FileCompiler/site/modules/ProcessBlog/MarkupBlog.module:1563 Stack trace: #0 /var/www/html/site/templates/blog-side-bar.inc(79): MarkupBlog->findRecentComments(0, 0, false) #1 /var/www/html/site/templates/blog-main.inc(95): include_once('/var/www/html/s...') #2 /var/www/html/site/assets/cache/FileCompiler/site/templates/blog.php(29): require_once('/var/www/html/s...') #3 /var/www/html/wire/core/TemplateFile.php(268): require('/var/www/html/s...') #4 /var/www/html/wire/core/Wire.php(380): ProcessWire\TemplateFile->___render() #5 /var/www/html/wire/core/WireHooks.php(698): ProcessWire\Wire->_callMethod('___render', Array) #6 /var/www/html/wire/core/Wire.php(442): ProcessWire\WireHooks->runHooks(Object(ProcessWire\TemplateFile), 'render', Array) #7 /var/www/html/wire/modules/PageRender.module(514): ProcessWire\Wire->__call('render', Array) #8 /var/www/html/wire/core/Wire.php(383): ProcessWire\PageRender->___renderPage(Object(ProcessWire (line 1563 of /var/www/html/site/assets/cache/FileCompiler/site/modules/ProcessBlog/MarkupBlog.module)
2017-09-02 20:32:06	admin	http://159.203.101.212/blog/	Error: 	Uncaught Error: Class 'Comment' not found in /var/www/html/site/assets/cache/FileCompiler/site/modules/ProcessBlog/MarkupBlog.module:1563 Stack trace: #0 /var/www/html/site/templates/blog-side-bar.inc(79): MarkupBlog->findRecentComments(0, 0, false) #1 /var/www/html/site/templates/blog-main.inc(95): include_once('/var/www/html/s...') #2 /var/www/html/site/assets/cache/FileCompiler/site/templates/blog.php(29): require_once('/var/www/html/s...') #3 /var/www/html/wire/core/TemplateFile.php(268): require('/var/www/html/s...') #4 /var/www/html/wire/core/Wire.php(380): ProcessWire\TemplateFile->___render() #5 /var/www/html/wire/core/WireHooks.php(698): ProcessWire\Wire->_callMethod('___render', Array) #6 /var/www/html/wire/core/Wire.php(442): ProcessWire\WireHooks->runHooks(Object(ProcessWire\TemplateFile), 'render', Array) #7 /var/www/html/wire/modules/PageRender.module(514): ProcessWire\Wire->__call('render', Array) #8 /var/www/html/wire/core/Wire.php(383): ProcessWire\PageRender->___renderPage(Object(ProcessWire (line 1563 of /var/www/html/site/assets/cache/FileCompiler/site/modules/ProcessBlog/MarkupBlog.module)
2017-09-02 20:32:06	admin	http://159.203.101.212/blog/	Error: 	Uncaught Error: Class 'Comment' not found in /var/www/html/site/assets/cache/FileCompiler/site/modules/ProcessBlog/MarkupBlog.module:1563 Stack trace: #0 /var/www/html/site/templates/blog-side-bar.inc(79): MarkupBlog->findRecentComments(0, 0, false) #1 /var/www/html/site/templates/blog-main.inc(95): include_once('/var/www/html/s...') #2 /var/www/html/site/assets/cache/FileCompiler/site/templates/blog.php(29): require_once('/var/www/html/s...') #3 /var/www/html/wire/core/TemplateFile.php(268): require('/var/www/html/s...') #4 /var/www/html/wire/core/Wire.php(380): ProcessWire\TemplateFile->___render() #5 /var/www/html/wire/core/WireHooks.php(698): ProcessWire\Wire->_callMethod('___render', Array) #6 /var/www/html/wire/core/Wire.php(442): ProcessWire\WireHooks->runHooks(Object(ProcessWire\TemplateFile), 'render', Array) #7 /var/www/html/wire/modules/PageRender.module(514): ProcessWire\Wire->__call('render', Array) #8 /var/www/html/wire/core/Wire.php(383): ProcessWire\PageRender->___renderPage(Object(ProcessWire (line 1563 of /var/www/html/site/assets/cache/FileCompiler/site/modules/ProcessBlog/MarkupBlog.module)
2017-09-02 20:32:06	admin	http://159.203.101.212/blog/	Error: 	Uncaught Error: Class 'Comment' not found in /var/www/html/site/assets/cache/FileCompiler/site/modules/ProcessBlog/MarkupBlog.module:1563 Stack trace: #0 /var/www/html/site/templates/blog-side-bar.inc(79): MarkupBlog->findRecentComments(0, 0, false) #1 /var/www/html/site/templates/blog-main.inc(95): include_once('/var/www/html/s...') #2 /var/www/html/site/assets/cache/FileCompiler/site/templates/blog.php(29): require_once('/var/www/html/s...') #3 /var/www/html/wire/core/TemplateFile.php(268): require('/var/www/html/s...') #4 /var/www/html/wire/core/Wire.php(380): ProcessWire\TemplateFile->___render() #5 /var/www/html/wire/core/WireHooks.php(698): ProcessWire\Wire->_callMethod('___render', Array) #6 /var/www/html/wire/core/Wire.php(442): ProcessWire\WireHooks->runHooks(Object(ProcessWire\TemplateFile), 'render', Array) #7 /var/www/html/wire/modules/PageRender.module(514): ProcessWire\Wire->__call('render', Array) #8 /var/www/html/wire/core/Wire.php(383): ProcessWire\PageRender->___renderPage(Object(ProcessWire (line 1563 of /var/www/html/site/assets/cache/FileCompiler/site/modules/ProcessBlog/MarkupBlog.module)
2017-09-02 20:32:07	admin	http://159.203.101.212/blog/	Error: 	Uncaught Error: Class 'Comment' not found in /var/www/html/site/assets/cache/FileCompiler/site/modules/ProcessBlog/MarkupBlog.module:1563 Stack trace: #0 /var/www/html/site/templates/blog-side-bar.inc(79): MarkupBlog->findRecentComments(0, 0, false) #1 /var/www/html/site/templates/blog-main.inc(95): include_once('/var/www/html/s...') #2 /var/www/html/site/assets/cache/FileCompiler/site/templates/blog.php(29): require_once('/var/www/html/s...') #3 /var/www/html/wire/core/TemplateFile.php(268): require('/var/www/html/s...') #4 /var/www/html/wire/core/Wire.php(380): ProcessWire\TemplateFile->___render() #5 /var/www/html/wire/core/WireHooks.php(698): ProcessWire\Wire->_callMethod('___render', Array) #6 /var/www/html/wire/core/Wire.php(442): ProcessWire\WireHooks->runHooks(Object(ProcessWire\TemplateFile), 'render', Array) #7 /var/www/html/wire/modules/PageRender.module(514): ProcessWire\Wire->__call('render', Array) #8 /var/www/html/wire/core/Wire.php(383): ProcessWire\PageRender->___renderPage(Object(ProcessWire (line 1563 of /var/www/html/site/assets/cache/FileCompiler/site/modules/ProcessBlog/MarkupBlog.module)
2017-09-02 20:32:07	admin	http://159.203.101.212/blog/	Error: 	Uncaught Error: Class 'Comment' not found in /var/www/html/site/assets/cache/FileCompiler/site/modules/ProcessBlog/MarkupBlog.module:1563 Stack trace: #0 /var/www/html/site/templates/blog-side-bar.inc(79): MarkupBlog->findRecentComments(0, 0, false) #1 /var/www/html/site/templates/blog-main.inc(95): include_once('/var/www/html/s...') #2 /var/www/html/site/assets/cache/FileCompiler/site/templates/blog.php(29): require_once('/var/www/html/s...') #3 /var/www/html/wire/core/TemplateFile.php(268): require('/var/www/html/s...') #4 /var/www/html/wire/core/Wire.php(380): ProcessWire\TemplateFile->___render() #5 /var/www/html/wire/core/WireHooks.php(698): ProcessWire\Wire->_callMethod('___render', Array) #6 /var/www/html/wire/core/Wire.php(442): ProcessWire\WireHooks->runHooks(Object(ProcessWire\TemplateFile), 'render', Array) #7 /var/www/html/wire/modules/PageRender.module(514): ProcessWire\Wire->__call('render', Array) #8 /var/www/html/wire/core/Wire.php(383): ProcessWire\PageRender->___renderPage(Object(ProcessWire (line 1563 of /var/www/html/site/assets/cache/FileCompiler/site/modules/ProcessBlog/MarkupBlog.module)
2017-09-02 20:32:07	admin	http://159.203.101.212/blog/	Error: 	Uncaught Error: Class 'Comment' not found in /var/www/html/site/assets/cache/FileCompiler/site/modules/ProcessBlog/MarkupBlog.module:1563 Stack trace: #0 /var/www/html/site/templates/blog-side-bar.inc(79): MarkupBlog->findRecentComments(0, 0, false) #1 /var/www/html/site/templates/blog-main.inc(95): include_once('/var/www/html/s...') #2 /var/www/html/site/assets/cache/FileCompiler/site/templates/blog.php(29): require_once('/var/www/html/s...') #3 /var/www/html/wire/core/TemplateFile.php(268): require('/var/www/html/s...') #4 /var/www/html/wire/core/Wire.php(380): ProcessWire\TemplateFile->___render() #5 /var/www/html/wire/core/WireHooks.php(698): ProcessWire\Wire->_callMethod('___render', Array) #6 /var/www/html/wire/core/Wire.php(442): ProcessWire\WireHooks->runHooks(Object(ProcessWire\TemplateFile), 'render', Array) #7 /var/www/html/wire/modules/PageRender.module(514): ProcessWire\Wire->__call('render', Array) #8 /var/www/html/wire/core/Wire.php(383): ProcessWire\PageRender->___renderPage(Object(ProcessWire (line 1563 of /var/www/html/site/assets/cache/FileCompiler/site/modules/ProcessBlog/MarkupBlog.module)
2017-09-02 20:32:14	admin	http://159.203.101.212/blog/example-post/	Error: 	Uncaught TypeError: Argument 1 passed to MarkupBlog::renderComments() must be an instance of CommentArray, instance of ProcessWire\CommentArray given, called in /var/www/html/site/templates/blog-post.php on line 54 and defined in /var/www/html/site/assets/cache/FileCompiler/site/modules/ProcessBlog/MarkupBlog.module:510 Stack trace: #0 /var/www/html/site/templates/blog-post.php(54): MarkupBlog->renderComments(Object(ProcessWire\CommentArray)) #1 /var/www/html/wire/core/TemplateFile.php(268): require('/var/www/html/s...') #2 /var/www/html/wire/core/Wire.php(380): ProcessWire\TemplateFile->___render() #3 /var/www/html/wire/core/WireHooks.php(698): ProcessWire\Wire->_callMethod('___render', Array) #4 /var/www/html/wire/core/Wire.php(442): ProcessWire\WireHooks->runHooks(Object(ProcessWire\TemplateFile), 'render', Array) #5 /var/www/html/wire/modules/PageRender.module(514): ProcessWire\Wire->__call('render', Array) #6 /var/www/html/wire/core/Wire.php(383): ProcessWire\PageRender->___renderPage(Object(ProcessWire\ (line 510 of /var/www/html/site/assets/cache/FileCompiler/site/modules/ProcessBlog/MarkupBlog.module)
2017-09-02 20:32:16	admin	http://159.203.101.212/blog/	Error: 	Uncaught Error: Class 'Comment' not found in /var/www/html/site/assets/cache/FileCompiler/site/modules/ProcessBlog/MarkupBlog.module:1563 Stack trace: #0 /var/www/html/site/templates/blog-side-bar.inc(79): MarkupBlog->findRecentComments(0, 0, false) #1 /var/www/html/site/templates/blog-main.inc(95): include_once('/var/www/html/s...') #2 /var/www/html/site/assets/cache/FileCompiler/site/templates/blog.php(29): require_once('/var/www/html/s...') #3 /var/www/html/wire/core/TemplateFile.php(268): require('/var/www/html/s...') #4 /var/www/html/wire/core/Wire.php(380): ProcessWire\TemplateFile->___render() #5 /var/www/html/wire/core/WireHooks.php(698): ProcessWire\Wire->_callMethod('___render', Array) #6 /var/www/html/wire/core/Wire.php(442): ProcessWire\WireHooks->runHooks(Object(ProcessWire\TemplateFile), 'render', Array) #7 /var/www/html/wire/modules/PageRender.module(514): ProcessWire\Wire->__call('render', Array) #8 /var/www/html/wire/core/Wire.php(383): ProcessWire\PageRender->___renderPage(Object(ProcessWire (line 1563 of /var/www/html/site/assets/cache/FileCompiler/site/modules/ProcessBlog/MarkupBlog.module)
2017-09-02 20:32:22	admin	http://159.203.101.212/blog/	Error: 	Uncaught Error: Class 'Comment' not found in /var/www/html/site/assets/cache/FileCompiler/site/modules/ProcessBlog/MarkupBlog.module:1563 Stack trace: #0 /var/www/html/site/templates/blog-side-bar.inc(79): MarkupBlog->findRecentComments(0, 0, false) #1 /var/www/html/site/templates/blog-main.inc(95): include_once('/var/www/html/s...') #2 /var/www/html/site/assets/cache/FileCompiler/site/templates/blog.php(29): require_once('/var/www/html/s...') #3 /var/www/html/wire/core/TemplateFile.php(268): require('/var/www/html/s...') #4 /var/www/html/wire/core/Wire.php(380): ProcessWire\TemplateFile->___render() #5 /var/www/html/wire/core/WireHooks.php(698): ProcessWire\Wire->_callMethod('___render', Array) #6 /var/www/html/wire/core/Wire.php(442): ProcessWire\WireHooks->runHooks(Object(ProcessWire\TemplateFile), 'render', Array) #7 /var/www/html/wire/modules/PageRender.module(514): ProcessWire\Wire->__call('render', Array) #8 /var/www/html/wire/core/Wire.php(383): ProcessWire\PageRender->___renderPage(Object(ProcessWire (line 1563 of /var/www/html/site/assets/cache/FileCompiler/site/modules/ProcessBlog/MarkupBlog.module)
2017-09-02 20:33:50	admin	http://159.203.101.212/blog/	Error: 	Uncaught Error: Class 'Comment' not found in /var/www/html/site/assets/cache/FileCompiler/site/modules/ProcessBlog/MarkupBlog.module:1563 Stack trace: #0 /var/www/html/site/templates/blog-side-bar.inc(79): MarkupBlog->findRecentComments(0, 0, false) #1 /var/www/html/site/templates/blog-main.inc(95): include_once('/var/www/html/s...') #2 /var/www/html/site/assets/cache/FileCompiler/site/templates/blog.php(29): require_once('/var/www/html/s...') #3 /var/www/html/wire/core/TemplateFile.php(268): require('/var/www/html/s...') #4 /var/www/html/wire/core/Wire.php(380): ProcessWire\TemplateFile->___render() #5 /var/www/html/wire/core/WireHooks.php(698): ProcessWire\Wire->_callMethod('___render', Array) #6 /var/www/html/wire/core/Wire.php(442): ProcessWire\WireHooks->runHooks(Object(ProcessWire\TemplateFile), 'render', Array) #7 /var/www/html/wire/modules/PageRender.module(514): ProcessWire\Wire->__call('render', Array) #8 /var/www/html/wire/core/Wire.php(383): ProcessWire\PageRender->___renderPage(Object(ProcessWire (line 1563 of /var/www/html/site/assets/cache/FileCompiler/site/modules/ProcessBlog/MarkupBlog.module)
2017-09-03 16:33:22	admin	http://159.203.101.212/blog/example-post/	Error: 	Uncaught TypeError: Argument 1 passed to MarkupBlog::renderComments() must be an instance of CommentArray, instance of ProcessWire\CommentArray given, called in /var/www/html/site/templates/blog-post.php on line 54 and defined in /var/www/html/site/assets/cache/FileCompiler/site/modules/ProcessBlog/MarkupBlog.module:510 Stack trace: #0 /var/www/html/site/templates/blog-post.php(54): MarkupBlog->renderComments(Object(ProcessWire\CommentArray)) #1 /var/www/html/wire/core/TemplateFile.php(268): require('/var/www/html/s...') #2 /var/www/html/wire/core/Wire.php(380): ProcessWire\TemplateFile->___render() #3 /var/www/html/wire/core/WireHooks.php(698): ProcessWire\Wire->_callMethod('___render', Array) #4 /var/www/html/wire/core/Wire.php(442): ProcessWire\WireHooks->runHooks(Object(ProcessWire\TemplateFile), 'render', Array) #5 /var/www/html/wire/modules/PageRender.module(514): ProcessWire\Wire->__call('render', Array) #6 /var/www/html/wire/core/Wire.php(383): ProcessWire\PageRender->___renderPage(Object(ProcessWire\ (line 510 of /var/www/html/site/assets/cache/FileCompiler/site/modules/ProcessBlog/MarkupBlog.module)
2017-09-03 16:37:07	admin	http://159.203.101.212/blog/	Error: 	Exception: Unknown Selector operator: '' -- was your selector value properly escaped?  (in /var/www/html/wire/core/Selectors.php line 396)  #0 /var/www/html/wire/core/Selectors.php(439): ProcessWire\Selectors->create('blog', '', '-template') #1 /var/www/html/wire/core/Selectors.php(159): ProcessWire\Selectors->extractString('') #2 /var/www/html/wire/core/Selectors.php(145): ProcessWire\Selectors->setSelectorString('blog-template') #3 /var/www/html/wire/core/PagesLoader.php(217): ProcessWire\Selectors->init('blog-template') #4 /var/www/html/wire/core/Pages.php(232): ProcessWire\PagesLoader->find('blog-template', Array) #5 /var/www/html/wire/core/Wire.php(386): ProcessWire\Pages->___find('blog-template', Array) #6 /var/www/html/wire/core/WireHooks.php(698): ProcessWire\Wire->_callMethod('___find', Array) #7 /var/www/html/wire/core/Wire.php(442): ProcessWire\WireHooks->runHooks(Object(ProcessWire\Pages), 'find', Array) #8 /var/www/html/wire/core/PagesLoader.php(425): ProcessWire\Wire->__call('find', Array) #9 /v
2017-09-03 16:37:17	admin	http://159.203.101.212/blog/	Error: 	Exception: Unknown Selector operator: '' -- was your selector value properly escaped?  (in /var/www/html/wire/core/Selectors.php line 396)  #0 /var/www/html/wire/core/Selectors.php(439): ProcessWire\Selectors->create('.', '', '/blog-template') #1 /var/www/html/wire/core/Selectors.php(159): ProcessWire\Selectors->extractString('') #2 /var/www/html/wire/core/Selectors.php(145): ProcessWire\Selectors->setSelectorString('./blog-template') #3 /var/www/html/wire/core/PagesLoader.php(217): ProcessWire\Selectors->init('./blog-template') #4 /var/www/html/wire/core/Pages.php(232): ProcessWire\PagesLoader->find('./blog-template', Array) #5 /var/www/html/wire/core/Wire.php(386): ProcessWire\Pages->___find('./blog-template', Array) #6 /var/www/html/wire/core/WireHooks.php(698): ProcessWire\Wire->_callMethod('___find', Array) #7 /var/www/html/wire/core/Wire.php(442): ProcessWire\WireHooks->runHooks(Object(ProcessWire\Pages), 'find', Array) #8 /var/www/html/wire/core/PagesLoader.php(425): ProcessWire\Wire->__call('find', Ar
2017-09-03 16:40:10	admin	http://159.203.101.212/blog/	Error: 	Exception: Unknown Selector operator: '' -- was your selector value properly escaped?  (in /var/www/html/wire/core/Selectors.php line 396)  #0 /var/www/html/wire/core/Selectors.php(439): ProcessWire\Selectors->create('.', '', '/blog-template') #1 /var/www/html/wire/core/Selectors.php(159): ProcessWire\Selectors->extractString('') #2 /var/www/html/wire/core/Selectors.php(145): ProcessWire\Selectors->setSelectorString('./blog-template') #3 /var/www/html/wire/core/PagesLoader.php(217): ProcessWire\Selectors->init('./blog-template') #4 /var/www/html/wire/core/Pages.php(232): ProcessWire\PagesLoader->find('./blog-template', Array) #5 /var/www/html/wire/core/Wire.php(386): ProcessWire\Pages->___find('./blog-template', Array) #6 /var/www/html/wire/core/WireHooks.php(698): ProcessWire\Wire->_callMethod('___find', Array) #7 /var/www/html/wire/core/Wire.php(442): ProcessWire\WireHooks->runHooks(Object(ProcessWire\Pages), 'find', Array) #8 /var/www/html/wire/core/PagesLoader.php(425): ProcessWire\Wire->__call('find', Ar
2017-09-03 16:42:24	admin	http://159.203.101.212/blog/comments/	Error: 	Uncaught Error: Class 'Comment' not found in /var/www/html/site/assets/cache/FileCompiler/site/modules/ProcessBlog/MarkupBlog.module:1562 Stack trace: #0 /var/www/html/site/templates/blog-comments.php(27): MarkupBlog->findRecentComments(0, 0) #1 /var/www/html/wire/core/TemplateFile.php(268): require('/var/www/html/s...') #2 /var/www/html/wire/core/Wire.php(380): ProcessWire\TemplateFile->___render() #3 /var/www/html/wire/core/WireHooks.php(698): ProcessWire\Wire->_callMethod('___render', Array) #4 /var/www/html/wire/core/Wire.php(442): ProcessWire\WireHooks->runHooks(Object(ProcessWire\TemplateFile), 'render', Array) #5 /var/www/html/wire/modules/PageRender.module(514): ProcessWire\Wire->__call('render', Array) #6 /var/www/html/wire/core/Wire.php(383): ProcessWire\PageRender->___renderPage(Object(ProcessWire\HookEvent)) #7 /var/www/html/wire/core/WireHooks.php(698): ProcessWire\Wire->_callMethod('___renderPage', Array) #8 /var/www/html/wire/core/Wire.php(442): ProcessWire\WireHooks->runHooks(Object(ProcessWir (line 1562 of /var/www/html/site/assets/cache/FileCompiler/site/modules/ProcessBlog/MarkupBlog.module)
2017-09-03 16:42:34	admin	http://159.203.101.212/blog/example-post/	Error: 	Uncaught TypeError: Argument 1 passed to MarkupBlog::renderComments() must be an instance of CommentArray, instance of ProcessWire\CommentArray given, called in /var/www/html/site/templates/blog-post.php on line 54 and defined in /var/www/html/site/assets/cache/FileCompiler/site/modules/ProcessBlog/MarkupBlog.module:510 Stack trace: #0 /var/www/html/site/templates/blog-post.php(54): MarkupBlog->renderComments(Object(ProcessWire\CommentArray)) #1 /var/www/html/wire/core/TemplateFile.php(268): require('/var/www/html/s...') #2 /var/www/html/wire/core/Wire.php(380): ProcessWire\TemplateFile->___render() #3 /var/www/html/wire/core/WireHooks.php(698): ProcessWire\Wire->_callMethod('___render', Array) #4 /var/www/html/wire/core/Wire.php(442): ProcessWire\WireHooks->runHooks(Object(ProcessWire\TemplateFile), 'render', Array) #5 /var/www/html/wire/modules/PageRender.module(514): ProcessWire\Wire->__call('render', Array) #6 /var/www/html/wire/core/Wire.php(383): ProcessWire\PageRender->___renderPage(Object(ProcessWire\ (line 510 of /var/www/html/site/assets/cache/FileCompiler/site/modules/ProcessBlog/MarkupBlog.module)
2017-09-03 18:54:27	admin	http://159.203.101.212/blog/	Parse Error: 	syntax error, unexpected ')' (line 30 of /var/www/html/site/templates/blog-main.inc)
2017-09-03 19:00:00	admin	http://159.203.101.212/blog/	Parse Error: 	syntax error, unexpected ')' (line 30 of /var/www/html/site/templates/blog-main.inc)
2017-09-03 19:00:01	admin	http://159.203.101.212/blog/	Parse Error: 	syntax error, unexpected ')' (line 30 of /var/www/html/site/templates/blog-main.inc)
2017-09-03 19:00:02	admin	http://159.203.101.212/blog/	Parse Error: 	syntax error, unexpected ')' (line 30 of /var/www/html/site/templates/blog-main.inc)
2017-09-03 19:00:02	admin	http://159.203.101.212/blog/	Parse Error: 	syntax error, unexpected ')' (line 30 of /var/www/html/site/templates/blog-main.inc)
2017-09-03 19:00:02	admin	http://159.203.101.212/blog/	Parse Error: 	syntax error, unexpected ')' (line 30 of /var/www/html/site/templates/blog-main.inc)
2017-09-03 19:00:03	admin	http://159.203.101.212/blog/	Parse Error: 	syntax error, unexpected ')' (line 30 of /var/www/html/site/templates/blog-main.inc)
2017-09-03 19:00:04	admin	http://159.203.101.212/blog/	Parse Error: 	syntax error, unexpected ')' (line 30 of /var/www/html/site/templates/blog-main.inc)
2017-09-03 19:00:04	admin	http://159.203.101.212/blog/	Parse Error: 	syntax error, unexpected ')' (line 30 of /var/www/html/site/templates/blog-main.inc)
2017-09-03 19:00:05	admin	http://159.203.101.212/blog/	Parse Error: 	syntax error, unexpected ')' (line 30 of /var/www/html/site/templates/blog-main.inc)
2017-09-03 19:03:52	admin	http://159.203.101.212/blog/	Error: 	Exception: Unknown Selector operator: '' -- was your selector value properly escaped?  (in /var/www/html/wire/core/Selectors.php line 396)  #0 /var/www/html/wire/core/Selectors.php(439): ProcessWire\Selectors->create('true', '', '') #1 /var/www/html/wire/core/Selectors.php(159): ProcessWire\Selectors->extractString('') #2 /var/www/html/wire/core/Selectors.php(145): ProcessWire\Selectors->setSelectorString('template=blog-p...') #3 /var/www/html/wire/core/PagesLoader.php(217): ProcessWire\Selectors->init('template=blog-p...') #4 /var/www/html/wire/core/Pages.php(232): ProcessWire\PagesLoader->find('template=blog-p...', Array) #5 /var/www/html/wire/core/Wire.php(383): ProcessWire\Pages->___find('template=blog-p...') #6 /var/www/html/wire/core/WireHooks.php(698): ProcessWire\Wire->_callMethod('___find', Array) #7 /var/www/html/wire/core/Wire.php(442): ProcessWire\WireHooks->runHooks(Object(ProcessWire\Pages), 'find', Array) #8 /var/www/html/site/assets/cache/FileCompiler/site/modules/ProcessBlog/MarkupBlog.module
2017-09-03 19:04:00	admin	http://159.203.101.212/blog/	Error: 	Exception: renderPosts requires a PageArray, Page or selector string (in /var/www/html/site/assets/cache/FileCompiler/site/modules/ProcessBlog/MarkupBlog.module line 1154)  #0 /var/www/html/site/assets/cache/FileCompiler/site/modules/ProcessBlog/MarkupBlog.module(882): MarkupBlog->getPosts(true) #1 /var/www/html/site/assets/cache/FileCompiler/site/templates/blog.php(25): MarkupBlog->renderPosts(true, 'limit=') #2 /var/www/html/wire/core/TemplateFile.php(268): require('/var/www/html/s...') #3 /var/www/html/wire/core/Wire.php(380): ProcessWire\TemplateFile->___render() #4 /var/www/html/wire/core/WireHooks.php(698): ProcessWire\Wire->_callMethod('___render', Array) #5 /var/www/html/wire/core/Wire.php(442): ProcessWire\WireHooks->runHooks(Object(ProcessWire\TemplateFile), 'render', Array) #6 /var/www/html/wire/modules/PageRender.module(514): ProcessWire\Wire->__call('render', Array) #7 /var/www/html/wire/core/Wire.php(383): ProcessWire\PageRender->___renderPage(Object(ProcessWire\HookEvent)) #8 /var/www/html/wire
2017-09-03 20:19:33	admin	http://159.203.101.212/blog/	Error: 	Uncaught TypeError: Argument 1 passed to MarkupBlog::renderArchives() must be of the type array, none given, called in /var/www/html/site/templates/blog-main.inc on line 128 and defined in /var/www/html/site/assets/cache/FileCompiler/site/modules/ProcessBlog/MarkupBlog.module:358 Stack trace: #0 /var/www/html/site/templates/blog-main.inc(128): MarkupBlog->renderArchives() #1 /var/www/html/site/assets/cache/FileCompiler/site/templates/blog.php(29): require_once('/var/www/html/s...') #2 /var/www/html/wire/core/TemplateFile.php(268): require('/var/www/html/s...') #3 /var/www/html/wire/core/Wire.php(380): ProcessWire\TemplateFile->___render() #4 /var/www/html/wire/core/WireHooks.php(698): ProcessWire\Wire->_callMethod('___render', Array) #5 /var/www/html/wire/core/Wire.php(442): ProcessWire\WireHooks->runHooks(Object(ProcessWire\TemplateFile), 'render', Array) #6 /var/www/html/wire/modules/PageRender.module(514): ProcessWire\Wire->__call('render', Array) #7 /var/www/html/wire/core/Wire.php(383): ProcessWire\PageR (line 358 of /var/www/html/site/assets/cache/FileCompiler/site/modules/ProcessBlog/MarkupBlog.module)
2017-09-03 20:20:00	admin	http://159.203.101.212/blog/archives/	Error: 	Uncaught TypeError: Argument 1 passed to MarkupBlog::renderCategories() must be an instance of ProcessWire\PageArray, null given, called in /var/www/html/site/templates/blog-main.inc on line 124 and defined in /var/www/html/site/assets/cache/FileCompiler/site/modules/ProcessBlog/MarkupBlog.module:284 Stack trace: #0 /var/www/html/site/templates/blog-main.inc(124): MarkupBlog->renderCategories(NULL, 3) #1 /var/www/html/site/templates/blog-archives.php(86): require_once('/var/www/html/s...') #2 /var/www/html/wire/core/TemplateFile.php(268): require('/var/www/html/s...') #3 /var/www/html/wire/core/Wire.php(380): ProcessWire\TemplateFile->___render() #4 /var/www/html/wire/core/WireHooks.php(698): ProcessWire\Wire->_callMethod('___render', Array) #5 /var/www/html/wire/core/Wire.php(442): ProcessWire\WireHooks->runHooks(Object(ProcessWire\TemplateFile), 'render', Array) #6 /var/www/html/wire/modules/PageRender.module(514): ProcessWire\Wire->__call('render', Array) #7 /var/www/html/wire/core/Wire.php(383): ProcessWi (line 284 of /var/www/html/site/assets/cache/FileCompiler/site/modules/ProcessBlog/MarkupBlog.module)
2017-09-03 20:21:35	admin	http://159.203.101.212/blog/archives/	Error: 	Uncaught TypeError: Argument 1 passed to MarkupBlog::renderCategories() must be an instance of ProcessWire\PageArray, null given, called in /var/www/html/site/templates/blog-main.inc on line 124 and defined in /var/www/html/site/assets/cache/FileCompiler/site/modules/ProcessBlog/MarkupBlog.module:284 Stack trace: #0 /var/www/html/site/templates/blog-main.inc(124): MarkupBlog->renderCategories(NULL, 3) #1 /var/www/html/site/templates/blog-archives.php(86): require_once('/var/www/html/s...') #2 /var/www/html/wire/core/TemplateFile.php(268): require('/var/www/html/s...') #3 /var/www/html/wire/core/Wire.php(380): ProcessWire\TemplateFile->___render() #4 /var/www/html/wire/core/WireHooks.php(698): ProcessWire\Wire->_callMethod('___render', Array) #5 /var/www/html/wire/core/Wire.php(442): ProcessWire\WireHooks->runHooks(Object(ProcessWire\TemplateFile), 'render', Array) #6 /var/www/html/wire/modules/PageRender.module(514): ProcessWire\Wire->__call('render', Array) #7 /var/www/html/wire/core/Wire.php(383): ProcessWi (line 284 of /var/www/html/site/assets/cache/FileCompiler/site/modules/ProcessBlog/MarkupBlog.module)
2017-09-03 20:21:44	admin	http://159.203.101.212/blog/archives/	Error: 	Uncaught TypeError: Argument 1 passed to MarkupBlog::renderCategories() must be an instance of ProcessWire\PageArray, null given, called in /var/www/html/site/templates/blog-main.inc on line 124 and defined in /var/www/html/site/assets/cache/FileCompiler/site/modules/ProcessBlog/MarkupBlog.module:284 Stack trace: #0 /var/www/html/site/templates/blog-main.inc(124): MarkupBlog->renderCategories(NULL, 3) #1 /var/www/html/site/templates/blog-archives.php(86): require_once('/var/www/html/s...') #2 /var/www/html/wire/core/TemplateFile.php(268): require('/var/www/html/s...') #3 /var/www/html/wire/core/Wire.php(380): ProcessWire\TemplateFile->___render() #4 /var/www/html/wire/core/WireHooks.php(698): ProcessWire\Wire->_callMethod('___render', Array) #5 /var/www/html/wire/core/Wire.php(442): ProcessWire\WireHooks->runHooks(Object(ProcessWire\TemplateFile), 'render', Array) #6 /var/www/html/wire/modules/PageRender.module(514): ProcessWire\Wire->__call('render', Array) #7 /var/www/html/wire/core/Wire.php(383): ProcessWi (line 284 of /var/www/html/site/assets/cache/FileCompiler/site/modules/ProcessBlog/MarkupBlog.module)
2017-09-03 20:21:49	admin	http://159.203.101.212/blog/archives/	Error: 	Uncaught TypeError: Argument 1 passed to MarkupBlog::renderCategories() must be an instance of ProcessWire\PageArray, null given, called in /var/www/html/site/templates/blog-main.inc on line 124 and defined in /var/www/html/site/assets/cache/FileCompiler/site/modules/ProcessBlog/MarkupBlog.module:284 Stack trace: #0 /var/www/html/site/templates/blog-main.inc(124): MarkupBlog->renderCategories(NULL, 3) #1 /var/www/html/site/templates/blog-archives.php(86): require_once('/var/www/html/s...') #2 /var/www/html/wire/core/TemplateFile.php(268): require('/var/www/html/s...') #3 /var/www/html/wire/core/Wire.php(380): ProcessWire\TemplateFile->___render() #4 /var/www/html/wire/core/WireHooks.php(698): ProcessWire\Wire->_callMethod('___render', Array) #5 /var/www/html/wire/core/Wire.php(442): ProcessWire\WireHooks->runHooks(Object(ProcessWire\TemplateFile), 'render', Array) #6 /var/www/html/wire/modules/PageRender.module(514): ProcessWire\Wire->__call('render', Array) #7 /var/www/html/wire/core/Wire.php(383): ProcessWi (line 284 of /var/www/html/site/assets/cache/FileCompiler/site/modules/ProcessBlog/MarkupBlog.module)
2017-09-03 21:19:20	admin	http://159.203.101.212/blog/	Error: 	Uncaught Error: Call to a member function render() on null in /var/www/html/site/assets/cache/FileCompiler/site/modules/ProcessBlog/MarkupBlog.module:1044 Stack trace: #0 /var/www/html/site/assets/cache/FileCompiler/site/modules/ProcessBlog/MarkupBlog.module(966): MarkupBlog->renderPostHead(Object(ProcessWire\Page)) #1 /var/www/html/site/assets/cache/FileCompiler/site/templates/blog.php(25): MarkupBlog->renderPosts(Object(ProcessWire\PageArray), true) #2 /var/www/html/wire/core/TemplateFile.php(268): require('/var/www/html/s...') #3 /var/www/html/wire/core/Wire.php(380): ProcessWire\TemplateFile->___render() #4 /var/www/html/wire/core/WireHooks.php(698): ProcessWire\Wire->_callMethod('___render', Array) #5 /var/www/html/wire/core/Wire.php(442): ProcessWire\WireHooks->runHooks(Object(ProcessWire\TemplateFile), 'render', Array) #6 /var/www/html/wire/modules/PageRender.module(514): ProcessWire\Wire->__call('render', Array) #7 /var/www/html/wire/core/Wire.php(383): ProcessWire\PageRender->___renderPage(Object(Pro (line 1044 of /var/www/html/site/assets/cache/FileCompiler/site/modules/ProcessBlog/MarkupBlog.module)
2017-09-03 21:20:33	admin	http://159.203.101.212/blog/	Error: 	Uncaught Error: Call to a member function render() on null in /var/www/html/site/assets/cache/FileCompiler/site/modules/ProcessBlog/MarkupBlog.module:1051 Stack trace: #0 /var/www/html/site/assets/cache/FileCompiler/site/modules/ProcessBlog/MarkupBlog.module(966): MarkupBlog->renderPostHead(Object(ProcessWire\Page)) #1 /var/www/html/site/assets/cache/FileCompiler/site/templates/blog.php(25): MarkupBlog->renderPosts(Object(ProcessWire\PageArray), true) #2 /var/www/html/wire/core/TemplateFile.php(268): require('/var/www/html/s...') #3 /var/www/html/wire/core/Wire.php(380): ProcessWire\TemplateFile->___render() #4 /var/www/html/wire/core/WireHooks.php(698): ProcessWire\Wire->_callMethod('___render', Array) #5 /var/www/html/wire/core/Wire.php(442): ProcessWire\WireHooks->runHooks(Object(ProcessWire\TemplateFile), 'render', Array) #6 /var/www/html/wire/modules/PageRender.module(514): ProcessWire\Wire->__call('render', Array) #7 /var/www/html/wire/core/Wire.php(383): ProcessWire\PageRender->___renderPage(Object(Pro (line 1051 of /var/www/html/site/assets/cache/FileCompiler/site/modules/ProcessBlog/MarkupBlog.module)
2017-09-03 21:20:35	admin	http://159.203.101.212/blog/	Error: 	Uncaught Error: Call to a member function render() on null in /var/www/html/site/assets/cache/FileCompiler/site/modules/ProcessBlog/MarkupBlog.module:1051 Stack trace: #0 /var/www/html/site/assets/cache/FileCompiler/site/modules/ProcessBlog/MarkupBlog.module(966): MarkupBlog->renderPostHead(Object(ProcessWire\Page)) #1 /var/www/html/site/assets/cache/FileCompiler/site/templates/blog.php(25): MarkupBlog->renderPosts(Object(ProcessWire\PageArray), true) #2 /var/www/html/wire/core/TemplateFile.php(268): require('/var/www/html/s...') #3 /var/www/html/wire/core/Wire.php(380): ProcessWire\TemplateFile->___render() #4 /var/www/html/wire/core/WireHooks.php(698): ProcessWire\Wire->_callMethod('___render', Array) #5 /var/www/html/wire/core/Wire.php(442): ProcessWire\WireHooks->runHooks(Object(ProcessWire\TemplateFile), 'render', Array) #6 /var/www/html/wire/modules/PageRender.module(514): ProcessWire\Wire->__call('render', Array) #7 /var/www/html/wire/core/Wire.php(383): ProcessWire\PageRender->___renderPage(Object(Pro (line 1051 of /var/www/html/site/assets/cache/FileCompiler/site/modules/ProcessBlog/MarkupBlog.module)
2017-09-03 21:20:36	admin	http://159.203.101.212/blog/	Error: 	Uncaught Error: Call to a member function render() on null in /var/www/html/site/assets/cache/FileCompiler/site/modules/ProcessBlog/MarkupBlog.module:1051 Stack trace: #0 /var/www/html/site/assets/cache/FileCompiler/site/modules/ProcessBlog/MarkupBlog.module(966): MarkupBlog->renderPostHead(Object(ProcessWire\Page)) #1 /var/www/html/site/assets/cache/FileCompiler/site/templates/blog.php(25): MarkupBlog->renderPosts(Object(ProcessWire\PageArray), true) #2 /var/www/html/wire/core/TemplateFile.php(268): require('/var/www/html/s...') #3 /var/www/html/wire/core/Wire.php(380): ProcessWire\TemplateFile->___render() #4 /var/www/html/wire/core/WireHooks.php(698): ProcessWire\Wire->_callMethod('___render', Array) #5 /var/www/html/wire/core/Wire.php(442): ProcessWire\WireHooks->runHooks(Object(ProcessWire\TemplateFile), 'render', Array) #6 /var/www/html/wire/modules/PageRender.module(514): ProcessWire\Wire->__call('render', Array) #7 /var/www/html/wire/core/Wire.php(383): ProcessWire\PageRender->___renderPage(Object(Pro (line 1051 of /var/www/html/site/assets/cache/FileCompiler/site/modules/ProcessBlog/MarkupBlog.module)
2017-09-03 21:20:36	admin	http://159.203.101.212/blog/	Error: 	Uncaught Error: Call to a member function render() on null in /var/www/html/site/assets/cache/FileCompiler/site/modules/ProcessBlog/MarkupBlog.module:1051 Stack trace: #0 /var/www/html/site/assets/cache/FileCompiler/site/modules/ProcessBlog/MarkupBlog.module(966): MarkupBlog->renderPostHead(Object(ProcessWire\Page)) #1 /var/www/html/site/assets/cache/FileCompiler/site/templates/blog.php(25): MarkupBlog->renderPosts(Object(ProcessWire\PageArray), true) #2 /var/www/html/wire/core/TemplateFile.php(268): require('/var/www/html/s...') #3 /var/www/html/wire/core/Wire.php(380): ProcessWire\TemplateFile->___render() #4 /var/www/html/wire/core/WireHooks.php(698): ProcessWire\Wire->_callMethod('___render', Array) #5 /var/www/html/wire/core/Wire.php(442): ProcessWire\WireHooks->runHooks(Object(ProcessWire\TemplateFile), 'render', Array) #6 /var/www/html/wire/modules/PageRender.module(514): ProcessWire\Wire->__call('render', Array) #7 /var/www/html/wire/core/Wire.php(383): ProcessWire\PageRender->___renderPage(Object(Pro (line 1051 of /var/www/html/site/assets/cache/FileCompiler/site/modules/ProcessBlog/MarkupBlog.module)
2017-09-03 21:20:36	admin	http://159.203.101.212/blog/	Error: 	Uncaught Error: Call to a member function render() on null in /var/www/html/site/assets/cache/FileCompiler/site/modules/ProcessBlog/MarkupBlog.module:1051 Stack trace: #0 /var/www/html/site/assets/cache/FileCompiler/site/modules/ProcessBlog/MarkupBlog.module(966): MarkupBlog->renderPostHead(Object(ProcessWire\Page)) #1 /var/www/html/site/assets/cache/FileCompiler/site/templates/blog.php(25): MarkupBlog->renderPosts(Object(ProcessWire\PageArray), true) #2 /var/www/html/wire/core/TemplateFile.php(268): require('/var/www/html/s...') #3 /var/www/html/wire/core/Wire.php(380): ProcessWire\TemplateFile->___render() #4 /var/www/html/wire/core/WireHooks.php(698): ProcessWire\Wire->_callMethod('___render', Array) #5 /var/www/html/wire/core/Wire.php(442): ProcessWire\WireHooks->runHooks(Object(ProcessWire\TemplateFile), 'render', Array) #6 /var/www/html/wire/modules/PageRender.module(514): ProcessWire\Wire->__call('render', Array) #7 /var/www/html/wire/core/Wire.php(383): ProcessWire\PageRender->___renderPage(Object(Pro (line 1051 of /var/www/html/site/assets/cache/FileCompiler/site/modules/ProcessBlog/MarkupBlog.module)
2017-09-03 21:21:23	admin	http://159.203.101.212/blog/	Parse Error: 	syntax error, unexpected 'echo' (T_ECHO) (line 1051 of /var/www/html/site/assets/cache/FileCompiler/site/modules/ProcessBlog/MarkupBlog.module)
2017-09-03 21:21:38	admin	http://159.203.101.212/blog/	Parse Error: 	syntax error, unexpected 'echo' (T_ECHO) (line 1052 of /var/www/html/site/assets/cache/FileCompiler/site/modules/ProcessBlog/MarkupBlog.module)
2017-09-03 21:25:51	admin	http://159.203.101.212/blog/	Error: 	Uncaught Error: Call to a member function render() on null in /var/www/html/site/assets/cache/FileCompiler/site/modules/ProcessBlog/MarkupBlog.module:1045 Stack trace: #0 /var/www/html/site/assets/cache/FileCompiler/site/modules/ProcessBlog/MarkupBlog.module(966): MarkupBlog->renderPostHead(Object(ProcessWire\Page)) #1 /var/www/html/site/assets/cache/FileCompiler/site/templates/blog.php(25): MarkupBlog->renderPosts(Object(ProcessWire\PageArray), true) #2 /var/www/html/wire/core/TemplateFile.php(268): require('/var/www/html/s...') #3 /var/www/html/wire/core/Wire.php(380): ProcessWire\TemplateFile->___render() #4 /var/www/html/wire/core/WireHooks.php(698): ProcessWire\Wire->_callMethod('___render', Array) #5 /var/www/html/wire/core/Wire.php(442): ProcessWire\WireHooks->runHooks(Object(ProcessWire\TemplateFile), 'render', Array) #6 /var/www/html/wire/modules/PageRender.module(514): ProcessWire\Wire->__call('render', Array) #7 /var/www/html/wire/core/Wire.php(383): ProcessWire\PageRender->___renderPage(Object(Pro (line 1045 of /var/www/html/site/assets/cache/FileCompiler/site/modules/ProcessBlog/MarkupBlog.module)
2017-09-03 21:25:53	admin	http://159.203.101.212/blog/	Error: 	Uncaught Error: Call to a member function render() on null in /var/www/html/site/assets/cache/FileCompiler/site/modules/ProcessBlog/MarkupBlog.module:1045 Stack trace: #0 /var/www/html/site/assets/cache/FileCompiler/site/modules/ProcessBlog/MarkupBlog.module(966): MarkupBlog->renderPostHead(Object(ProcessWire\Page)) #1 /var/www/html/site/assets/cache/FileCompiler/site/templates/blog.php(25): MarkupBlog->renderPosts(Object(ProcessWire\PageArray), true) #2 /var/www/html/wire/core/TemplateFile.php(268): require('/var/www/html/s...') #3 /var/www/html/wire/core/Wire.php(380): ProcessWire\TemplateFile->___render() #4 /var/www/html/wire/core/WireHooks.php(698): ProcessWire\Wire->_callMethod('___render', Array) #5 /var/www/html/wire/core/Wire.php(442): ProcessWire\WireHooks->runHooks(Object(ProcessWire\TemplateFile), 'render', Array) #6 /var/www/html/wire/modules/PageRender.module(514): ProcessWire\Wire->__call('render', Array) #7 /var/www/html/wire/core/Wire.php(383): ProcessWire\PageRender->___renderPage(Object(Pro (line 1045 of /var/www/html/site/assets/cache/FileCompiler/site/modules/ProcessBlog/MarkupBlog.module)
2017-09-03 21:27:08	admin	http://159.203.101.212/blog/	Error: 	Uncaught Error: Call to a member function render() on null in /var/www/html/site/assets/cache/FileCompiler/site/modules/ProcessBlog/MarkupBlog.module:1045 Stack trace: #0 /var/www/html/site/assets/cache/FileCompiler/site/modules/ProcessBlog/MarkupBlog.module(966): MarkupBlog->renderPostHead(Object(ProcessWire\Page)) #1 /var/www/html/site/assets/cache/FileCompiler/site/templates/blog.php(25): MarkupBlog->renderPosts(Object(ProcessWire\PageArray), true) #2 /var/www/html/wire/core/TemplateFile.php(268): require('/var/www/html/s...') #3 /var/www/html/wire/core/Wire.php(380): ProcessWire\TemplateFile->___render() #4 /var/www/html/wire/core/WireHooks.php(698): ProcessWire\Wire->_callMethod('___render', Array) #5 /var/www/html/wire/core/Wire.php(442): ProcessWire\WireHooks->runHooks(Object(ProcessWire\TemplateFile), 'render', Array) #6 /var/www/html/wire/modules/PageRender.module(514): ProcessWire\Wire->__call('render', Array) #7 /var/www/html/wire/core/Wire.php(383): ProcessWire\PageRender->___renderPage(Object(Pro (line 1045 of /var/www/html/site/assets/cache/FileCompiler/site/modules/ProcessBlog/MarkupBlog.module)
2017-09-03 21:27:09	admin	http://159.203.101.212/blog/	Error: 	Uncaught Error: Call to a member function render() on null in /var/www/html/site/assets/cache/FileCompiler/site/modules/ProcessBlog/MarkupBlog.module:1045 Stack trace: #0 /var/www/html/site/assets/cache/FileCompiler/site/modules/ProcessBlog/MarkupBlog.module(966): MarkupBlog->renderPostHead(Object(ProcessWire\Page)) #1 /var/www/html/site/assets/cache/FileCompiler/site/templates/blog.php(25): MarkupBlog->renderPosts(Object(ProcessWire\PageArray), true) #2 /var/www/html/wire/core/TemplateFile.php(268): require('/var/www/html/s...') #3 /var/www/html/wire/core/Wire.php(380): ProcessWire\TemplateFile->___render() #4 /var/www/html/wire/core/WireHooks.php(698): ProcessWire\Wire->_callMethod('___render', Array) #5 /var/www/html/wire/core/Wire.php(442): ProcessWire\WireHooks->runHooks(Object(ProcessWire\TemplateFile), 'render', Array) #6 /var/www/html/wire/modules/PageRender.module(514): ProcessWire\Wire->__call('render', Array) #7 /var/www/html/wire/core/Wire.php(383): ProcessWire\PageRender->___renderPage(Object(Pro (line 1045 of /var/www/html/site/assets/cache/FileCompiler/site/modules/ProcessBlog/MarkupBlog.module)
2017-09-03 21:29:36	admin	http://159.203.101.212/blog/	Error: 	Uncaught Error: Call to a member function render() on null in /var/www/html/site/assets/cache/FileCompiler/site/modules/ProcessBlog/MarkupBlog.module:1044 Stack trace: #0 /var/www/html/site/assets/cache/FileCompiler/site/modules/ProcessBlog/MarkupBlog.module(966): MarkupBlog->renderPostHead(Object(ProcessWire\Page)) #1 /var/www/html/site/assets/cache/FileCompiler/site/templates/blog.php(25): MarkupBlog->renderPosts(Object(ProcessWire\PageArray), true) #2 /var/www/html/wire/core/TemplateFile.php(268): require('/var/www/html/s...') #3 /var/www/html/wire/core/Wire.php(380): ProcessWire\TemplateFile->___render() #4 /var/www/html/wire/core/WireHooks.php(698): ProcessWire\Wire->_callMethod('___render', Array) #5 /var/www/html/wire/core/Wire.php(442): ProcessWire\WireHooks->runHooks(Object(ProcessWire\TemplateFile), 'render', Array) #6 /var/www/html/wire/modules/PageRender.module(514): ProcessWire\Wire->__call('render', Array) #7 /var/www/html/wire/core/Wire.php(383): ProcessWire\PageRender->___renderPage(Object(Pro (line 1044 of /var/www/html/site/assets/cache/FileCompiler/site/modules/ProcessBlog/MarkupBlog.module)
2017-09-03 21:29:37	admin	http://159.203.101.212/blog/	Error: 	Uncaught Error: Call to a member function render() on null in /var/www/html/site/assets/cache/FileCompiler/site/modules/ProcessBlog/MarkupBlog.module:1044 Stack trace: #0 /var/www/html/site/assets/cache/FileCompiler/site/modules/ProcessBlog/MarkupBlog.module(966): MarkupBlog->renderPostHead(Object(ProcessWire\Page)) #1 /var/www/html/site/assets/cache/FileCompiler/site/templates/blog.php(25): MarkupBlog->renderPosts(Object(ProcessWire\PageArray), true) #2 /var/www/html/wire/core/TemplateFile.php(268): require('/var/www/html/s...') #3 /var/www/html/wire/core/Wire.php(380): ProcessWire\TemplateFile->___render() #4 /var/www/html/wire/core/WireHooks.php(698): ProcessWire\Wire->_callMethod('___render', Array) #5 /var/www/html/wire/core/Wire.php(442): ProcessWire\WireHooks->runHooks(Object(ProcessWire\TemplateFile), 'render', Array) #6 /var/www/html/wire/modules/PageRender.module(514): ProcessWire\Wire->__call('render', Array) #7 /var/www/html/wire/core/Wire.php(383): ProcessWire\PageRender->___renderPage(Object(Pro (line 1044 of /var/www/html/site/assets/cache/FileCompiler/site/modules/ProcessBlog/MarkupBlog.module)
2017-09-03 21:32:34	admin	http://159.203.101.212/blog/	Error: 	Uncaught Error: Call to a member function render() on null in /var/www/html/site/assets/cache/FileCompiler/site/modules/ProcessBlog/MarkupBlog.module:1045 Stack trace: #0 /var/www/html/site/assets/cache/FileCompiler/site/modules/ProcessBlog/MarkupBlog.module(966): MarkupBlog->renderPostHead(Object(ProcessWire\Page)) #1 /var/www/html/site/assets/cache/FileCompiler/site/templates/blog.php(25): MarkupBlog->renderPosts(Object(ProcessWire\PageArray), true) #2 /var/www/html/wire/core/TemplateFile.php(268): require('/var/www/html/s...') #3 /var/www/html/wire/core/Wire.php(380): ProcessWire\TemplateFile->___render() #4 /var/www/html/wire/core/WireHooks.php(698): ProcessWire\Wire->_callMethod('___render', Array) #5 /var/www/html/wire/core/Wire.php(442): ProcessWire\WireHooks->runHooks(Object(ProcessWire\TemplateFile), 'render', Array) #6 /var/www/html/wire/modules/PageRender.module(514): ProcessWire\Wire->__call('render', Array) #7 /var/www/html/wire/core/Wire.php(383): ProcessWire\PageRender->___renderPage(Object(Pro (line 1045 of /var/www/html/site/assets/cache/FileCompiler/site/modules/ProcessBlog/MarkupBlog.module)
2017-09-03 21:34:18	admin	http://159.203.101.212/blog/	Error: 	Uncaught Error: Call to a member function render() on null in /var/www/html/site/assets/cache/FileCompiler/site/modules/ProcessBlog/MarkupBlog.module:1014 Stack trace: #0 /var/www/html/site/assets/cache/FileCompiler/site/modules/ProcessBlog/MarkupBlog.module(966): MarkupBlog->renderPostHead(Object(ProcessWire\Page)) #1 /var/www/html/site/assets/cache/FileCompiler/site/templates/blog.php(25): MarkupBlog->renderPosts(Object(ProcessWire\PageArray), true) #2 /var/www/html/wire/core/TemplateFile.php(268): require('/var/www/html/s...') #3 /var/www/html/wire/core/Wire.php(380): ProcessWire\TemplateFile->___render() #4 /var/www/html/wire/core/WireHooks.php(698): ProcessWire\Wire->_callMethod('___render', Array) #5 /var/www/html/wire/core/Wire.php(442): ProcessWire\WireHooks->runHooks(Object(ProcessWire\TemplateFile), 'render', Array) #6 /var/www/html/wire/modules/PageRender.module(514): ProcessWire\Wire->__call('render', Array) #7 /var/www/html/wire/core/Wire.php(383): ProcessWire\PageRender->___renderPage(Object(Pro (line 1014 of /var/www/html/site/assets/cache/FileCompiler/site/modules/ProcessBlog/MarkupBlog.module)
2017-09-03 22:19:07	admin	http://159.203.101.212/blog/categories/residential/	Error: 	Uncaught TypeError: Argument 1 passed to MarkupBlog::renderCategories() must be an instance of ProcessWire\PageArray, null given, called in /var/www/html/site/templates/blog-main.inc on line 133 and defined in /var/www/html/site/assets/cache/FileCompiler/site/modules/ProcessBlog/MarkupBlog.module:284 Stack trace: #0 /var/www/html/site/templates/blog-main.inc(133): MarkupBlog->renderCategories(NULL, 3) #1 /var/www/html/site/templates/blog-category.php(37): require_once('/var/www/html/s...') #2 /var/www/html/wire/core/TemplateFile.php(268): require('/var/www/html/s...') #3 /var/www/html/wire/core/Wire.php(380): ProcessWire\TemplateFile->___render() #4 /var/www/html/wire/core/WireHooks.php(698): ProcessWire\Wire->_callMethod('___render', Array) #5 /var/www/html/wire/core/Wire.php(442): ProcessWire\WireHooks->runHooks(Object(ProcessWire\TemplateFile), 'render', Array) #6 /var/www/html/wire/modules/PageRender.module(514): ProcessWire\Wire->__call('render', Array) #7 /var/www/html/wire/core/Wire.php(383): ProcessWi (line 284 of /var/www/html/site/assets/cache/FileCompiler/site/modules/ProcessBlog/MarkupBlog.module)
2017-09-03 22:46:35	admin	http://159.203.101.212/blog/archives/	Error: 	Uncaught TypeError: Argument 1 passed to MarkupBlog::renderCategories() must be an instance of ProcessWire\PageArray, null given, called in /var/www/html/site/templates/blog-main.inc on line 133 and defined in /var/www/html/site/assets/cache/FileCompiler/site/modules/ProcessBlog/MarkupBlog.module:284 Stack trace: #0 /var/www/html/site/templates/blog-main.inc(133): MarkupBlog->renderCategories(NULL, 3) #1 /var/www/html/site/templates/blog-archives.php(86): require_once('/var/www/html/s...') #2 /var/www/html/wire/core/TemplateFile.php(268): require('/var/www/html/s...') #3 /var/www/html/wire/core/Wire.php(380): ProcessWire\TemplateFile->___render() #4 /var/www/html/wire/core/WireHooks.php(698): ProcessWire\Wire->_callMethod('___render', Array) #5 /var/www/html/wire/core/Wire.php(442): ProcessWire\WireHooks->runHooks(Object(ProcessWire\TemplateFile), 'render', Array) #6 /var/www/html/wire/modules/PageRender.module(514): ProcessWire\Wire->__call('render', Array) #7 /var/www/html/wire/core/Wire.php(383): ProcessWi (line 284 of /var/www/html/site/assets/cache/FileCompiler/site/modules/ProcessBlog/MarkupBlog.module)
2017-09-03 22:46:41	admin	http://159.203.101.212/blog/archives/	Error: 	Uncaught TypeError: Argument 1 passed to MarkupBlog::renderCategories() must be an instance of ProcessWire\PageArray, null given, called in /var/www/html/site/templates/blog-main.inc on line 133 and defined in /var/www/html/site/assets/cache/FileCompiler/site/modules/ProcessBlog/MarkupBlog.module:284 Stack trace: #0 /var/www/html/site/templates/blog-main.inc(133): MarkupBlog->renderCategories(NULL, 3) #1 /var/www/html/site/templates/blog-archives.php(86): require_once('/var/www/html/s...') #2 /var/www/html/wire/core/TemplateFile.php(268): require('/var/www/html/s...') #3 /var/www/html/wire/core/Wire.php(380): ProcessWire\TemplateFile->___render() #4 /var/www/html/wire/core/WireHooks.php(698): ProcessWire\Wire->_callMethod('___render', Array) #5 /var/www/html/wire/core/Wire.php(442): ProcessWire\WireHooks->runHooks(Object(ProcessWire\TemplateFile), 'render', Array) #6 /var/www/html/wire/modules/PageRender.module(514): ProcessWire\Wire->__call('render', Array) #7 /var/www/html/wire/core/Wire.php(383): ProcessWi (line 284 of /var/www/html/site/assets/cache/FileCompiler/site/modules/ProcessBlog/MarkupBlog.module)
2017-09-08 01:53:44	guest	http://159.203.101.212/blog/categories/commercial/	Error: 	Uncaught TypeError: Argument 1 passed to MarkupBlog::renderCategories() must be an instance of ProcessWire\PageArray, null given, called in /var/www/html/site/templates/blog-main.inc on line 133 and defined in /var/www/html/site/assets/cache/FileCompiler/site/modules/ProcessBlog/MarkupBlog.module:284 Stack trace: #0 /var/www/html/site/templates/blog-main.inc(133): MarkupBlog->renderCategories(NULL, 3) #1 /var/www/html/site/templates/blog-category.php(37): require_once('/var/www/html/s...') #2 /var/www/html/wire/core/TemplateFile.php(268): require('/var/www/html/s...') #3 /var/www/html/wire/core/Wire.php(380): ProcessWire\TemplateFile->___render() #4 /var/www/html/wire/core/WireHooks.php(698): ProcessWire\Wire->_callMethod('___render', Array) #5 /var/www/html/wire/core/Wire.php(442): ProcessWire\WireHooks->runHooks(Object(ProcessWire\TemplateFile), 'render', Array) #6 /var/www/html/wire/modules/PageRender.module(514): ProcessWire\Wire->__call('render', Array) #7 /var/www/html/wire/core/Wire.php(383): ProcessWi (line 284 of /var/www/html/site/assets/cache/FileCompiler/site/modules/ProcessBlog/MarkupBlog.module)
2017-09-08 01:54:30	guest	http://159.203.101.212/blog/categories/residential/	Error: 	Uncaught TypeError: Argument 1 passed to MarkupBlog::renderCategories() must be an instance of ProcessWire\PageArray, null given, called in /var/www/html/site/templates/blog-main.inc on line 133 and defined in /var/www/html/site/assets/cache/FileCompiler/site/modules/ProcessBlog/MarkupBlog.module:284 Stack trace: #0 /var/www/html/site/templates/blog-main.inc(133): MarkupBlog->renderCategories(NULL, 3) #1 /var/www/html/site/templates/blog-category.php(37): require_once('/var/www/html/s...') #2 /var/www/html/wire/core/TemplateFile.php(268): require('/var/www/html/s...') #3 /var/www/html/wire/core/Wire.php(380): ProcessWire\TemplateFile->___render() #4 /var/www/html/wire/core/WireHooks.php(698): ProcessWire\Wire->_callMethod('___render', Array) #5 /var/www/html/wire/core/Wire.php(442): ProcessWire\WireHooks->runHooks(Object(ProcessWire\TemplateFile), 'render', Array) #6 /var/www/html/wire/modules/PageRender.module(514): ProcessWire\Wire->__call('render', Array) #7 /var/www/html/wire/core/Wire.php(383): ProcessWi (line 284 of /var/www/html/site/assets/cache/FileCompiler/site/modules/ProcessBlog/MarkupBlog.module)
2017-09-08 01:55:15	guest	http://159.203.101.212/blog/categories/example-category/	Error: 	Uncaught TypeError: Argument 1 passed to MarkupBlog::renderCategories() must be an instance of ProcessWire\PageArray, null given, called in /var/www/html/site/templates/blog-main.inc on line 133 and defined in /var/www/html/site/assets/cache/FileCompiler/site/modules/ProcessBlog/MarkupBlog.module:284 Stack trace: #0 /var/www/html/site/templates/blog-main.inc(133): MarkupBlog->renderCategories(NULL, 3) #1 /var/www/html/site/templates/blog-category.php(37): require_once('/var/www/html/s...') #2 /var/www/html/wire/core/TemplateFile.php(268): require('/var/www/html/s...') #3 /var/www/html/wire/core/Wire.php(380): ProcessWire\TemplateFile->___render() #4 /var/www/html/wire/core/WireHooks.php(698): ProcessWire\Wire->_callMethod('___render', Array) #5 /var/www/html/wire/core/Wire.php(442): ProcessWire\WireHooks->runHooks(Object(ProcessWire\TemplateFile), 'render', Array) #6 /var/www/html/wire/modules/PageRender.module(514): ProcessWire\Wire->__call('render', Array) #7 /var/www/html/wire/core/Wire.php(383): ProcessWi (line 284 of /var/www/html/site/assets/cache/FileCompiler/site/modules/ProcessBlog/MarkupBlog.module)
2017-09-08 01:56:09	guest	http://159.203.101.212/blog/archives/	Error: 	Uncaught TypeError: Argument 1 passed to MarkupBlog::renderCategories() must be an instance of ProcessWire\PageArray, null given, called in /var/www/html/site/templates/blog-main.inc on line 133 and defined in /var/www/html/site/assets/cache/FileCompiler/site/modules/ProcessBlog/MarkupBlog.module:284 Stack trace: #0 /var/www/html/site/templates/blog-main.inc(133): MarkupBlog->renderCategories(NULL, 3) #1 /var/www/html/site/templates/blog-archives.php(86): require_once('/var/www/html/s...') #2 /var/www/html/wire/core/TemplateFile.php(268): require('/var/www/html/s...') #3 /var/www/html/wire/core/Wire.php(380): ProcessWire\TemplateFile->___render() #4 /var/www/html/wire/core/WireHooks.php(698): ProcessWire\Wire->_callMethod('___render', Array) #5 /var/www/html/wire/core/Wire.php(442): ProcessWire\WireHooks->runHooks(Object(ProcessWire\TemplateFile), 'render', Array) #6 /var/www/html/wire/modules/PageRender.module(514): ProcessWire\Wire->__call('render', Array) #7 /var/www/html/wire/core/Wire.php(383): ProcessWi (line 284 of /var/www/html/site/assets/cache/FileCompiler/site/modules/ProcessBlog/MarkupBlog.module)
2017-09-08 07:44:41	guest	http://159.203.101.212/blog/categories/residential/	Error: 	Uncaught TypeError: Argument 1 passed to MarkupBlog::renderCategories() must be an instance of ProcessWire\PageArray, null given, called in /var/www/html/site/templates/blog-main.inc on line 133 and defined in /var/www/html/site/assets/cache/FileCompiler/site/modules/ProcessBlog/MarkupBlog.module:284 Stack trace: #0 /var/www/html/site/templates/blog-main.inc(133): MarkupBlog->renderCategories(NULL, 3) #1 /var/www/html/site/templates/blog-category.php(37): require_once('/var/www/html/s...') #2 /var/www/html/wire/core/TemplateFile.php(268): require('/var/www/html/s...') #3 /var/www/html/wire/core/Wire.php(380): ProcessWire\TemplateFile->___render() #4 /var/www/html/wire/core/WireHooks.php(698): ProcessWire\Wire->_callMethod('___render', Array) #5 /var/www/html/wire/core/Wire.php(442): ProcessWire\WireHooks->runHooks(Object(ProcessWire\TemplateFile), 'render', Array) #6 /var/www/html/wire/modules/PageRender.module(514): ProcessWire\Wire->__call('render', Array) #7 /var/www/html/wire/core/Wire.php(383): ProcessWi (line 284 of /var/www/html/site/assets/cache/FileCompiler/site/modules/ProcessBlog/MarkupBlog.module)
2017-09-08 07:44:51	guest	http://159.203.101.212/blog/archives/	Error: 	Uncaught TypeError: Argument 1 passed to MarkupBlog::renderCategories() must be an instance of ProcessWire\PageArray, null given, called in /var/www/html/site/templates/blog-main.inc on line 133 and defined in /var/www/html/site/assets/cache/FileCompiler/site/modules/ProcessBlog/MarkupBlog.module:284 Stack trace: #0 /var/www/html/site/templates/blog-main.inc(133): MarkupBlog->renderCategories(NULL, 3) #1 /var/www/html/site/templates/blog-archives.php(86): require_once('/var/www/html/s...') #2 /var/www/html/wire/core/TemplateFile.php(268): require('/var/www/html/s...') #3 /var/www/html/wire/core/Wire.php(380): ProcessWire\TemplateFile->___render() #4 /var/www/html/wire/core/WireHooks.php(698): ProcessWire\Wire->_callMethod('___render', Array) #5 /var/www/html/wire/core/Wire.php(442): ProcessWire\WireHooks->runHooks(Object(ProcessWire\TemplateFile), 'render', Array) #6 /var/www/html/wire/modules/PageRender.module(514): ProcessWire\Wire->__call('render', Array) #7 /var/www/html/wire/core/Wire.php(383): ProcessWi (line 284 of /var/www/html/site/assets/cache/FileCompiler/site/modules/ProcessBlog/MarkupBlog.module)
2017-09-08 07:45:01	guest	http://159.203.101.212/blog/categories/example-category/	Error: 	Uncaught TypeError: Argument 1 passed to MarkupBlog::renderCategories() must be an instance of ProcessWire\PageArray, null given, called in /var/www/html/site/templates/blog-main.inc on line 133 and defined in /var/www/html/site/assets/cache/FileCompiler/site/modules/ProcessBlog/MarkupBlog.module:284 Stack trace: #0 /var/www/html/site/templates/blog-main.inc(133): MarkupBlog->renderCategories(NULL, 3) #1 /var/www/html/site/templates/blog-category.php(37): require_once('/var/www/html/s...') #2 /var/www/html/wire/core/TemplateFile.php(268): require('/var/www/html/s...') #3 /var/www/html/wire/core/Wire.php(380): ProcessWire\TemplateFile->___render() #4 /var/www/html/wire/core/WireHooks.php(698): ProcessWire\Wire->_callMethod('___render', Array) #5 /var/www/html/wire/core/Wire.php(442): ProcessWire\WireHooks->runHooks(Object(ProcessWire\TemplateFile), 'render', Array) #6 /var/www/html/wire/modules/PageRender.module(514): ProcessWire\Wire->__call('render', Array) #7 /var/www/html/wire/core/Wire.php(383): ProcessWi (line 284 of /var/www/html/site/assets/cache/FileCompiler/site/modules/ProcessBlog/MarkupBlog.module)
2017-09-08 07:45:11	guest	http://159.203.101.212/blog/categories/commercial/	Error: 	Uncaught TypeError: Argument 1 passed to MarkupBlog::renderCategories() must be an instance of ProcessWire\PageArray, null given, called in /var/www/html/site/templates/blog-main.inc on line 133 and defined in /var/www/html/site/assets/cache/FileCompiler/site/modules/ProcessBlog/MarkupBlog.module:284 Stack trace: #0 /var/www/html/site/templates/blog-main.inc(133): MarkupBlog->renderCategories(NULL, 3) #1 /var/www/html/site/templates/blog-category.php(37): require_once('/var/www/html/s...') #2 /var/www/html/wire/core/TemplateFile.php(268): require('/var/www/html/s...') #3 /var/www/html/wire/core/Wire.php(380): ProcessWire\TemplateFile->___render() #4 /var/www/html/wire/core/WireHooks.php(698): ProcessWire\Wire->_callMethod('___render', Array) #5 /var/www/html/wire/core/Wire.php(442): ProcessWire\WireHooks->runHooks(Object(ProcessWire\TemplateFile), 'render', Array) #6 /var/www/html/wire/modules/PageRender.module(514): ProcessWire\Wire->__call('render', Array) #7 /var/www/html/wire/core/Wire.php(383): ProcessWi (line 284 of /var/www/html/site/assets/cache/FileCompiler/site/modules/ProcessBlog/MarkupBlog.module)
2017-09-08 20:08:07	guest	http://159.203.101.212/blog/categories/commercial/	Error: 	Uncaught TypeError: Argument 1 passed to MarkupBlog::renderCategories() must be an instance of ProcessWire\PageArray, null given, called in /var/www/html/site/templates/blog-main.inc on line 133 and defined in /var/www/html/site/assets/cache/FileCompiler/site/modules/ProcessBlog/MarkupBlog.module:284 Stack trace: #0 /var/www/html/site/templates/blog-main.inc(133): MarkupBlog->renderCategories(NULL, 3) #1 /var/www/html/site/templates/blog-category.php(37): require_once('/var/www/html/s...') #2 /var/www/html/wire/core/TemplateFile.php(268): require('/var/www/html/s...') #3 /var/www/html/wire/core/Wire.php(380): ProcessWire\TemplateFile->___render() #4 /var/www/html/wire/core/WireHooks.php(698): ProcessWire\Wire->_callMethod('___render', Array) #5 /var/www/html/wire/core/Wire.php(442): ProcessWire\WireHooks->runHooks(Object(ProcessWire\TemplateFile), 'render', Array) #6 /var/www/html/wire/modules/PageRender.module(514): ProcessWire\Wire->__call('render', Array) #7 /var/www/html/wire/core/Wire.php(383): ProcessWi (line 284 of /var/www/html/site/assets/cache/FileCompiler/site/modules/ProcessBlog/MarkupBlog.module)
2017-09-08 20:08:17	guest	http://159.203.101.212/blog/archives/	Error: 	Uncaught TypeError: Argument 1 passed to MarkupBlog::renderCategories() must be an instance of ProcessWire\PageArray, null given, called in /var/www/html/site/templates/blog-main.inc on line 133 and defined in /var/www/html/site/assets/cache/FileCompiler/site/modules/ProcessBlog/MarkupBlog.module:284 Stack trace: #0 /var/www/html/site/templates/blog-main.inc(133): MarkupBlog->renderCategories(NULL, 3) #1 /var/www/html/site/templates/blog-archives.php(86): require_once('/var/www/html/s...') #2 /var/www/html/wire/core/TemplateFile.php(268): require('/var/www/html/s...') #3 /var/www/html/wire/core/Wire.php(380): ProcessWire\TemplateFile->___render() #4 /var/www/html/wire/core/WireHooks.php(698): ProcessWire\Wire->_callMethod('___render', Array) #5 /var/www/html/wire/core/Wire.php(442): ProcessWire\WireHooks->runHooks(Object(ProcessWire\TemplateFile), 'render', Array) #6 /var/www/html/wire/modules/PageRender.module(514): ProcessWire\Wire->__call('render', Array) #7 /var/www/html/wire/core/Wire.php(383): ProcessWi (line 284 of /var/www/html/site/assets/cache/FileCompiler/site/modules/ProcessBlog/MarkupBlog.module)
2017-09-08 20:08:27	guest	http://159.203.101.212/blog/categories/example-category/	Error: 	Uncaught TypeError: Argument 1 passed to MarkupBlog::renderCategories() must be an instance of ProcessWire\PageArray, null given, called in /var/www/html/site/templates/blog-main.inc on line 133 and defined in /var/www/html/site/assets/cache/FileCompiler/site/modules/ProcessBlog/MarkupBlog.module:284 Stack trace: #0 /var/www/html/site/templates/blog-main.inc(133): MarkupBlog->renderCategories(NULL, 3) #1 /var/www/html/site/templates/blog-category.php(37): require_once('/var/www/html/s...') #2 /var/www/html/wire/core/TemplateFile.php(268): require('/var/www/html/s...') #3 /var/www/html/wire/core/Wire.php(380): ProcessWire\TemplateFile->___render() #4 /var/www/html/wire/core/WireHooks.php(698): ProcessWire\Wire->_callMethod('___render', Array) #5 /var/www/html/wire/core/Wire.php(442): ProcessWire\WireHooks->runHooks(Object(ProcessWire\TemplateFile), 'render', Array) #6 /var/www/html/wire/modules/PageRender.module(514): ProcessWire\Wire->__call('render', Array) #7 /var/www/html/wire/core/Wire.php(383): ProcessWi (line 284 of /var/www/html/site/assets/cache/FileCompiler/site/modules/ProcessBlog/MarkupBlog.module)
2017-09-08 20:08:38	guest	http://159.203.101.212/blog/categories/residential/	Error: 	Uncaught TypeError: Argument 1 passed to MarkupBlog::renderCategories() must be an instance of ProcessWire\PageArray, null given, called in /var/www/html/site/templates/blog-main.inc on line 133 and defined in /var/www/html/site/assets/cache/FileCompiler/site/modules/ProcessBlog/MarkupBlog.module:284 Stack trace: #0 /var/www/html/site/templates/blog-main.inc(133): MarkupBlog->renderCategories(NULL, 3) #1 /var/www/html/site/templates/blog-category.php(37): require_once('/var/www/html/s...') #2 /var/www/html/wire/core/TemplateFile.php(268): require('/var/www/html/s...') #3 /var/www/html/wire/core/Wire.php(380): ProcessWire\TemplateFile->___render() #4 /var/www/html/wire/core/WireHooks.php(698): ProcessWire\Wire->_callMethod('___render', Array) #5 /var/www/html/wire/core/Wire.php(442): ProcessWire\WireHooks->runHooks(Object(ProcessWire\TemplateFile), 'render', Array) #6 /var/www/html/wire/modules/PageRender.module(514): ProcessWire\Wire->__call('render', Array) #7 /var/www/html/wire/core/Wire.php(383): ProcessWi (line 284 of /var/www/html/site/assets/cache/FileCompiler/site/modules/ProcessBlog/MarkupBlog.module)
2017-09-09 01:34:18	guest	http://159.203.101.212/blog/categories/commercial/	Error: 	Uncaught TypeError: Argument 1 passed to MarkupBlog::renderCategories() must be an instance of ProcessWire\PageArray, null given, called in /var/www/html/site/templates/blog-main.inc on line 133 and defined in /var/www/html/site/assets/cache/FileCompiler/site/modules/ProcessBlog/MarkupBlog.module:284 Stack trace: #0 /var/www/html/site/templates/blog-main.inc(133): MarkupBlog->renderCategories(NULL, 3) #1 /var/www/html/site/templates/blog-category.php(37): require_once('/var/www/html/s...') #2 /var/www/html/wire/core/TemplateFile.php(268): require('/var/www/html/s...') #3 /var/www/html/wire/core/Wire.php(380): ProcessWire\TemplateFile->___render() #4 /var/www/html/wire/core/WireHooks.php(698): ProcessWire\Wire->_callMethod('___render', Array) #5 /var/www/html/wire/core/Wire.php(442): ProcessWire\WireHooks->runHooks(Object(ProcessWire\TemplateFile), 'render', Array) #6 /var/www/html/wire/modules/PageRender.module(514): ProcessWire\Wire->__call('render', Array) #7 /var/www/html/wire/core/Wire.php(383): ProcessWi (line 284 of /var/www/html/site/assets/cache/FileCompiler/site/modules/ProcessBlog/MarkupBlog.module)
2017-09-09 01:34:53	guest	http://159.203.101.212/blog/categories/residential/	Error: 	Uncaught TypeError: Argument 1 passed to MarkupBlog::renderCategories() must be an instance of ProcessWire\PageArray, null given, called in /var/www/html/site/templates/blog-main.inc on line 133 and defined in /var/www/html/site/assets/cache/FileCompiler/site/modules/ProcessBlog/MarkupBlog.module:284 Stack trace: #0 /var/www/html/site/templates/blog-main.inc(133): MarkupBlog->renderCategories(NULL, 3) #1 /var/www/html/site/templates/blog-category.php(37): require_once('/var/www/html/s...') #2 /var/www/html/wire/core/TemplateFile.php(268): require('/var/www/html/s...') #3 /var/www/html/wire/core/Wire.php(380): ProcessWire\TemplateFile->___render() #4 /var/www/html/wire/core/WireHooks.php(698): ProcessWire\Wire->_callMethod('___render', Array) #5 /var/www/html/wire/core/Wire.php(442): ProcessWire\WireHooks->runHooks(Object(ProcessWire\TemplateFile), 'render', Array) #6 /var/www/html/wire/modules/PageRender.module(514): ProcessWire\Wire->__call('render', Array) #7 /var/www/html/wire/core/Wire.php(383): ProcessWi (line 284 of /var/www/html/site/assets/cache/FileCompiler/site/modules/ProcessBlog/MarkupBlog.module)
2017-09-09 01:35:30	guest	http://159.203.101.212/blog/categories/example-category/	Error: 	Uncaught TypeError: Argument 1 passed to MarkupBlog::renderCategories() must be an instance of ProcessWire\PageArray, null given, called in /var/www/html/site/templates/blog-main.inc on line 133 and defined in /var/www/html/site/assets/cache/FileCompiler/site/modules/ProcessBlog/MarkupBlog.module:284 Stack trace: #0 /var/www/html/site/templates/blog-main.inc(133): MarkupBlog->renderCategories(NULL, 3) #1 /var/www/html/site/templates/blog-category.php(37): require_once('/var/www/html/s...') #2 /var/www/html/wire/core/TemplateFile.php(268): require('/var/www/html/s...') #3 /var/www/html/wire/core/Wire.php(380): ProcessWire\TemplateFile->___render() #4 /var/www/html/wire/core/WireHooks.php(698): ProcessWire\Wire->_callMethod('___render', Array) #5 /var/www/html/wire/core/Wire.php(442): ProcessWire\WireHooks->runHooks(Object(ProcessWire\TemplateFile), 'render', Array) #6 /var/www/html/wire/modules/PageRender.module(514): ProcessWire\Wire->__call('render', Array) #7 /var/www/html/wire/core/Wire.php(383): ProcessWi (line 284 of /var/www/html/site/assets/cache/FileCompiler/site/modules/ProcessBlog/MarkupBlog.module)
2017-09-09 01:36:12	guest	http://159.203.101.212/blog/archives/	Error: 	Uncaught TypeError: Argument 1 passed to MarkupBlog::renderCategories() must be an instance of ProcessWire\PageArray, null given, called in /var/www/html/site/templates/blog-main.inc on line 133 and defined in /var/www/html/site/assets/cache/FileCompiler/site/modules/ProcessBlog/MarkupBlog.module:284 Stack trace: #0 /var/www/html/site/templates/blog-main.inc(133): MarkupBlog->renderCategories(NULL, 3) #1 /var/www/html/site/templates/blog-archives.php(86): require_once('/var/www/html/s...') #2 /var/www/html/wire/core/TemplateFile.php(268): require('/var/www/html/s...') #3 /var/www/html/wire/core/Wire.php(380): ProcessWire\TemplateFile->___render() #4 /var/www/html/wire/core/WireHooks.php(698): ProcessWire\Wire->_callMethod('___render', Array) #5 /var/www/html/wire/core/Wire.php(442): ProcessWire\WireHooks->runHooks(Object(ProcessWire\TemplateFile), 'render', Array) #6 /var/www/html/wire/modules/PageRender.module(514): ProcessWire\Wire->__call('render', Array) #7 /var/www/html/wire/core/Wire.php(383): ProcessWi (line 284 of /var/www/html/site/assets/cache/FileCompiler/site/modules/ProcessBlog/MarkupBlog.module)
2017-09-09 02:53:27	guest	http://159.203.101.212/blog/categories/residential/	Error: 	Uncaught TypeError: Argument 1 passed to MarkupBlog::renderCategories() must be an instance of ProcessWire\PageArray, null given, called in /var/www/html/site/templates/blog-main.inc on line 133 and defined in /var/www/html/site/assets/cache/FileCompiler/site/modules/ProcessBlog/MarkupBlog.module:284 Stack trace: #0 /var/www/html/site/templates/blog-main.inc(133): MarkupBlog->renderCategories(NULL, 3) #1 /var/www/html/site/templates/blog-category.php(37): require_once('/var/www/html/s...') #2 /var/www/html/wire/core/TemplateFile.php(268): require('/var/www/html/s...') #3 /var/www/html/wire/core/Wire.php(380): ProcessWire\TemplateFile->___render() #4 /var/www/html/wire/core/WireHooks.php(698): ProcessWire\Wire->_callMethod('___render', Array) #5 /var/www/html/wire/core/Wire.php(442): ProcessWire\WireHooks->runHooks(Object(ProcessWire\TemplateFile), 'render', Array) #6 /var/www/html/wire/modules/PageRender.module(514): ProcessWire\Wire->__call('render', Array) #7 /var/www/html/wire/core/Wire.php(383): ProcessWi (line 284 of /var/www/html/site/assets/cache/FileCompiler/site/modules/ProcessBlog/MarkupBlog.module)
2017-09-09 02:53:37	guest	http://159.203.101.212/blog/categories/commercial/	Error: 	Uncaught TypeError: Argument 1 passed to MarkupBlog::renderCategories() must be an instance of ProcessWire\PageArray, null given, called in /var/www/html/site/templates/blog-main.inc on line 133 and defined in /var/www/html/site/assets/cache/FileCompiler/site/modules/ProcessBlog/MarkupBlog.module:284 Stack trace: #0 /var/www/html/site/templates/blog-main.inc(133): MarkupBlog->renderCategories(NULL, 3) #1 /var/www/html/site/templates/blog-category.php(37): require_once('/var/www/html/s...') #2 /var/www/html/wire/core/TemplateFile.php(268): require('/var/www/html/s...') #3 /var/www/html/wire/core/Wire.php(380): ProcessWire\TemplateFile->___render() #4 /var/www/html/wire/core/WireHooks.php(698): ProcessWire\Wire->_callMethod('___render', Array) #5 /var/www/html/wire/core/Wire.php(442): ProcessWire\WireHooks->runHooks(Object(ProcessWire\TemplateFile), 'render', Array) #6 /var/www/html/wire/modules/PageRender.module(514): ProcessWire\Wire->__call('render', Array) #7 /var/www/html/wire/core/Wire.php(383): ProcessWi (line 284 of /var/www/html/site/assets/cache/FileCompiler/site/modules/ProcessBlog/MarkupBlog.module)
2017-09-09 02:56:11	guest	http://159.203.101.212/blog/categories/example-category/	Error: 	Uncaught TypeError: Argument 1 passed to MarkupBlog::renderCategories() must be an instance of ProcessWire\PageArray, null given, called in /var/www/html/site/templates/blog-main.inc on line 133 and defined in /var/www/html/site/assets/cache/FileCompiler/site/modules/ProcessBlog/MarkupBlog.module:284 Stack trace: #0 /var/www/html/site/templates/blog-main.inc(133): MarkupBlog->renderCategories(NULL, 3) #1 /var/www/html/site/templates/blog-category.php(37): require_once('/var/www/html/s...') #2 /var/www/html/wire/core/TemplateFile.php(268): require('/var/www/html/s...') #3 /var/www/html/wire/core/Wire.php(380): ProcessWire\TemplateFile->___render() #4 /var/www/html/wire/core/WireHooks.php(698): ProcessWire\Wire->_callMethod('___render', Array) #5 /var/www/html/wire/core/Wire.php(442): ProcessWire\WireHooks->runHooks(Object(ProcessWire\TemplateFile), 'render', Array) #6 /var/www/html/wire/modules/PageRender.module(514): ProcessWire\Wire->__call('render', Array) #7 /var/www/html/wire/core/Wire.php(383): ProcessWi (line 284 of /var/www/html/site/assets/cache/FileCompiler/site/modules/ProcessBlog/MarkupBlog.module)
2017-09-09 08:31:30	guest	http://159.203.101.212/blog/categories/residential/	Error: 	Uncaught TypeError: Argument 1 passed to MarkupBlog::renderCategories() must be an instance of ProcessWire\PageArray, null given, called in /var/www/html/site/templates/blog-main.inc on line 133 and defined in /var/www/html/site/assets/cache/FileCompiler/site/modules/ProcessBlog/MarkupBlog.module:284 Stack trace: #0 /var/www/html/site/templates/blog-main.inc(133): MarkupBlog->renderCategories(NULL, 3) #1 /var/www/html/site/templates/blog-category.php(37): require_once('/var/www/html/s...') #2 /var/www/html/wire/core/TemplateFile.php(268): require('/var/www/html/s...') #3 /var/www/html/wire/core/Wire.php(380): ProcessWire\TemplateFile->___render() #4 /var/www/html/wire/core/WireHooks.php(698): ProcessWire\Wire->_callMethod('___render', Array) #5 /var/www/html/wire/core/Wire.php(442): ProcessWire\WireHooks->runHooks(Object(ProcessWire\TemplateFile), 'render', Array) #6 /var/www/html/wire/modules/PageRender.module(514): ProcessWire\Wire->__call('render', Array) #7 /var/www/html/wire/core/Wire.php(383): ProcessWi (line 284 of /var/www/html/site/assets/cache/FileCompiler/site/modules/ProcessBlog/MarkupBlog.module)
2017-09-09 08:31:40	guest	http://159.203.101.212/blog/archives/	Error: 	Uncaught TypeError: Argument 1 passed to MarkupBlog::renderCategories() must be an instance of ProcessWire\PageArray, null given, called in /var/www/html/site/templates/blog-main.inc on line 133 and defined in /var/www/html/site/assets/cache/FileCompiler/site/modules/ProcessBlog/MarkupBlog.module:284 Stack trace: #0 /var/www/html/site/templates/blog-main.inc(133): MarkupBlog->renderCategories(NULL, 3) #1 /var/www/html/site/templates/blog-archives.php(86): require_once('/var/www/html/s...') #2 /var/www/html/wire/core/TemplateFile.php(268): require('/var/www/html/s...') #3 /var/www/html/wire/core/Wire.php(380): ProcessWire\TemplateFile->___render() #4 /var/www/html/wire/core/WireHooks.php(698): ProcessWire\Wire->_callMethod('___render', Array) #5 /var/www/html/wire/core/Wire.php(442): ProcessWire\WireHooks->runHooks(Object(ProcessWire\TemplateFile), 'render', Array) #6 /var/www/html/wire/modules/PageRender.module(514): ProcessWire\Wire->__call('render', Array) #7 /var/www/html/wire/core/Wire.php(383): ProcessWi (line 284 of /var/www/html/site/assets/cache/FileCompiler/site/modules/ProcessBlog/MarkupBlog.module)
2017-09-09 08:31:50	guest	http://159.203.101.212/blog/categories/commercial/	Error: 	Uncaught TypeError: Argument 1 passed to MarkupBlog::renderCategories() must be an instance of ProcessWire\PageArray, null given, called in /var/www/html/site/templates/blog-main.inc on line 133 and defined in /var/www/html/site/assets/cache/FileCompiler/site/modules/ProcessBlog/MarkupBlog.module:284 Stack trace: #0 /var/www/html/site/templates/blog-main.inc(133): MarkupBlog->renderCategories(NULL, 3) #1 /var/www/html/site/templates/blog-category.php(37): require_once('/var/www/html/s...') #2 /var/www/html/wire/core/TemplateFile.php(268): require('/var/www/html/s...') #3 /var/www/html/wire/core/Wire.php(380): ProcessWire\TemplateFile->___render() #4 /var/www/html/wire/core/WireHooks.php(698): ProcessWire\Wire->_callMethod('___render', Array) #5 /var/www/html/wire/core/Wire.php(442): ProcessWire\WireHooks->runHooks(Object(ProcessWire\TemplateFile), 'render', Array) #6 /var/www/html/wire/modules/PageRender.module(514): ProcessWire\Wire->__call('render', Array) #7 /var/www/html/wire/core/Wire.php(383): ProcessWi (line 284 of /var/www/html/site/assets/cache/FileCompiler/site/modules/ProcessBlog/MarkupBlog.module)
2017-09-09 08:32:00	guest	http://159.203.101.212/blog/categories/example-category/	Error: 	Uncaught TypeError: Argument 1 passed to MarkupBlog::renderCategories() must be an instance of ProcessWire\PageArray, null given, called in /var/www/html/site/templates/blog-main.inc on line 133 and defined in /var/www/html/site/assets/cache/FileCompiler/site/modules/ProcessBlog/MarkupBlog.module:284 Stack trace: #0 /var/www/html/site/templates/blog-main.inc(133): MarkupBlog->renderCategories(NULL, 3) #1 /var/www/html/site/templates/blog-category.php(37): require_once('/var/www/html/s...') #2 /var/www/html/wire/core/TemplateFile.php(268): require('/var/www/html/s...') #3 /var/www/html/wire/core/Wire.php(380): ProcessWire\TemplateFile->___render() #4 /var/www/html/wire/core/WireHooks.php(698): ProcessWire\Wire->_callMethod('___render', Array) #5 /var/www/html/wire/core/Wire.php(442): ProcessWire\WireHooks->runHooks(Object(ProcessWire\TemplateFile), 'render', Array) #6 /var/www/html/wire/modules/PageRender.module(514): ProcessWire\Wire->__call('render', Array) #7 /var/www/html/wire/core/Wire.php(383): ProcessWi (line 284 of /var/www/html/site/assets/cache/FileCompiler/site/modules/ProcessBlog/MarkupBlog.module)
2017-09-09 14:52:41	guest	http://159.203.101.212/blog/categories/residential/	Error: 	Uncaught TypeError: Argument 1 passed to MarkupBlog::renderCategories() must be an instance of ProcessWire\PageArray, null given, called in /var/www/html/site/templates/blog-main.inc on line 133 and defined in /var/www/html/site/assets/cache/FileCompiler/site/modules/ProcessBlog/MarkupBlog.module:284 Stack trace: #0 /var/www/html/site/templates/blog-main.inc(133): MarkupBlog->renderCategories(NULL, 3) #1 /var/www/html/site/templates/blog-category.php(37): require_once('/var/www/html/s...') #2 /var/www/html/wire/core/TemplateFile.php(268): require('/var/www/html/s...') #3 /var/www/html/wire/core/Wire.php(380): ProcessWire\TemplateFile->___render() #4 /var/www/html/wire/core/WireHooks.php(698): ProcessWire\Wire->_callMethod('___render', Array) #5 /var/www/html/wire/core/Wire.php(442): ProcessWire\WireHooks->runHooks(Object(ProcessWire\TemplateFile), 'render', Array) #6 /var/www/html/wire/modules/PageRender.module(514): ProcessWire\Wire->__call('render', Array) #7 /var/www/html/wire/core/Wire.php(383): ProcessWi (line 284 of /var/www/html/site/assets/cache/FileCompiler/site/modules/ProcessBlog/MarkupBlog.module)
2017-09-09 14:52:51	guest	http://159.203.101.212/blog/categories/commercial/	Error: 	Uncaught TypeError: Argument 1 passed to MarkupBlog::renderCategories() must be an instance of ProcessWire\PageArray, null given, called in /var/www/html/site/templates/blog-main.inc on line 133 and defined in /var/www/html/site/assets/cache/FileCompiler/site/modules/ProcessBlog/MarkupBlog.module:284 Stack trace: #0 /var/www/html/site/templates/blog-main.inc(133): MarkupBlog->renderCategories(NULL, 3) #1 /var/www/html/site/templates/blog-category.php(37): require_once('/var/www/html/s...') #2 /var/www/html/wire/core/TemplateFile.php(268): require('/var/www/html/s...') #3 /var/www/html/wire/core/Wire.php(380): ProcessWire\TemplateFile->___render() #4 /var/www/html/wire/core/WireHooks.php(698): ProcessWire\Wire->_callMethod('___render', Array) #5 /var/www/html/wire/core/Wire.php(442): ProcessWire\WireHooks->runHooks(Object(ProcessWire\TemplateFile), 'render', Array) #6 /var/www/html/wire/modules/PageRender.module(514): ProcessWire\Wire->__call('render', Array) #7 /var/www/html/wire/core/Wire.php(383): ProcessWi (line 284 of /var/www/html/site/assets/cache/FileCompiler/site/modules/ProcessBlog/MarkupBlog.module)
2017-09-09 14:53:01	guest	http://159.203.101.212/blog/categories/example-category/	Error: 	Uncaught TypeError: Argument 1 passed to MarkupBlog::renderCategories() must be an instance of ProcessWire\PageArray, null given, called in /var/www/html/site/templates/blog-main.inc on line 133 and defined in /var/www/html/site/assets/cache/FileCompiler/site/modules/ProcessBlog/MarkupBlog.module:284 Stack trace: #0 /var/www/html/site/templates/blog-main.inc(133): MarkupBlog->renderCategories(NULL, 3) #1 /var/www/html/site/templates/blog-category.php(37): require_once('/var/www/html/s...') #2 /var/www/html/wire/core/TemplateFile.php(268): require('/var/www/html/s...') #3 /var/www/html/wire/core/Wire.php(380): ProcessWire\TemplateFile->___render() #4 /var/www/html/wire/core/WireHooks.php(698): ProcessWire\Wire->_callMethod('___render', Array) #5 /var/www/html/wire/core/Wire.php(442): ProcessWire\WireHooks->runHooks(Object(ProcessWire\TemplateFile), 'render', Array) #6 /var/www/html/wire/modules/PageRender.module(514): ProcessWire\Wire->__call('render', Array) #7 /var/www/html/wire/core/Wire.php(383): ProcessWi (line 284 of /var/www/html/site/assets/cache/FileCompiler/site/modules/ProcessBlog/MarkupBlog.module)
2017-09-09 14:53:12	guest	http://159.203.101.212/blog/archives/	Error: 	Uncaught TypeError: Argument 1 passed to MarkupBlog::renderCategories() must be an instance of ProcessWire\PageArray, null given, called in /var/www/html/site/templates/blog-main.inc on line 133 and defined in /var/www/html/site/assets/cache/FileCompiler/site/modules/ProcessBlog/MarkupBlog.module:284 Stack trace: #0 /var/www/html/site/templates/blog-main.inc(133): MarkupBlog->renderCategories(NULL, 3) #1 /var/www/html/site/templates/blog-archives.php(86): require_once('/var/www/html/s...') #2 /var/www/html/wire/core/TemplateFile.php(268): require('/var/www/html/s...') #3 /var/www/html/wire/core/Wire.php(380): ProcessWire\TemplateFile->___render() #4 /var/www/html/wire/core/WireHooks.php(698): ProcessWire\Wire->_callMethod('___render', Array) #5 /var/www/html/wire/core/Wire.php(442): ProcessWire\WireHooks->runHooks(Object(ProcessWire\TemplateFile), 'render', Array) #6 /var/www/html/wire/modules/PageRender.module(514): ProcessWire\Wire->__call('render', Array) #7 /var/www/html/wire/core/Wire.php(383): ProcessWi (line 284 of /var/www/html/site/assets/cache/FileCompiler/site/modules/ProcessBlog/MarkupBlog.module)
2017-09-09 21:03:08	guest	http://159.203.101.212/blog/categories/residential/	Error: 	Uncaught TypeError: Argument 1 passed to MarkupBlog::renderCategories() must be an instance of ProcessWire\PageArray, null given, called in /var/www/html/site/templates/blog-main.inc on line 133 and defined in /var/www/html/site/assets/cache/FileCompiler/site/modules/ProcessBlog/MarkupBlog.module:284 Stack trace: #0 /var/www/html/site/templates/blog-main.inc(133): MarkupBlog->renderCategories(NULL, 3) #1 /var/www/html/site/templates/blog-category.php(37): require_once('/var/www/html/s...') #2 /var/www/html/wire/core/TemplateFile.php(268): require('/var/www/html/s...') #3 /var/www/html/wire/core/Wire.php(380): ProcessWire\TemplateFile->___render() #4 /var/www/html/wire/core/WireHooks.php(698): ProcessWire\Wire->_callMethod('___render', Array) #5 /var/www/html/wire/core/Wire.php(442): ProcessWire\WireHooks->runHooks(Object(ProcessWire\TemplateFile), 'render', Array) #6 /var/www/html/wire/modules/PageRender.module(514): ProcessWire\Wire->__call('render', Array) #7 /var/www/html/wire/core/Wire.php(383): ProcessWi (line 284 of /var/www/html/site/assets/cache/FileCompiler/site/modules/ProcessBlog/MarkupBlog.module)
2017-09-09 21:03:19	guest	http://159.203.101.212/blog/categories/example-category/	Error: 	Uncaught TypeError: Argument 1 passed to MarkupBlog::renderCategories() must be an instance of ProcessWire\PageArray, null given, called in /var/www/html/site/templates/blog-main.inc on line 133 and defined in /var/www/html/site/assets/cache/FileCompiler/site/modules/ProcessBlog/MarkupBlog.module:284 Stack trace: #0 /var/www/html/site/templates/blog-main.inc(133): MarkupBlog->renderCategories(NULL, 3) #1 /var/www/html/site/templates/blog-category.php(37): require_once('/var/www/html/s...') #2 /var/www/html/wire/core/TemplateFile.php(268): require('/var/www/html/s...') #3 /var/www/html/wire/core/Wire.php(380): ProcessWire\TemplateFile->___render() #4 /var/www/html/wire/core/WireHooks.php(698): ProcessWire\Wire->_callMethod('___render', Array) #5 /var/www/html/wire/core/Wire.php(442): ProcessWire\WireHooks->runHooks(Object(ProcessWire\TemplateFile), 'render', Array) #6 /var/www/html/wire/modules/PageRender.module(514): ProcessWire\Wire->__call('render', Array) #7 /var/www/html/wire/core/Wire.php(383): ProcessWi (line 284 of /var/www/html/site/assets/cache/FileCompiler/site/modules/ProcessBlog/MarkupBlog.module)
2017-09-09 21:03:29	guest	http://159.203.101.212/blog/archives/	Error: 	Uncaught TypeError: Argument 1 passed to MarkupBlog::renderCategories() must be an instance of ProcessWire\PageArray, null given, called in /var/www/html/site/templates/blog-main.inc on line 133 and defined in /var/www/html/site/assets/cache/FileCompiler/site/modules/ProcessBlog/MarkupBlog.module:284 Stack trace: #0 /var/www/html/site/templates/blog-main.inc(133): MarkupBlog->renderCategories(NULL, 3) #1 /var/www/html/site/templates/blog-archives.php(86): require_once('/var/www/html/s...') #2 /var/www/html/wire/core/TemplateFile.php(268): require('/var/www/html/s...') #3 /var/www/html/wire/core/Wire.php(380): ProcessWire\TemplateFile->___render() #4 /var/www/html/wire/core/WireHooks.php(698): ProcessWire\Wire->_callMethod('___render', Array) #5 /var/www/html/wire/core/Wire.php(442): ProcessWire\WireHooks->runHooks(Object(ProcessWire\TemplateFile), 'render', Array) #6 /var/www/html/wire/modules/PageRender.module(514): ProcessWire\Wire->__call('render', Array) #7 /var/www/html/wire/core/Wire.php(383): ProcessWi (line 284 of /var/www/html/site/assets/cache/FileCompiler/site/modules/ProcessBlog/MarkupBlog.module)
2017-09-09 21:03:39	guest	http://159.203.101.212/blog/categories/commercial/	Error: 	Uncaught TypeError: Argument 1 passed to MarkupBlog::renderCategories() must be an instance of ProcessWire\PageArray, null given, called in /var/www/html/site/templates/blog-main.inc on line 133 and defined in /var/www/html/site/assets/cache/FileCompiler/site/modules/ProcessBlog/MarkupBlog.module:284 Stack trace: #0 /var/www/html/site/templates/blog-main.inc(133): MarkupBlog->renderCategories(NULL, 3) #1 /var/www/html/site/templates/blog-category.php(37): require_once('/var/www/html/s...') #2 /var/www/html/wire/core/TemplateFile.php(268): require('/var/www/html/s...') #3 /var/www/html/wire/core/Wire.php(380): ProcessWire\TemplateFile->___render() #4 /var/www/html/wire/core/WireHooks.php(698): ProcessWire\Wire->_callMethod('___render', Array) #5 /var/www/html/wire/core/Wire.php(442): ProcessWire\WireHooks->runHooks(Object(ProcessWire\TemplateFile), 'render', Array) #6 /var/www/html/wire/modules/PageRender.module(514): ProcessWire\Wire->__call('render', Array) #7 /var/www/html/wire/core/Wire.php(383): ProcessWi (line 284 of /var/www/html/site/assets/cache/FileCompiler/site/modules/ProcessBlog/MarkupBlog.module)
2017-09-12 00:50:47	guest	http://159.203.101.212/blog/categories/residential/	Error: 	Uncaught TypeError: Argument 1 passed to MarkupBlog::renderCategories() must be an instance of ProcessWire\PageArray, null given, called in /var/www/html/site/templates/blog-main.inc on line 133 and defined in /var/www/html/site/assets/cache/FileCompiler/site/modules/ProcessBlog/MarkupBlog.module:284 Stack trace: #0 /var/www/html/site/templates/blog-main.inc(133): MarkupBlog->renderCategories(NULL, 3) #1 /var/www/html/site/templates/blog-category.php(37): require_once('/var/www/html/s...') #2 /var/www/html/wire/core/TemplateFile.php(268): require('/var/www/html/s...') #3 /var/www/html/wire/core/Wire.php(380): ProcessWire\TemplateFile->___render() #4 /var/www/html/wire/core/WireHooks.php(698): ProcessWire\Wire->_callMethod('___render', Array) #5 /var/www/html/wire/core/Wire.php(442): ProcessWire\WireHooks->runHooks(Object(ProcessWire\TemplateFile), 'render', Array) #6 /var/www/html/wire/modules/PageRender.module(514): ProcessWire\Wire->__call('render', Array) #7 /var/www/html/wire/core/Wire.php(383): ProcessWi (line 284 of /var/www/html/site/assets/cache/FileCompiler/site/modules/ProcessBlog/MarkupBlog.module)
2017-09-13 02:09:32	guest	http://159.203.101.212/blog/categories/example-category/	Error: 	Uncaught TypeError: Argument 1 passed to MarkupBlog::renderCategories() must be an instance of ProcessWire\PageArray, null given, called in /var/www/html/site/templates/blog-main.inc on line 133 and defined in /var/www/html/site/assets/cache/FileCompiler/site/modules/ProcessBlog/MarkupBlog.module:284 Stack trace: #0 /var/www/html/site/templates/blog-main.inc(133): MarkupBlog->renderCategories(NULL, 3) #1 /var/www/html/site/templates/blog-category.php(37): require_once('/var/www/html/s...') #2 /var/www/html/wire/core/TemplateFile.php(268): require('/var/www/html/s...') #3 /var/www/html/wire/core/Wire.php(380): ProcessWire\TemplateFile->___render() #4 /var/www/html/wire/core/WireHooks.php(698): ProcessWire\Wire->_callMethod('___render', Array) #5 /var/www/html/wire/core/Wire.php(442): ProcessWire\WireHooks->runHooks(Object(ProcessWire\TemplateFile), 'render', Array) #6 /var/www/html/wire/modules/PageRender.module(514): ProcessWire\Wire->__call('render', Array) #7 /var/www/html/wire/core/Wire.php(383): ProcessWi (line 284 of /var/www/html/site/assets/cache/FileCompiler/site/modules/ProcessBlog/MarkupBlog.module)
2017-09-13 04:38:44	guest	http://159.203.101.212/blog/archives/	Error: 	Uncaught TypeError: Argument 1 passed to MarkupBlog::renderCategories() must be an instance of ProcessWire\PageArray, null given, called in /var/www/html/site/templates/blog-main.inc on line 133 and defined in /var/www/html/site/assets/cache/FileCompiler/site/modules/ProcessBlog/MarkupBlog.module:284 Stack trace: #0 /var/www/html/site/templates/blog-main.inc(133): MarkupBlog->renderCategories(NULL, 3) #1 /var/www/html/site/templates/blog-archives.php(86): require_once('/var/www/html/s...') #2 /var/www/html/wire/core/TemplateFile.php(268): require('/var/www/html/s...') #3 /var/www/html/wire/core/Wire.php(380): ProcessWire\TemplateFile->___render() #4 /var/www/html/wire/core/WireHooks.php(698): ProcessWire\Wire->_callMethod('___render', Array) #5 /var/www/html/wire/core/Wire.php(442): ProcessWire\WireHooks->runHooks(Object(ProcessWire\TemplateFile), 'render', Array) #6 /var/www/html/wire/modules/PageRender.module(514): ProcessWire\Wire->__call('render', Array) #7 /var/www/html/wire/core/Wire.php(383): ProcessWi (line 284 of /var/www/html/site/assets/cache/FileCompiler/site/modules/ProcessBlog/MarkupBlog.module)
2017-09-16 06:25:42	guest	http://159.203.101.212/blog/categories/commercial/	Error: 	Uncaught TypeError: Argument 1 passed to MarkupBlog::renderCategories() must be an instance of ProcessWire\PageArray, null given, called in /var/www/html/site/templates/blog-main.inc on line 133 and defined in /var/www/html/site/assets/cache/FileCompiler/site/modules/ProcessBlog/MarkupBlog.module:284 Stack trace: #0 /var/www/html/site/templates/blog-main.inc(133): MarkupBlog->renderCategories(NULL, 3) #1 /var/www/html/site/templates/blog-category.php(37): require_once('/var/www/html/s...') #2 /var/www/html/wire/core/TemplateFile.php(268): require('/var/www/html/s...') #3 /var/www/html/wire/core/Wire.php(380): ProcessWire\TemplateFile->___render() #4 /var/www/html/wire/core/WireHooks.php(698): ProcessWire\Wire->_callMethod('___render', Array) #5 /var/www/html/wire/core/Wire.php(442): ProcessWire\WireHooks->runHooks(Object(ProcessWire\TemplateFile), 'render', Array) #6 /var/www/html/wire/modules/PageRender.module(514): ProcessWire\Wire->__call('render', Array) #7 /var/www/html/wire/core/Wire.php(383): ProcessWi (line 284 of /var/www/html/site/assets/cache/FileCompiler/site/modules/ProcessBlog/MarkupBlog.module)
2017-09-16 08:16:32	guest	http://159.203.101.212/blog/categories/residential/	Error: 	Uncaught TypeError: Argument 1 passed to MarkupBlog::renderCategories() must be an instance of ProcessWire\PageArray, null given, called in /var/www/html/site/templates/blog-main.inc on line 133 and defined in /var/www/html/site/assets/cache/FileCompiler/site/modules/ProcessBlog/MarkupBlog.module:284 Stack trace: #0 /var/www/html/site/templates/blog-main.inc(133): MarkupBlog->renderCategories(NULL, 3) #1 /var/www/html/site/templates/blog-category.php(37): require_once('/var/www/html/s...') #2 /var/www/html/wire/core/TemplateFile.php(268): require('/var/www/html/s...') #3 /var/www/html/wire/core/Wire.php(380): ProcessWire\TemplateFile->___render() #4 /var/www/html/wire/core/WireHooks.php(698): ProcessWire\Wire->_callMethod('___render', Array) #5 /var/www/html/wire/core/Wire.php(442): ProcessWire\WireHooks->runHooks(Object(ProcessWire\TemplateFile), 'render', Array) #6 /var/www/html/wire/modules/PageRender.module(514): ProcessWire\Wire->__call('render', Array) #7 /var/www/html/wire/core/Wire.php(383): ProcessWi (line 284 of /var/www/html/site/assets/cache/FileCompiler/site/modules/ProcessBlog/MarkupBlog.module)
2017-09-16 22:03:30	guest	http://159.203.101.212/blog/archives/	Error: 	Uncaught TypeError: Argument 1 passed to MarkupBlog::renderCategories() must be an instance of ProcessWire\PageArray, null given, called in /var/www/html/site/templates/blog-main.inc on line 133 and defined in /var/www/html/site/assets/cache/FileCompiler/site/modules/ProcessBlog/MarkupBlog.module:284 Stack trace: #0 /var/www/html/site/templates/blog-main.inc(133): MarkupBlog->renderCategories(NULL, 3) #1 /var/www/html/site/templates/blog-archives.php(86): require_once('/var/www/html/s...') #2 /var/www/html/wire/core/TemplateFile.php(268): require('/var/www/html/s...') #3 /var/www/html/wire/core/Wire.php(380): ProcessWire\TemplateFile->___render() #4 /var/www/html/wire/core/WireHooks.php(698): ProcessWire\Wire->_callMethod('___render', Array) #5 /var/www/html/wire/core/Wire.php(442): ProcessWire\WireHooks->runHooks(Object(ProcessWire\TemplateFile), 'render', Array) #6 /var/www/html/wire/modules/PageRender.module(514): ProcessWire\Wire->__call('render', Array) #7 /var/www/html/wire/core/Wire.php(383): ProcessWi (line 284 of /var/www/html/site/assets/cache/FileCompiler/site/modules/ProcessBlog/MarkupBlog.module)
2017-09-17 12:49:35	guest	http://159.203.101.212/blog/categories/commercial/	Error: 	Uncaught TypeError: Argument 1 passed to MarkupBlog::renderCategories() must be an instance of ProcessWire\PageArray, null given, called in /var/www/html/site/templates/blog-main.inc on line 133 and defined in /var/www/html/site/assets/cache/FileCompiler/site/modules/ProcessBlog/MarkupBlog.module:284 Stack trace: #0 /var/www/html/site/templates/blog-main.inc(133): MarkupBlog->renderCategories(NULL, 3) #1 /var/www/html/site/templates/blog-category.php(37): require_once('/var/www/html/s...') #2 /var/www/html/wire/core/TemplateFile.php(268): require('/var/www/html/s...') #3 /var/www/html/wire/core/Wire.php(380): ProcessWire\TemplateFile->___render() #4 /var/www/html/wire/core/WireHooks.php(698): ProcessWire\Wire->_callMethod('___render', Array) #5 /var/www/html/wire/core/Wire.php(442): ProcessWire\WireHooks->runHooks(Object(ProcessWire\TemplateFile), 'render', Array) #6 /var/www/html/wire/modules/PageRender.module(514): ProcessWire\Wire->__call('render', Array) #7 /var/www/html/wire/core/Wire.php(383): ProcessWi (line 284 of /var/www/html/site/assets/cache/FileCompiler/site/modules/ProcessBlog/MarkupBlog.module)
2017-09-17 20:43:00	guest	http://159.203.101.212/blog/categories/example-category/	Error: 	Uncaught TypeError: Argument 1 passed to MarkupBlog::renderCategories() must be an instance of ProcessWire\PageArray, null given, called in /var/www/html/site/templates/blog-main.inc on line 133 and defined in /var/www/html/site/assets/cache/FileCompiler/site/modules/ProcessBlog/MarkupBlog.module:284 Stack trace: #0 /var/www/html/site/templates/blog-main.inc(133): MarkupBlog->renderCategories(NULL, 3) #1 /var/www/html/site/templates/blog-category.php(37): require_once('/var/www/html/s...') #2 /var/www/html/wire/core/TemplateFile.php(268): require('/var/www/html/s...') #3 /var/www/html/wire/core/Wire.php(380): ProcessWire\TemplateFile->___render() #4 /var/www/html/wire/core/WireHooks.php(698): ProcessWire\Wire->_callMethod('___render', Array) #5 /var/www/html/wire/core/Wire.php(442): ProcessWire\WireHooks->runHooks(Object(ProcessWire\TemplateFile), 'render', Array) #6 /var/www/html/wire/modules/PageRender.module(514): ProcessWire\Wire->__call('render', Array) #7 /var/www/html/wire/core/Wire.php(383): ProcessWi (line 284 of /var/www/html/site/assets/cache/FileCompiler/site/modules/ProcessBlog/MarkupBlog.module)
2017-09-18 01:06:53	guest	http://159.203.101.212/blog/archives/	Error: 	Uncaught TypeError: Argument 1 passed to MarkupBlog::renderCategories() must be an instance of ProcessWire\PageArray, null given, called in /var/www/html/site/templates/blog-main.inc on line 133 and defined in /var/www/html/site/assets/cache/FileCompiler/site/modules/ProcessBlog/MarkupBlog.module:284 Stack trace: #0 /var/www/html/site/templates/blog-main.inc(133): MarkupBlog->renderCategories(NULL, 3) #1 /var/www/html/site/templates/blog-archives.php(86): require_once('/var/www/html/s...') #2 /var/www/html/wire/core/TemplateFile.php(268): require('/var/www/html/s...') #3 /var/www/html/wire/core/Wire.php(380): ProcessWire\TemplateFile->___render() #4 /var/www/html/wire/core/WireHooks.php(698): ProcessWire\Wire->_callMethod('___render', Array) #5 /var/www/html/wire/core/Wire.php(442): ProcessWire\WireHooks->runHooks(Object(ProcessWire\TemplateFile), 'render', Array) #6 /var/www/html/wire/modules/PageRender.module(514): ProcessWire\Wire->__call('render', Array) #7 /var/www/html/wire/core/Wire.php(383): ProcessWi (line 284 of /var/www/html/site/assets/cache/FileCompiler/site/modules/ProcessBlog/MarkupBlog.module)
2017-09-19 08:18:17	guest	http://159.203.101.212/blog/categories/example-category/	Error: 	Uncaught TypeError: Argument 1 passed to MarkupBlog::renderCategories() must be an instance of ProcessWire\PageArray, null given, called in /var/www/html/site/templates/blog-main.inc on line 133 and defined in /var/www/html/site/assets/cache/FileCompiler/site/modules/ProcessBlog/MarkupBlog.module:284 Stack trace: #0 /var/www/html/site/templates/blog-main.inc(133): MarkupBlog->renderCategories(NULL, 3) #1 /var/www/html/site/templates/blog-category.php(37): require_once('/var/www/html/s...') #2 /var/www/html/wire/core/TemplateFile.php(268): require('/var/www/html/s...') #3 /var/www/html/wire/core/Wire.php(380): ProcessWire\TemplateFile->___render() #4 /var/www/html/wire/core/WireHooks.php(698): ProcessWire\Wire->_callMethod('___render', Array) #5 /var/www/html/wire/core/Wire.php(442): ProcessWire\WireHooks->runHooks(Object(ProcessWire\TemplateFile), 'render', Array) #6 /var/www/html/wire/modules/PageRender.module(514): ProcessWire\Wire->__call('render', Array) #7 /var/www/html/wire/core/Wire.php(383): ProcessWi (line 284 of /var/www/html/site/assets/cache/FileCompiler/site/modules/ProcessBlog/MarkupBlog.module)
2017-09-20 06:19:00	guest	http://159.203.101.212/blog/categories/commercial/	Error: 	Uncaught TypeError: Argument 1 passed to MarkupBlog::renderCategories() must be an instance of ProcessWire\PageArray, null given, called in /var/www/html/site/templates/blog-main.inc on line 133 and defined in /var/www/html/site/assets/cache/FileCompiler/site/modules/ProcessBlog/MarkupBlog.module:284 Stack trace: #0 /var/www/html/site/templates/blog-main.inc(133): MarkupBlog->renderCategories(NULL, 3) #1 /var/www/html/site/templates/blog-category.php(37): require_once('/var/www/html/s...') #2 /var/www/html/wire/core/TemplateFile.php(268): require('/var/www/html/s...') #3 /var/www/html/wire/core/Wire.php(380): ProcessWire\TemplateFile->___render() #4 /var/www/html/wire/core/WireHooks.php(698): ProcessWire\Wire->_callMethod('___render', Array) #5 /var/www/html/wire/core/Wire.php(442): ProcessWire\WireHooks->runHooks(Object(ProcessWire\TemplateFile), 'render', Array) #6 /var/www/html/wire/modules/PageRender.module(514): ProcessWire\Wire->__call('render', Array) #7 /var/www/html/wire/core/Wire.php(383): ProcessWi (line 284 of /var/www/html/site/assets/cache/FileCompiler/site/modules/ProcessBlog/MarkupBlog.module)
2017-09-20 10:12:04	guest	http://159.203.101.212/blog/categories/residential/	Error: 	Uncaught TypeError: Argument 1 passed to MarkupBlog::renderCategories() must be an instance of ProcessWire\PageArray, null given, called in /var/www/html/site/templates/blog-main.inc on line 133 and defined in /var/www/html/site/assets/cache/FileCompiler/site/modules/ProcessBlog/MarkupBlog.module:284 Stack trace: #0 /var/www/html/site/templates/blog-main.inc(133): MarkupBlog->renderCategories(NULL, 3) #1 /var/www/html/site/templates/blog-category.php(37): require_once('/var/www/html/s...') #2 /var/www/html/wire/core/TemplateFile.php(268): require('/var/www/html/s...') #3 /var/www/html/wire/core/Wire.php(380): ProcessWire\TemplateFile->___render() #4 /var/www/html/wire/core/WireHooks.php(698): ProcessWire\Wire->_callMethod('___render', Array) #5 /var/www/html/wire/core/Wire.php(442): ProcessWire\WireHooks->runHooks(Object(ProcessWire\TemplateFile), 'render', Array) #6 /var/www/html/wire/modules/PageRender.module(514): ProcessWire\Wire->__call('render', Array) #7 /var/www/html/wire/core/Wire.php(383): ProcessWi (line 284 of /var/www/html/site/assets/cache/FileCompiler/site/modules/ProcessBlog/MarkupBlog.module)
2017-09-20 21:51:03	guest	http://159.203.101.212/blog/archives/	Error: 	Uncaught TypeError: Argument 1 passed to MarkupBlog::renderCategories() must be an instance of ProcessWire\PageArray, null given, called in /var/www/html/site/templates/blog-main.inc on line 133 and defined in /var/www/html/site/assets/cache/FileCompiler/site/modules/ProcessBlog/MarkupBlog.module:284 Stack trace: #0 /var/www/html/site/templates/blog-main.inc(133): MarkupBlog->renderCategories(NULL, 3) #1 /var/www/html/site/templates/blog-archives.php(86): require_once('/var/www/html/s...') #2 /var/www/html/wire/core/TemplateFile.php(268): require('/var/www/html/s...') #3 /var/www/html/wire/core/Wire.php(380): ProcessWire\TemplateFile->___render() #4 /var/www/html/wire/core/WireHooks.php(698): ProcessWire\Wire->_callMethod('___render', Array) #5 /var/www/html/wire/core/Wire.php(442): ProcessWire\WireHooks->runHooks(Object(ProcessWire\TemplateFile), 'render', Array) #6 /var/www/html/wire/modules/PageRender.module(514): ProcessWire\Wire->__call('render', Array) #7 /var/www/html/wire/core/Wire.php(383): ProcessWi (line 284 of /var/www/html/site/assets/cache/FileCompiler/site/modules/ProcessBlog/MarkupBlog.module)
2017-09-21 10:30:16	guest	http://159.203.101.212/blog/categories/commercial/	Error: 	Uncaught TypeError: Argument 1 passed to MarkupBlog::renderCategories() must be an instance of ProcessWire\PageArray, null given, called in /var/www/html/site/templates/blog-main.inc on line 133 and defined in /var/www/html/site/assets/cache/FileCompiler/site/modules/ProcessBlog/MarkupBlog.module:284 Stack trace: #0 /var/www/html/site/templates/blog-main.inc(133): MarkupBlog->renderCategories(NULL, 3) #1 /var/www/html/site/templates/blog-category.php(37): require_once('/var/www/html/s...') #2 /var/www/html/wire/core/TemplateFile.php(268): require('/var/www/html/s...') #3 /var/www/html/wire/core/Wire.php(380): ProcessWire\TemplateFile->___render() #4 /var/www/html/wire/core/WireHooks.php(698): ProcessWire\Wire->_callMethod('___render', Array) #5 /var/www/html/wire/core/Wire.php(442): ProcessWire\WireHooks->runHooks(Object(ProcessWire\TemplateFile), 'render', Array) #6 /var/www/html/wire/modules/PageRender.module(514): ProcessWire\Wire->__call('render', Array) #7 /var/www/html/wire/core/Wire.php(383): ProcessWi (line 284 of /var/www/html/site/assets/cache/FileCompiler/site/modules/ProcessBlog/MarkupBlog.module)
